2023-05-18 11:57:30 [INFO] [task_scheduler.cc:160] Initializing Task #5: "tir_min_1"
2023-05-18 11:57:30 [INFO] [task_scheduler.cc:35] 
# from tvm.script import ir as I
# from tvm.script import tir as T

@I.ir_module
class Module:
    @T.prim_func
    def main(A: T.Buffer((T.int64(3), T.int64(2560), T.int64(1792)), "float32"), min1: T.Buffer((T.int64(3), T.int64(2560), T.int64(1792)), "float32")):
        T.func_attr({"global_symbol": "main", "op_pattern": 0, "tir.noalias": T.bool(True)})
        # with T.block("root"):
        for c, x, y in T.grid(T.int64(3), T.int64(2560), T.int64(1792)):
            with T.block("min1"):
                v_c, v_x, v_y = T.axis.remap("SSS", [c, x, y])
                T.reads(A[v_c, v_x, v_y])
                T.writes(min1[v_c, v_x, v_y])
                min1[v_c, v_x, v_y] = T.if_then_else(A[v_c, v_x, v_y] < T.float32(1), A[v_c, v_x, v_y], T.float32(1))
2023-05-18 11:57:30 [INFO] [task_scheduler.cc:164] Total 1 design space(s) generated
2023-05-18 11:57:30 [INFO] [task_scheduler.cc:170] Design space #0:
# from tvm.script import ir as I
# from tvm.script import tir as T

@I.ir_module
class Module:
    @T.prim_func
    def main(A: T.Buffer((T.int64(3), T.int64(2560), T.int64(1792)), "float32"), min1: T.Buffer((T.int64(3), T.int64(2560), T.int64(1792)), "float32")):
        T.func_attr({"global_symbol": "main", "op_pattern": 0, "tir.noalias": T.bool(True)})
        # with T.block("root"):
        for c_x_y_fused_1 in T.thread_binding(T.int64(256), thread="blockIdx.x"):
            for c_x_y_fused_2 in T.thread_binding(T.int64(256), thread="threadIdx.x"):
                for c_x_y_fused_0 in range(T.int64(210)):
                    with T.block("min1"):
                        v_c = T.axis.spatial(T.int64(3), (c_x_y_fused_0 * T.int64(65536) + c_x_y_fused_1 * T.int64(256) + c_x_y_fused_2) // T.int64(4587520))
                        v_x = T.axis.spatial(T.int64(2560), (c_x_y_fused_0 * T.int64(65536) + c_x_y_fused_1 * T.int64(256) + c_x_y_fused_2) % T.int64(4587520) // T.int64(1792))
                        v_y = T.axis.spatial(T.int64(1792), (c_x_y_fused_0 * T.int64(65536) + c_x_y_fused_1 * T.int64(256) + c_x_y_fused_2) % T.int64(1792))
                        T.reads(A[v_c, v_x, v_y])
                        T.writes(min1[v_c, v_x, v_y])
                        min1[v_c, v_x, v_y] = T.if_then_else(A[v_c, v_x, v_y] < T.float32(1), A[v_c, v_x, v_y], T.float32(1))
b0 = sch.get_block(name="min1", func_name="main")
l1, l2, l3 = sch.get_loops(block=b0)
l4 = sch.fuse(l1, l2, l3, preserve_unit_iters=True)
l5, l6, l7 = sch.split(loop=l4, factors=[None, 256, 256], preserve_unit_iters=True)
sch.reorder(l6, l7, l5)
sch.bind(loop=l6, thread_axis="blockIdx.x")
sch.bind(loop=l7, thread_axis="threadIdx.x")
2023-05-18 11:58:16 [INFO] [evolutionary_search.cc:713] Generating candidates......
2023-05-18 11:58:16 [INFO] [evolutionary_search.cc:715] Picked top 0 candidate(s) from database
2023-05-18 11:58:17 [INFO] [evolutionary_search.cc:533] Sample-Init-Population summary:
Postproc #0 [meta_schedule.DisallowDynamicLoop(0x600001f67908)]: 0 failure(s)
Postproc #1 [meta_schedule.RewriteCooperativeFetch(0x600001f67888)]: 0 failure(s)
Postproc #2 [meta_schedule.RewriteUnboundBlock(0x600001f67848)]: 0 failure(s)
Postproc #3 [meta_schedule.RewriteParallelVectorizeUnroll(0x600001f677e8)]: 0 failure(s)
Postproc #4 [meta_schedule.RewriteReductionBlock(0x600001f675c8)]: 0 failure(s)
Postproc #5 [meta_schedule.VerifyGPUCode(0x600001490998)]: 0 failure(s)
2023-05-18 11:58:17 [INFO] [evolutionary_search.cc:723] Sampled 512 candidate(s)
2023-05-18 11:58:17 [INFO] [evolutionary_search.cc:621] Evolve iter #0 done. Summary:
Postproc #0 [meta_schedule.DisallowDynamicLoop(0x600001f67908)]: 0 failure(s)
Postproc #1 [meta_schedule.RewriteCooperativeFetch(0x600001f67888)]: 0 failure(s)
Postproc #2 [meta_schedule.RewriteUnboundBlock(0x600001f67848)]: 0 failure(s)
Postproc #3 [meta_schedule.RewriteParallelVectorizeUnroll(0x600001f677e8)]: 0 failure(s)
Postproc #4 [meta_schedule.RewriteReductionBlock(0x600001f675c8)]: 0 failure(s)
Postproc #5 [meta_schedule.VerifyGPUCode(0x600001490998)]: 0 failure(s)
2023-05-18 11:58:17 [INFO] [evolutionary_search.cc:621] Evolve iter #1 done. Summary:
Postproc #0 [meta_schedule.DisallowDynamicLoop(0x600001f67908)]: 0 failure(s)
Postproc #1 [meta_schedule.RewriteCooperativeFetch(0x600001f67888)]: 0 failure(s)
Postproc #2 [meta_schedule.RewriteUnboundBlock(0x600001f67848)]: 0 failure(s)
Postproc #3 [meta_schedule.RewriteParallelVectorizeUnroll(0x600001f677e8)]: 0 failure(s)
Postproc #4 [meta_schedule.RewriteReductionBlock(0x600001f675c8)]: 0 failure(s)
Postproc #5 [meta_schedule.VerifyGPUCode(0x600001490998)]: 0 failure(s)
2023-05-18 11:58:17 [INFO] [evolutionary_search.cc:621] Evolve iter #2 done. Summary:
Postproc #0 [meta_schedule.DisallowDynamicLoop(0x600001f67908)]: 0 failure(s)
Postproc #1 [meta_schedule.RewriteCooperativeFetch(0x600001f67888)]: 0 failure(s)
Postproc #2 [meta_schedule.RewriteUnboundBlock(0x600001f67848)]: 0 failure(s)
Postproc #3 [meta_schedule.RewriteParallelVectorizeUnroll(0x600001f677e8)]: 0 failure(s)
Postproc #4 [meta_schedule.RewriteReductionBlock(0x600001f675c8)]: 0 failure(s)
Postproc #5 [meta_schedule.VerifyGPUCode(0x600001490998)]: 0 failure(s)
2023-05-18 11:58:17 [INFO] [evolutionary_search.cc:621] Evolve iter #3 done. Summary:
Postproc #0 [meta_schedule.DisallowDynamicLoop(0x600001f67908)]: 0 failure(s)
Postproc #1 [meta_schedule.RewriteCooperativeFetch(0x600001f67888)]: 0 failure(s)
Postproc #2 [meta_schedule.RewriteUnboundBlock(0x600001f67848)]: 0 failure(s)
Postproc #3 [meta_schedule.RewriteParallelVectorizeUnroll(0x600001f677e8)]: 0 failure(s)
Postproc #4 [meta_schedule.RewriteReductionBlock(0x600001f675c8)]: 0 failure(s)
Postproc #5 [meta_schedule.VerifyGPUCode(0x600001490998)]: 0 failure(s)
2023-05-18 11:58:17 [INFO] [evolutionary_search.cc:649] Scores of the best 1 candidates:
[1 : 1]:	0.5392
2023-05-18 11:58:17 [INFO] [evolutionary_search.cc:727] Got 1 candidate(s) with evolutionary search
2023-05-18 11:58:17 [INFO] [evolutionary_search.cc:730] Sending 1 candidates(s) for measurement
2023-05-18 12:07:10 [INFO] [task_scheduler.cc:131] [Task #5: tir_min_1] Trial #1: GFLOPs: 0.0000. Time: 1287.6086 us. Best GFLOPs: 0.0000
2023-05-18 18:55:28 [INFO] [evolutionary_search.cc:713] Generating candidates......
2023-05-18 18:55:28 [INFO] [evolutionary_search.cc:715] Picked top 1 candidate(s) from database
2023-05-18 18:55:28 [INFO] [evolutionary_search.cc:533] Sample-Init-Population summary:
Postproc #0 [meta_schedule.DisallowDynamicLoop(0x600001f67908)]: 0 failure(s)
Postproc #1 [meta_schedule.RewriteCooperativeFetch(0x600001f67888)]: 0 failure(s)
Postproc #2 [meta_schedule.RewriteUnboundBlock(0x600001f67848)]: 0 failure(s)
Postproc #3 [meta_schedule.RewriteParallelVectorizeUnroll(0x600001f677e8)]: 0 failure(s)
Postproc #4 [meta_schedule.RewriteReductionBlock(0x600001f675c8)]: 0 failure(s)
Postproc #5 [meta_schedule.VerifyGPUCode(0x600001490998)]: 0 failure(s)
2023-05-18 18:55:28 [INFO] [evolutionary_search.cc:723] Sampled 511 candidate(s)
2023-05-18 18:55:28 [INFO] [evolutionary_search.cc:621] Evolve iter #0 done. Summary:
Postproc #0 [meta_schedule.DisallowDynamicLoop(0x600001f67908)]: 0 failure(s)
Postproc #1 [meta_schedule.RewriteCooperativeFetch(0x600001f67888)]: 0 failure(s)
Postproc #2 [meta_schedule.RewriteUnboundBlock(0x600001f67848)]: 0 failure(s)
Postproc #3 [meta_schedule.RewriteParallelVectorizeUnroll(0x600001f677e8)]: 0 failure(s)
Postproc #4 [meta_schedule.RewriteReductionBlock(0x600001f675c8)]: 0 failure(s)
Postproc #5 [meta_schedule.VerifyGPUCode(0x600001490998)]: 0 failure(s)
2023-05-18 18:55:29 [INFO] [evolutionary_search.cc:621] Evolve iter #1 done. Summary:
Postproc #0 [meta_schedule.DisallowDynamicLoop(0x600001f67908)]: 0 failure(s)
Postproc #1 [meta_schedule.RewriteCooperativeFetch(0x600001f67888)]: 0 failure(s)
Postproc #2 [meta_schedule.RewriteUnboundBlock(0x600001f67848)]: 0 failure(s)
Postproc #3 [meta_schedule.RewriteParallelVectorizeUnroll(0x600001f677e8)]: 0 failure(s)
Postproc #4 [meta_schedule.RewriteReductionBlock(0x600001f675c8)]: 0 failure(s)
Postproc #5 [meta_schedule.VerifyGPUCode(0x600001490998)]: 0 failure(s)
2023-05-18 18:55:29 [INFO] [evolutionary_search.cc:621] Evolve iter #2 done. Summary:
Postproc #0 [meta_schedule.DisallowDynamicLoop(0x600001f67908)]: 0 failure(s)
Postproc #1 [meta_schedule.RewriteCooperativeFetch(0x600001f67888)]: 0 failure(s)
Postproc #2 [meta_schedule.RewriteUnboundBlock(0x600001f67848)]: 0 failure(s)
Postproc #3 [meta_schedule.RewriteParallelVectorizeUnroll(0x600001f677e8)]: 0 failure(s)
Postproc #4 [meta_schedule.RewriteReductionBlock(0x600001f675c8)]: 0 failure(s)
Postproc #5 [meta_schedule.VerifyGPUCode(0x600001490998)]: 0 failure(s)
2023-05-18 18:55:29 [INFO] [evolutionary_search.cc:621] Evolve iter #3 done. Summary:
Postproc #0 [meta_schedule.DisallowDynamicLoop(0x600001f67908)]: 0 failure(s)
Postproc #1 [meta_schedule.RewriteCooperativeFetch(0x600001f67888)]: 0 failure(s)
Postproc #2 [meta_schedule.RewriteUnboundBlock(0x600001f67848)]: 0 failure(s)
Postproc #3 [meta_schedule.RewriteParallelVectorizeUnroll(0x600001f677e8)]: 0 failure(s)
Postproc #4 [meta_schedule.RewriteReductionBlock(0x600001f675c8)]: 0 failure(s)
Postproc #5 [meta_schedule.VerifyGPUCode(0x600001490998)]: 0 failure(s)
2023-05-18 18:55:30 [INFO] [evolutionary_search.cc:649] Scores of the best 0 candidates:
2023-05-18 18:55:30 [INFO] [evolutionary_search.cc:727] Got 0 candidate(s) with evolutionary search
2023-05-18 18:55:30 [INFO] [evolutionary_search.cc:730] Sending 0 candidates(s) for measurement
2023-05-18 18:57:16 [INFO] [evolutionary_search.cc:713] Generating candidates......
2023-05-18 18:57:16 [INFO] [evolutionary_search.cc:715] Picked top 1 candidate(s) from database
2023-05-18 18:57:16 [INFO] [evolutionary_search.cc:533] Sample-Init-Population summary:
Postproc #0 [meta_schedule.DisallowDynamicLoop(0x600001f67908)]: 0 failure(s)
Postproc #1 [meta_schedule.RewriteCooperativeFetch(0x600001f67888)]: 0 failure(s)
Postproc #2 [meta_schedule.RewriteUnboundBlock(0x600001f67848)]: 0 failure(s)
Postproc #3 [meta_schedule.RewriteParallelVectorizeUnroll(0x600001f677e8)]: 0 failure(s)
Postproc #4 [meta_schedule.RewriteReductionBlock(0x600001f675c8)]: 0 failure(s)
Postproc #5 [meta_schedule.VerifyGPUCode(0x600001490998)]: 0 failure(s)
2023-05-18 18:57:16 [INFO] [evolutionary_search.cc:723] Sampled 511 candidate(s)
2023-05-18 18:57:17 [INFO] [evolutionary_search.cc:621] Evolve iter #0 done. Summary:
Postproc #0 [meta_schedule.DisallowDynamicLoop(0x600001f67908)]: 0 failure(s)
Postproc #1 [meta_schedule.RewriteCooperativeFetch(0x600001f67888)]: 0 failure(s)
Postproc #2 [meta_schedule.RewriteUnboundBlock(0x600001f67848)]: 0 failure(s)
Postproc #3 [meta_schedule.RewriteParallelVectorizeUnroll(0x600001f677e8)]: 0 failure(s)
Postproc #4 [meta_schedule.RewriteReductionBlock(0x600001f675c8)]: 0 failure(s)
Postproc #5 [meta_schedule.VerifyGPUCode(0x600001490998)]: 0 failure(s)
2023-05-18 18:57:17 [INFO] [evolutionary_search.cc:621] Evolve iter #1 done. Summary:
Postproc #0 [meta_schedule.DisallowDynamicLoop(0x600001f67908)]: 0 failure(s)
Postproc #1 [meta_schedule.RewriteCooperativeFetch(0x600001f67888)]: 0 failure(s)
Postproc #2 [meta_schedule.RewriteUnboundBlock(0x600001f67848)]: 0 failure(s)
Postproc #3 [meta_schedule.RewriteParallelVectorizeUnroll(0x600001f677e8)]: 0 failure(s)
Postproc #4 [meta_schedule.RewriteReductionBlock(0x600001f675c8)]: 0 failure(s)
Postproc #5 [meta_schedule.VerifyGPUCode(0x600001490998)]: 0 failure(s)
2023-05-18 18:57:17 [INFO] [evolutionary_search.cc:621] Evolve iter #2 done. Summary:
Postproc #0 [meta_schedule.DisallowDynamicLoop(0x600001f67908)]: 0 failure(s)
Postproc #1 [meta_schedule.RewriteCooperativeFetch(0x600001f67888)]: 0 failure(s)
Postproc #2 [meta_schedule.RewriteUnboundBlock(0x600001f67848)]: 0 failure(s)
Postproc #3 [meta_schedule.RewriteParallelVectorizeUnroll(0x600001f677e8)]: 0 failure(s)
Postproc #4 [meta_schedule.RewriteReductionBlock(0x600001f675c8)]: 0 failure(s)
Postproc #5 [meta_schedule.VerifyGPUCode(0x600001490998)]: 0 failure(s)
2023-05-18 18:57:18 [INFO] [evolutionary_search.cc:621] Evolve iter #3 done. Summary:
Postproc #0 [meta_schedule.DisallowDynamicLoop(0x600001f67908)]: 0 failure(s)
Postproc #1 [meta_schedule.RewriteCooperativeFetch(0x600001f67888)]: 0 failure(s)
Postproc #2 [meta_schedule.RewriteUnboundBlock(0x600001f67848)]: 0 failure(s)
Postproc #3 [meta_schedule.RewriteParallelVectorizeUnroll(0x600001f677e8)]: 0 failure(s)
Postproc #4 [meta_schedule.RewriteReductionBlock(0x600001f675c8)]: 0 failure(s)
Postproc #5 [meta_schedule.VerifyGPUCode(0x600001490998)]: 0 failure(s)
2023-05-18 18:57:18 [INFO] [evolutionary_search.cc:649] Scores of the best 0 candidates:
2023-05-18 18:57:18 [INFO] [evolutionary_search.cc:727] Got 0 candidate(s) with evolutionary search
2023-05-18 18:57:18 [INFO] [evolutionary_search.cc:730] Sending 0 candidates(s) for measurement
2023-05-18 18:57:27 [INFO] [evolutionary_search.cc:713] Generating candidates......
2023-05-18 18:57:27 [INFO] [evolutionary_search.cc:715] Picked top 1 candidate(s) from database
2023-05-18 18:57:27 [INFO] [evolutionary_search.cc:533] Sample-Init-Population summary:
Postproc #0 [meta_schedule.DisallowDynamicLoop(0x600001f67908)]: 0 failure(s)
Postproc #1 [meta_schedule.RewriteCooperativeFetch(0x600001f67888)]: 0 failure(s)
Postproc #2 [meta_schedule.RewriteUnboundBlock(0x600001f67848)]: 0 failure(s)
Postproc #3 [meta_schedule.RewriteParallelVectorizeUnroll(0x600001f677e8)]: 0 failure(s)
Postproc #4 [meta_schedule.RewriteReductionBlock(0x600001f675c8)]: 0 failure(s)
Postproc #5 [meta_schedule.VerifyGPUCode(0x600001490998)]: 0 failure(s)
2023-05-18 18:57:27 [INFO] [evolutionary_search.cc:723] Sampled 511 candidate(s)
2023-05-18 18:57:28 [INFO] [evolutionary_search.cc:621] Evolve iter #0 done. Summary:
Postproc #0 [meta_schedule.DisallowDynamicLoop(0x600001f67908)]: 0 failure(s)
Postproc #1 [meta_schedule.RewriteCooperativeFetch(0x600001f67888)]: 0 failure(s)
Postproc #2 [meta_schedule.RewriteUnboundBlock(0x600001f67848)]: 0 failure(s)
Postproc #3 [meta_schedule.RewriteParallelVectorizeUnroll(0x600001f677e8)]: 0 failure(s)
Postproc #4 [meta_schedule.RewriteReductionBlock(0x600001f675c8)]: 0 failure(s)
Postproc #5 [meta_schedule.VerifyGPUCode(0x600001490998)]: 0 failure(s)
2023-05-18 18:57:28 [INFO] [evolutionary_search.cc:621] Evolve iter #1 done. Summary:
Postproc #0 [meta_schedule.DisallowDynamicLoop(0x600001f67908)]: 0 failure(s)
Postproc #1 [meta_schedule.RewriteCooperativeFetch(0x600001f67888)]: 0 failure(s)
Postproc #2 [meta_schedule.RewriteUnboundBlock(0x600001f67848)]: 0 failure(s)
Postproc #3 [meta_schedule.RewriteParallelVectorizeUnroll(0x600001f677e8)]: 0 failure(s)
Postproc #4 [meta_schedule.RewriteReductionBlock(0x600001f675c8)]: 0 failure(s)
Postproc #5 [meta_schedule.VerifyGPUCode(0x600001490998)]: 0 failure(s)
2023-05-18 18:57:28 [INFO] [evolutionary_search.cc:621] Evolve iter #2 done. Summary:
Postproc #0 [meta_schedule.DisallowDynamicLoop(0x600001f67908)]: 0 failure(s)
Postproc #1 [meta_schedule.RewriteCooperativeFetch(0x600001f67888)]: 0 failure(s)
Postproc #2 [meta_schedule.RewriteUnboundBlock(0x600001f67848)]: 0 failure(s)
Postproc #3 [meta_schedule.RewriteParallelVectorizeUnroll(0x600001f677e8)]: 0 failure(s)
Postproc #4 [meta_schedule.RewriteReductionBlock(0x600001f675c8)]: 0 failure(s)
Postproc #5 [meta_schedule.VerifyGPUCode(0x600001490998)]: 0 failure(s)
2023-05-18 18:57:29 [INFO] [evolutionary_search.cc:621] Evolve iter #3 done. Summary:
Postproc #0 [meta_schedule.DisallowDynamicLoop(0x600001f67908)]: 0 failure(s)
Postproc #1 [meta_schedule.RewriteCooperativeFetch(0x600001f67888)]: 0 failure(s)
Postproc #2 [meta_schedule.RewriteUnboundBlock(0x600001f67848)]: 0 failure(s)
Postproc #3 [meta_schedule.RewriteParallelVectorizeUnroll(0x600001f677e8)]: 0 failure(s)
Postproc #4 [meta_schedule.RewriteReductionBlock(0x600001f675c8)]: 0 failure(s)
Postproc #5 [meta_schedule.VerifyGPUCode(0x600001490998)]: 0 failure(s)
2023-05-18 18:57:29 [INFO] [evolutionary_search.cc:649] Scores of the best 0 candidates:
2023-05-18 18:57:29 [INFO] [evolutionary_search.cc:727] Got 0 candidate(s) with evolutionary search
2023-05-18 18:57:29 [INFO] [evolutionary_search.cc:730] Sending 0 candidates(s) for measurement
2023-05-18 18:59:36 [INFO] [evolutionary_search.cc:713] Generating candidates......
2023-05-18 18:59:36 [INFO] [evolutionary_search.cc:715] Picked top 1 candidate(s) from database
2023-05-18 18:59:36 [INFO] [evolutionary_search.cc:533] Sample-Init-Population summary:
Postproc #0 [meta_schedule.DisallowDynamicLoop(0x600001f67908)]: 0 failure(s)
Postproc #1 [meta_schedule.RewriteCooperativeFetch(0x600001f67888)]: 0 failure(s)
Postproc #2 [meta_schedule.RewriteUnboundBlock(0x600001f67848)]: 0 failure(s)
Postproc #3 [meta_schedule.RewriteParallelVectorizeUnroll(0x600001f677e8)]: 0 failure(s)
Postproc #4 [meta_schedule.RewriteReductionBlock(0x600001f675c8)]: 0 failure(s)
Postproc #5 [meta_schedule.VerifyGPUCode(0x600001490998)]: 0 failure(s)
2023-05-18 18:59:36 [INFO] [evolutionary_search.cc:723] Sampled 511 candidate(s)
2023-05-18 18:59:36 [INFO] [evolutionary_search.cc:621] Evolve iter #0 done. Summary:
Postproc #0 [meta_schedule.DisallowDynamicLoop(0x600001f67908)]: 0 failure(s)
Postproc #1 [meta_schedule.RewriteCooperativeFetch(0x600001f67888)]: 0 failure(s)
Postproc #2 [meta_schedule.RewriteUnboundBlock(0x600001f67848)]: 0 failure(s)
Postproc #3 [meta_schedule.RewriteParallelVectorizeUnroll(0x600001f677e8)]: 0 failure(s)
Postproc #4 [meta_schedule.RewriteReductionBlock(0x600001f675c8)]: 0 failure(s)
Postproc #5 [meta_schedule.VerifyGPUCode(0x600001490998)]: 0 failure(s)
2023-05-18 18:59:37 [INFO] [evolutionary_search.cc:621] Evolve iter #1 done. Summary:
Postproc #0 [meta_schedule.DisallowDynamicLoop(0x600001f67908)]: 0 failure(s)
Postproc #1 [meta_schedule.RewriteCooperativeFetch(0x600001f67888)]: 0 failure(s)
Postproc #2 [meta_schedule.RewriteUnboundBlock(0x600001f67848)]: 0 failure(s)
Postproc #3 [meta_schedule.RewriteParallelVectorizeUnroll(0x600001f677e8)]: 0 failure(s)
Postproc #4 [meta_schedule.RewriteReductionBlock(0x600001f675c8)]: 0 failure(s)
Postproc #5 [meta_schedule.VerifyGPUCode(0x600001490998)]: 0 failure(s)
2023-05-18 18:59:37 [INFO] [evolutionary_search.cc:621] Evolve iter #2 done. Summary:
Postproc #0 [meta_schedule.DisallowDynamicLoop(0x600001f67908)]: 0 failure(s)
Postproc #1 [meta_schedule.RewriteCooperativeFetch(0x600001f67888)]: 0 failure(s)
Postproc #2 [meta_schedule.RewriteUnboundBlock(0x600001f67848)]: 0 failure(s)
Postproc #3 [meta_schedule.RewriteParallelVectorizeUnroll(0x600001f677e8)]: 0 failure(s)
Postproc #4 [meta_schedule.RewriteReductionBlock(0x600001f675c8)]: 0 failure(s)
Postproc #5 [meta_schedule.VerifyGPUCode(0x600001490998)]: 0 failure(s)
2023-05-18 18:59:37 [INFO] [evolutionary_search.cc:621] Evolve iter #3 done. Summary:
Postproc #0 [meta_schedule.DisallowDynamicLoop(0x600001f67908)]: 0 failure(s)
Postproc #1 [meta_schedule.RewriteCooperativeFetch(0x600001f67888)]: 0 failure(s)
Postproc #2 [meta_schedule.RewriteUnboundBlock(0x600001f67848)]: 0 failure(s)
Postproc #3 [meta_schedule.RewriteParallelVectorizeUnroll(0x600001f677e8)]: 0 failure(s)
Postproc #4 [meta_schedule.RewriteReductionBlock(0x600001f675c8)]: 0 failure(s)
Postproc #5 [meta_schedule.VerifyGPUCode(0x600001490998)]: 0 failure(s)
2023-05-18 18:59:38 [INFO] [evolutionary_search.cc:649] Scores of the best 0 candidates:
2023-05-18 18:59:38 [INFO] [evolutionary_search.cc:727] Got 0 candidate(s) with evolutionary search
2023-05-18 18:59:38 [INFO] [evolutionary_search.cc:730] Sending 0 candidates(s) for measurement
2023-05-18 19:01:04 [INFO] [evolutionary_search.cc:713] Generating candidates......
2023-05-18 19:01:04 [INFO] [evolutionary_search.cc:715] Picked top 1 candidate(s) from database
2023-05-18 19:01:04 [INFO] [evolutionary_search.cc:533] Sample-Init-Population summary:
Postproc #0 [meta_schedule.DisallowDynamicLoop(0x600001f67908)]: 0 failure(s)
Postproc #1 [meta_schedule.RewriteCooperativeFetch(0x600001f67888)]: 0 failure(s)
Postproc #2 [meta_schedule.RewriteUnboundBlock(0x600001f67848)]: 0 failure(s)
Postproc #3 [meta_schedule.RewriteParallelVectorizeUnroll(0x600001f677e8)]: 0 failure(s)
Postproc #4 [meta_schedule.RewriteReductionBlock(0x600001f675c8)]: 0 failure(s)
Postproc #5 [meta_schedule.VerifyGPUCode(0x600001490998)]: 0 failure(s)
2023-05-18 19:01:04 [INFO] [evolutionary_search.cc:723] Sampled 511 candidate(s)
2023-05-18 19:01:05 [INFO] [evolutionary_search.cc:621] Evolve iter #0 done. Summary:
Postproc #0 [meta_schedule.DisallowDynamicLoop(0x600001f67908)]: 0 failure(s)
Postproc #1 [meta_schedule.RewriteCooperativeFetch(0x600001f67888)]: 0 failure(s)
Postproc #2 [meta_schedule.RewriteUnboundBlock(0x600001f67848)]: 0 failure(s)
Postproc #3 [meta_schedule.RewriteParallelVectorizeUnroll(0x600001f677e8)]: 0 failure(s)
Postproc #4 [meta_schedule.RewriteReductionBlock(0x600001f675c8)]: 0 failure(s)
Postproc #5 [meta_schedule.VerifyGPUCode(0x600001490998)]: 0 failure(s)
2023-05-18 19:01:05 [INFO] [evolutionary_search.cc:621] Evolve iter #1 done. Summary:
Postproc #0 [meta_schedule.DisallowDynamicLoop(0x600001f67908)]: 0 failure(s)
Postproc #1 [meta_schedule.RewriteCooperativeFetch(0x600001f67888)]: 0 failure(s)
Postproc #2 [meta_schedule.RewriteUnboundBlock(0x600001f67848)]: 0 failure(s)
Postproc #3 [meta_schedule.RewriteParallelVectorizeUnroll(0x600001f677e8)]: 0 failure(s)
Postproc #4 [meta_schedule.RewriteReductionBlock(0x600001f675c8)]: 0 failure(s)
Postproc #5 [meta_schedule.VerifyGPUCode(0x600001490998)]: 0 failure(s)
2023-05-18 19:01:05 [INFO] [evolutionary_search.cc:621] Evolve iter #2 done. Summary:
Postproc #0 [meta_schedule.DisallowDynamicLoop(0x600001f67908)]: 0 failure(s)
Postproc #1 [meta_schedule.RewriteCooperativeFetch(0x600001f67888)]: 0 failure(s)
Postproc #2 [meta_schedule.RewriteUnboundBlock(0x600001f67848)]: 0 failure(s)
Postproc #3 [meta_schedule.RewriteParallelVectorizeUnroll(0x600001f677e8)]: 0 failure(s)
Postproc #4 [meta_schedule.RewriteReductionBlock(0x600001f675c8)]: 0 failure(s)
Postproc #5 [meta_schedule.VerifyGPUCode(0x600001490998)]: 0 failure(s)
2023-05-18 19:01:06 [INFO] [evolutionary_search.cc:621] Evolve iter #3 done. Summary:
Postproc #0 [meta_schedule.DisallowDynamicLoop(0x600001f67908)]: 0 failure(s)
Postproc #1 [meta_schedule.RewriteCooperativeFetch(0x600001f67888)]: 0 failure(s)
Postproc #2 [meta_schedule.RewriteUnboundBlock(0x600001f67848)]: 0 failure(s)
Postproc #3 [meta_schedule.RewriteParallelVectorizeUnroll(0x600001f677e8)]: 0 failure(s)
Postproc #4 [meta_schedule.RewriteReductionBlock(0x600001f675c8)]: 0 failure(s)
Postproc #5 [meta_schedule.VerifyGPUCode(0x600001490998)]: 0 failure(s)
2023-05-18 19:01:06 [INFO] [evolutionary_search.cc:649] Scores of the best 0 candidates:
2023-05-18 19:01:06 [INFO] [evolutionary_search.cc:727] Got 0 candidate(s) with evolutionary search
2023-05-18 19:01:06 [INFO] [evolutionary_search.cc:730] Sending 0 candidates(s) for measurement
