2023-05-18 11:57:31 [INFO] [task_scheduler.cc:160] Initializing Task #24: "tir_transpose"
2023-05-18 11:57:31 [INFO] [task_scheduler.cc:35] 
# from tvm.script import ir as I
# from tvm.script import tir as T

@I.ir_module
class Module:
    @T.prim_func
    def main(A: T.Buffer((T.int64(3), T.int64(2560), T.int64(1792)), "float32"), transpose: T.Buffer((T.int64(2560), T.int64(1792), T.int64(3)), "float32")):
        T.func_attr({"global_symbol": "main", "op_pattern": 2, "tir.noalias": T.bool(True)})
        # with T.block("root"):
        for x, y, c in T.grid(T.int64(2560), T.int64(1792), T.int64(3)):
            with T.block("transpose"):
                v_x, v_y, v_c = T.axis.remap("SSS", [x, y, c])
                T.reads(A[v_c, v_x, v_y])
                T.writes(transpose[v_x, v_y, v_c])
                transpose[v_x, v_y, v_c] = A[v_c, v_x, v_y]
2023-05-18 11:57:31 [INFO] [task_scheduler.cc:164] Total 1 design space(s) generated
2023-05-18 11:57:31 [INFO] [task_scheduler.cc:170] Design space #0:
# from tvm.script import ir as I
# from tvm.script import tir as T

@I.ir_module
class Module:
    @T.prim_func
    def main(A: T.Buffer((T.int64(3), T.int64(2560), T.int64(1792)), "float32"), transpose: T.Buffer((T.int64(2560), T.int64(1792), T.int64(3)), "float32")):
        T.func_attr({"global_symbol": "main", "op_pattern": 2, "tir.noalias": T.bool(True)})
        # with T.block("root"):
        for x_y_c_fused_1 in T.thread_binding(T.int64(256), thread="blockIdx.x"):
            for x_y_c_fused_2 in T.thread_binding(T.int64(256), thread="threadIdx.x"):
                for x_y_c_fused_0 in range(T.int64(210)):
                    with T.block("transpose"):
                        v_x = T.axis.spatial(T.int64(2560), (x_y_c_fused_0 * T.int64(65536) + x_y_c_fused_1 * T.int64(256) + x_y_c_fused_2) // T.int64(5376))
                        v_y = T.axis.spatial(T.int64(1792), (x_y_c_fused_0 * T.int64(65536) + x_y_c_fused_1 * T.int64(256) + x_y_c_fused_2) % T.int64(5376) // T.int64(3))
                        v_c = T.axis.spatial(T.int64(3), (x_y_c_fused_0 * T.int64(65536) + x_y_c_fused_1 * T.int64(256) + x_y_c_fused_2) % T.int64(3))
                        T.reads(A[v_c, v_x, v_y])
                        T.writes(transpose[v_x, v_y, v_c])
                        transpose[v_x, v_y, v_c] = A[v_c, v_x, v_y]
b0 = sch.get_block(name="transpose", func_name="main")
l1, l2, l3 = sch.get_loops(block=b0)
l4 = sch.fuse(l1, l2, l3, preserve_unit_iters=True)
l5, l6, l7 = sch.split(loop=l4, factors=[None, 256, 256], preserve_unit_iters=True)
sch.reorder(l6, l7, l5)
sch.bind(loop=l6, thread_axis="blockIdx.x")
sch.bind(loop=l7, thread_axis="threadIdx.x")
2023-05-18 12:07:09 [INFO] [evolutionary_search.cc:713] Generating candidates......
2023-05-18 12:07:09 [INFO] [evolutionary_search.cc:715] Picked top 0 candidate(s) from database
2023-05-18 12:07:09 [INFO] [evolutionary_search.cc:533] Sample-Init-Population summary:
Postproc #0 [meta_schedule.DisallowDynamicLoop(0x600001fff368)]: 0 failure(s)
Postproc #1 [meta_schedule.RewriteCooperativeFetch(0x600001ffeb68)]: 0 failure(s)
Postproc #2 [meta_schedule.RewriteUnboundBlock(0x600001ffe968)]: 0 failure(s)
Postproc #3 [meta_schedule.RewriteParallelVectorizeUnroll(0x600001ffe048)]: 0 failure(s)
Postproc #4 [meta_schedule.RewriteReductionBlock(0x600001fff048)]: 0 failure(s)
Postproc #5 [meta_schedule.VerifyGPUCode(0x6000014985d8)]: 0 failure(s)
2023-05-18 12:07:09 [INFO] [evolutionary_search.cc:723] Sampled 512 candidate(s)
2023-05-18 12:07:09 [INFO] [evolutionary_search.cc:621] Evolve iter #0 done. Summary:
Postproc #0 [meta_schedule.DisallowDynamicLoop(0x600001fff368)]: 0 failure(s)
Postproc #1 [meta_schedule.RewriteCooperativeFetch(0x600001ffeb68)]: 0 failure(s)
Postproc #2 [meta_schedule.RewriteUnboundBlock(0x600001ffe968)]: 0 failure(s)
Postproc #3 [meta_schedule.RewriteParallelVectorizeUnroll(0x600001ffe048)]: 0 failure(s)
Postproc #4 [meta_schedule.RewriteReductionBlock(0x600001fff048)]: 0 failure(s)
Postproc #5 [meta_schedule.VerifyGPUCode(0x6000014985d8)]: 0 failure(s)
2023-05-18 12:07:09 [INFO] [evolutionary_search.cc:621] Evolve iter #1 done. Summary:
Postproc #0 [meta_schedule.DisallowDynamicLoop(0x600001fff368)]: 0 failure(s)
Postproc #1 [meta_schedule.RewriteCooperativeFetch(0x600001ffeb68)]: 0 failure(s)
Postproc #2 [meta_schedule.RewriteUnboundBlock(0x600001ffe968)]: 0 failure(s)
Postproc #3 [meta_schedule.RewriteParallelVectorizeUnroll(0x600001ffe048)]: 0 failure(s)
Postproc #4 [meta_schedule.RewriteReductionBlock(0x600001fff048)]: 0 failure(s)
Postproc #5 [meta_schedule.VerifyGPUCode(0x6000014985d8)]: 0 failure(s)
2023-05-18 12:07:09 [INFO] [evolutionary_search.cc:621] Evolve iter #2 done. Summary:
Postproc #0 [meta_schedule.DisallowDynamicLoop(0x600001fff368)]: 0 failure(s)
Postproc #1 [meta_schedule.RewriteCooperativeFetch(0x600001ffeb68)]: 0 failure(s)
Postproc #2 [meta_schedule.RewriteUnboundBlock(0x600001ffe968)]: 0 failure(s)
Postproc #3 [meta_schedule.RewriteParallelVectorizeUnroll(0x600001ffe048)]: 0 failure(s)
Postproc #4 [meta_schedule.RewriteReductionBlock(0x600001fff048)]: 0 failure(s)
Postproc #5 [meta_schedule.VerifyGPUCode(0x6000014985d8)]: 0 failure(s)
2023-05-18 12:07:09 [INFO] [evolutionary_search.cc:621] Evolve iter #3 done. Summary:
Postproc #0 [meta_schedule.DisallowDynamicLoop(0x600001fff368)]: 0 failure(s)
Postproc #1 [meta_schedule.RewriteCooperativeFetch(0x600001ffeb68)]: 0 failure(s)
Postproc #2 [meta_schedule.RewriteUnboundBlock(0x600001ffe968)]: 0 failure(s)
Postproc #3 [meta_schedule.RewriteParallelVectorizeUnroll(0x600001ffe048)]: 0 failure(s)
Postproc #4 [meta_schedule.RewriteReductionBlock(0x600001fff048)]: 0 failure(s)
Postproc #5 [meta_schedule.VerifyGPUCode(0x6000014985d8)]: 0 failure(s)
2023-05-18 12:07:09 [INFO] [evolutionary_search.cc:649] Scores of the best 1 candidates:
[1 : 1]:	0.1884
2023-05-18 12:07:09 [INFO] [evolutionary_search.cc:727] Got 1 candidate(s) with evolutionary search
2023-05-18 12:07:09 [INFO] [evolutionary_search.cc:730] Sending 1 candidates(s) for measurement
2023-05-18 13:26:22 [INFO] [task_scheduler.cc:131] [Task #24: tir_transpose] Trial #1: GFLOPs: 0.0000. Time: 2306.0511 us. Best GFLOPs: 0.0000
2023-05-18 18:38:21 [INFO] [evolutionary_search.cc:713] Generating candidates......
2023-05-18 18:38:21 [INFO] [evolutionary_search.cc:715] Picked top 1 candidate(s) from database
2023-05-18 18:38:21 [INFO] [evolutionary_search.cc:533] Sample-Init-Population summary:
Postproc #0 [meta_schedule.DisallowDynamicLoop(0x600001fff368)]: 0 failure(s)
Postproc #1 [meta_schedule.RewriteCooperativeFetch(0x600001ffeb68)]: 0 failure(s)
Postproc #2 [meta_schedule.RewriteUnboundBlock(0x600001ffe968)]: 0 failure(s)
Postproc #3 [meta_schedule.RewriteParallelVectorizeUnroll(0x600001ffe048)]: 0 failure(s)
Postproc #4 [meta_schedule.RewriteReductionBlock(0x600001fff048)]: 0 failure(s)
Postproc #5 [meta_schedule.VerifyGPUCode(0x6000014985d8)]: 0 failure(s)
2023-05-18 18:38:21 [INFO] [evolutionary_search.cc:723] Sampled 511 candidate(s)
2023-05-18 18:38:22 [INFO] [evolutionary_search.cc:621] Evolve iter #0 done. Summary:
Postproc #0 [meta_schedule.DisallowDynamicLoop(0x600001fff368)]: 0 failure(s)
Postproc #1 [meta_schedule.RewriteCooperativeFetch(0x600001ffeb68)]: 0 failure(s)
Postproc #2 [meta_schedule.RewriteUnboundBlock(0x600001ffe968)]: 0 failure(s)
Postproc #3 [meta_schedule.RewriteParallelVectorizeUnroll(0x600001ffe048)]: 0 failure(s)
Postproc #4 [meta_schedule.RewriteReductionBlock(0x600001fff048)]: 0 failure(s)
Postproc #5 [meta_schedule.VerifyGPUCode(0x6000014985d8)]: 0 failure(s)
2023-05-18 18:38:22 [INFO] [evolutionary_search.cc:621] Evolve iter #1 done. Summary:
Postproc #0 [meta_schedule.DisallowDynamicLoop(0x600001fff368)]: 0 failure(s)
Postproc #1 [meta_schedule.RewriteCooperativeFetch(0x600001ffeb68)]: 0 failure(s)
Postproc #2 [meta_schedule.RewriteUnboundBlock(0x600001ffe968)]: 0 failure(s)
Postproc #3 [meta_schedule.RewriteParallelVectorizeUnroll(0x600001ffe048)]: 0 failure(s)
Postproc #4 [meta_schedule.RewriteReductionBlock(0x600001fff048)]: 0 failure(s)
Postproc #5 [meta_schedule.VerifyGPUCode(0x6000014985d8)]: 0 failure(s)
2023-05-18 18:38:22 [INFO] [evolutionary_search.cc:621] Evolve iter #2 done. Summary:
Postproc #0 [meta_schedule.DisallowDynamicLoop(0x600001fff368)]: 0 failure(s)
Postproc #1 [meta_schedule.RewriteCooperativeFetch(0x600001ffeb68)]: 0 failure(s)
Postproc #2 [meta_schedule.RewriteUnboundBlock(0x600001ffe968)]: 0 failure(s)
Postproc #3 [meta_schedule.RewriteParallelVectorizeUnroll(0x600001ffe048)]: 0 failure(s)
Postproc #4 [meta_schedule.RewriteReductionBlock(0x600001fff048)]: 0 failure(s)
Postproc #5 [meta_schedule.VerifyGPUCode(0x6000014985d8)]: 0 failure(s)
2023-05-18 18:38:23 [INFO] [evolutionary_search.cc:621] Evolve iter #3 done. Summary:
Postproc #0 [meta_schedule.DisallowDynamicLoop(0x600001fff368)]: 0 failure(s)
Postproc #1 [meta_schedule.RewriteCooperativeFetch(0x600001ffeb68)]: 0 failure(s)
Postproc #2 [meta_schedule.RewriteUnboundBlock(0x600001ffe968)]: 0 failure(s)
Postproc #3 [meta_schedule.RewriteParallelVectorizeUnroll(0x600001ffe048)]: 0 failure(s)
Postproc #4 [meta_schedule.RewriteReductionBlock(0x600001fff048)]: 0 failure(s)
Postproc #5 [meta_schedule.VerifyGPUCode(0x6000014985d8)]: 0 failure(s)
2023-05-18 18:38:23 [INFO] [evolutionary_search.cc:649] Scores of the best 0 candidates:
2023-05-18 18:38:23 [INFO] [evolutionary_search.cc:727] Got 0 candidate(s) with evolutionary search
2023-05-18 18:38:23 [INFO] [evolutionary_search.cc:730] Sending 0 candidates(s) for measurement
2023-05-18 18:57:09 [INFO] [evolutionary_search.cc:713] Generating candidates......
2023-05-18 18:57:09 [INFO] [evolutionary_search.cc:715] Picked top 1 candidate(s) from database
2023-05-18 18:57:09 [INFO] [evolutionary_search.cc:533] Sample-Init-Population summary:
Postproc #0 [meta_schedule.DisallowDynamicLoop(0x600001fff368)]: 0 failure(s)
Postproc #1 [meta_schedule.RewriteCooperativeFetch(0x600001ffeb68)]: 0 failure(s)
Postproc #2 [meta_schedule.RewriteUnboundBlock(0x600001ffe968)]: 0 failure(s)
Postproc #3 [meta_schedule.RewriteParallelVectorizeUnroll(0x600001ffe048)]: 0 failure(s)
Postproc #4 [meta_schedule.RewriteReductionBlock(0x600001fff048)]: 0 failure(s)
Postproc #5 [meta_schedule.VerifyGPUCode(0x6000014985d8)]: 0 failure(s)
2023-05-18 18:57:09 [INFO] [evolutionary_search.cc:723] Sampled 511 candidate(s)
2023-05-18 18:57:09 [INFO] [evolutionary_search.cc:621] Evolve iter #0 done. Summary:
Postproc #0 [meta_schedule.DisallowDynamicLoop(0x600001fff368)]: 0 failure(s)
Postproc #1 [meta_schedule.RewriteCooperativeFetch(0x600001ffeb68)]: 0 failure(s)
Postproc #2 [meta_schedule.RewriteUnboundBlock(0x600001ffe968)]: 0 failure(s)
Postproc #3 [meta_schedule.RewriteParallelVectorizeUnroll(0x600001ffe048)]: 0 failure(s)
Postproc #4 [meta_schedule.RewriteReductionBlock(0x600001fff048)]: 0 failure(s)
Postproc #5 [meta_schedule.VerifyGPUCode(0x6000014985d8)]: 0 failure(s)
2023-05-18 18:57:10 [INFO] [evolutionary_search.cc:621] Evolve iter #1 done. Summary:
Postproc #0 [meta_schedule.DisallowDynamicLoop(0x600001fff368)]: 0 failure(s)
Postproc #1 [meta_schedule.RewriteCooperativeFetch(0x600001ffeb68)]: 0 failure(s)
Postproc #2 [meta_schedule.RewriteUnboundBlock(0x600001ffe968)]: 0 failure(s)
Postproc #3 [meta_schedule.RewriteParallelVectorizeUnroll(0x600001ffe048)]: 0 failure(s)
Postproc #4 [meta_schedule.RewriteReductionBlock(0x600001fff048)]: 0 failure(s)
Postproc #5 [meta_schedule.VerifyGPUCode(0x6000014985d8)]: 0 failure(s)
2023-05-18 18:57:10 [INFO] [evolutionary_search.cc:621] Evolve iter #2 done. Summary:
Postproc #0 [meta_schedule.DisallowDynamicLoop(0x600001fff368)]: 0 failure(s)
Postproc #1 [meta_schedule.RewriteCooperativeFetch(0x600001ffeb68)]: 0 failure(s)
Postproc #2 [meta_schedule.RewriteUnboundBlock(0x600001ffe968)]: 0 failure(s)
Postproc #3 [meta_schedule.RewriteParallelVectorizeUnroll(0x600001ffe048)]: 0 failure(s)
Postproc #4 [meta_schedule.RewriteReductionBlock(0x600001fff048)]: 0 failure(s)
Postproc #5 [meta_schedule.VerifyGPUCode(0x6000014985d8)]: 0 failure(s)
2023-05-18 18:57:10 [INFO] [evolutionary_search.cc:621] Evolve iter #3 done. Summary:
Postproc #0 [meta_schedule.DisallowDynamicLoop(0x600001fff368)]: 0 failure(s)
Postproc #1 [meta_schedule.RewriteCooperativeFetch(0x600001ffeb68)]: 0 failure(s)
Postproc #2 [meta_schedule.RewriteUnboundBlock(0x600001ffe968)]: 0 failure(s)
Postproc #3 [meta_schedule.RewriteParallelVectorizeUnroll(0x600001ffe048)]: 0 failure(s)
Postproc #4 [meta_schedule.RewriteReductionBlock(0x600001fff048)]: 0 failure(s)
Postproc #5 [meta_schedule.VerifyGPUCode(0x6000014985d8)]: 0 failure(s)
2023-05-18 18:57:11 [INFO] [evolutionary_search.cc:649] Scores of the best 0 candidates:
2023-05-18 18:57:11 [INFO] [evolutionary_search.cc:727] Got 0 candidate(s) with evolutionary search
2023-05-18 18:57:11 [INFO] [evolutionary_search.cc:730] Sending 0 candidates(s) for measurement
2023-05-18 18:57:12 [INFO] [evolutionary_search.cc:713] Generating candidates......
2023-05-18 18:57:12 [INFO] [evolutionary_search.cc:715] Picked top 1 candidate(s) from database
2023-05-18 18:57:13 [INFO] [evolutionary_search.cc:533] Sample-Init-Population summary:
Postproc #0 [meta_schedule.DisallowDynamicLoop(0x600001fff368)]: 0 failure(s)
Postproc #1 [meta_schedule.RewriteCooperativeFetch(0x600001ffeb68)]: 0 failure(s)
Postproc #2 [meta_schedule.RewriteUnboundBlock(0x600001ffe968)]: 0 failure(s)
Postproc #3 [meta_schedule.RewriteParallelVectorizeUnroll(0x600001ffe048)]: 0 failure(s)
Postproc #4 [meta_schedule.RewriteReductionBlock(0x600001fff048)]: 0 failure(s)
Postproc #5 [meta_schedule.VerifyGPUCode(0x6000014985d8)]: 0 failure(s)
2023-05-18 18:57:13 [INFO] [evolutionary_search.cc:723] Sampled 511 candidate(s)
2023-05-18 18:57:13 [INFO] [evolutionary_search.cc:621] Evolve iter #0 done. Summary:
Postproc #0 [meta_schedule.DisallowDynamicLoop(0x600001fff368)]: 0 failure(s)
Postproc #1 [meta_schedule.RewriteCooperativeFetch(0x600001ffeb68)]: 0 failure(s)
Postproc #2 [meta_schedule.RewriteUnboundBlock(0x600001ffe968)]: 0 failure(s)
Postproc #3 [meta_schedule.RewriteParallelVectorizeUnroll(0x600001ffe048)]: 0 failure(s)
Postproc #4 [meta_schedule.RewriteReductionBlock(0x600001fff048)]: 0 failure(s)
Postproc #5 [meta_schedule.VerifyGPUCode(0x6000014985d8)]: 0 failure(s)
2023-05-18 18:57:13 [INFO] [evolutionary_search.cc:621] Evolve iter #1 done. Summary:
Postproc #0 [meta_schedule.DisallowDynamicLoop(0x600001fff368)]: 0 failure(s)
Postproc #1 [meta_schedule.RewriteCooperativeFetch(0x600001ffeb68)]: 0 failure(s)
Postproc #2 [meta_schedule.RewriteUnboundBlock(0x600001ffe968)]: 0 failure(s)
Postproc #3 [meta_schedule.RewriteParallelVectorizeUnroll(0x600001ffe048)]: 0 failure(s)
Postproc #4 [meta_schedule.RewriteReductionBlock(0x600001fff048)]: 0 failure(s)
Postproc #5 [meta_schedule.VerifyGPUCode(0x6000014985d8)]: 0 failure(s)
2023-05-18 18:57:14 [INFO] [evolutionary_search.cc:621] Evolve iter #2 done. Summary:
Postproc #0 [meta_schedule.DisallowDynamicLoop(0x600001fff368)]: 0 failure(s)
Postproc #1 [meta_schedule.RewriteCooperativeFetch(0x600001ffeb68)]: 0 failure(s)
Postproc #2 [meta_schedule.RewriteUnboundBlock(0x600001ffe968)]: 0 failure(s)
Postproc #3 [meta_schedule.RewriteParallelVectorizeUnroll(0x600001ffe048)]: 0 failure(s)
Postproc #4 [meta_schedule.RewriteReductionBlock(0x600001fff048)]: 0 failure(s)
Postproc #5 [meta_schedule.VerifyGPUCode(0x6000014985d8)]: 0 failure(s)
2023-05-18 18:57:14 [INFO] [evolutionary_search.cc:621] Evolve iter #3 done. Summary:
Postproc #0 [meta_schedule.DisallowDynamicLoop(0x600001fff368)]: 0 failure(s)
Postproc #1 [meta_schedule.RewriteCooperativeFetch(0x600001ffeb68)]: 0 failure(s)
Postproc #2 [meta_schedule.RewriteUnboundBlock(0x600001ffe968)]: 0 failure(s)
Postproc #3 [meta_schedule.RewriteParallelVectorizeUnroll(0x600001ffe048)]: 0 failure(s)
Postproc #4 [meta_schedule.RewriteReductionBlock(0x600001fff048)]: 0 failure(s)
Postproc #5 [meta_schedule.VerifyGPUCode(0x6000014985d8)]: 0 failure(s)
2023-05-18 18:57:14 [INFO] [evolutionary_search.cc:649] Scores of the best 0 candidates:
2023-05-18 18:57:14 [INFO] [evolutionary_search.cc:727] Got 0 candidate(s) with evolutionary search
2023-05-18 18:57:14 [INFO] [evolutionary_search.cc:730] Sending 0 candidates(s) for measurement
2023-05-18 18:57:22 [INFO] [evolutionary_search.cc:713] Generating candidates......
2023-05-18 18:57:22 [INFO] [evolutionary_search.cc:715] Picked top 1 candidate(s) from database
2023-05-18 18:57:22 [INFO] [evolutionary_search.cc:533] Sample-Init-Population summary:
Postproc #0 [meta_schedule.DisallowDynamicLoop(0x600001fff368)]: 0 failure(s)
Postproc #1 [meta_schedule.RewriteCooperativeFetch(0x600001ffeb68)]: 0 failure(s)
Postproc #2 [meta_schedule.RewriteUnboundBlock(0x600001ffe968)]: 0 failure(s)
Postproc #3 [meta_schedule.RewriteParallelVectorizeUnroll(0x600001ffe048)]: 0 failure(s)
Postproc #4 [meta_schedule.RewriteReductionBlock(0x600001fff048)]: 0 failure(s)
Postproc #5 [meta_schedule.VerifyGPUCode(0x6000014985d8)]: 0 failure(s)
2023-05-18 18:57:22 [INFO] [evolutionary_search.cc:723] Sampled 511 candidate(s)
2023-05-18 18:57:22 [INFO] [evolutionary_search.cc:621] Evolve iter #0 done. Summary:
Postproc #0 [meta_schedule.DisallowDynamicLoop(0x600001fff368)]: 0 failure(s)
Postproc #1 [meta_schedule.RewriteCooperativeFetch(0x600001ffeb68)]: 0 failure(s)
Postproc #2 [meta_schedule.RewriteUnboundBlock(0x600001ffe968)]: 0 failure(s)
Postproc #3 [meta_schedule.RewriteParallelVectorizeUnroll(0x600001ffe048)]: 0 failure(s)
Postproc #4 [meta_schedule.RewriteReductionBlock(0x600001fff048)]: 0 failure(s)
Postproc #5 [meta_schedule.VerifyGPUCode(0x6000014985d8)]: 0 failure(s)
2023-05-18 18:57:23 [INFO] [evolutionary_search.cc:621] Evolve iter #1 done. Summary:
Postproc #0 [meta_schedule.DisallowDynamicLoop(0x600001fff368)]: 0 failure(s)
Postproc #1 [meta_schedule.RewriteCooperativeFetch(0x600001ffeb68)]: 0 failure(s)
Postproc #2 [meta_schedule.RewriteUnboundBlock(0x600001ffe968)]: 0 failure(s)
Postproc #3 [meta_schedule.RewriteParallelVectorizeUnroll(0x600001ffe048)]: 0 failure(s)
Postproc #4 [meta_schedule.RewriteReductionBlock(0x600001fff048)]: 0 failure(s)
Postproc #5 [meta_schedule.VerifyGPUCode(0x6000014985d8)]: 0 failure(s)
2023-05-18 18:57:23 [INFO] [evolutionary_search.cc:621] Evolve iter #2 done. Summary:
Postproc #0 [meta_schedule.DisallowDynamicLoop(0x600001fff368)]: 0 failure(s)
Postproc #1 [meta_schedule.RewriteCooperativeFetch(0x600001ffeb68)]: 0 failure(s)
Postproc #2 [meta_schedule.RewriteUnboundBlock(0x600001ffe968)]: 0 failure(s)
Postproc #3 [meta_schedule.RewriteParallelVectorizeUnroll(0x600001ffe048)]: 0 failure(s)
Postproc #4 [meta_schedule.RewriteReductionBlock(0x600001fff048)]: 0 failure(s)
Postproc #5 [meta_schedule.VerifyGPUCode(0x6000014985d8)]: 0 failure(s)
2023-05-18 18:57:23 [INFO] [evolutionary_search.cc:621] Evolve iter #3 done. Summary:
Postproc #0 [meta_schedule.DisallowDynamicLoop(0x600001fff368)]: 0 failure(s)
Postproc #1 [meta_schedule.RewriteCooperativeFetch(0x600001ffeb68)]: 0 failure(s)
Postproc #2 [meta_schedule.RewriteUnboundBlock(0x600001ffe968)]: 0 failure(s)
Postproc #3 [meta_schedule.RewriteParallelVectorizeUnroll(0x600001ffe048)]: 0 failure(s)
Postproc #4 [meta_schedule.RewriteReductionBlock(0x600001fff048)]: 0 failure(s)
Postproc #5 [meta_schedule.VerifyGPUCode(0x6000014985d8)]: 0 failure(s)
2023-05-18 18:57:24 [INFO] [evolutionary_search.cc:649] Scores of the best 0 candidates:
2023-05-18 18:57:24 [INFO] [evolutionary_search.cc:727] Got 0 candidate(s) with evolutionary search
2023-05-18 18:57:24 [INFO] [evolutionary_search.cc:730] Sending 0 candidates(s) for measurement
2023-05-18 18:57:24 [INFO] [evolutionary_search.cc:713] Generating candidates......
2023-05-18 18:57:24 [INFO] [evolutionary_search.cc:715] Picked top 1 candidate(s) from database
2023-05-18 18:57:24 [INFO] [evolutionary_search.cc:533] Sample-Init-Population summary:
Postproc #0 [meta_schedule.DisallowDynamicLoop(0x600001fff368)]: 0 failure(s)
Postproc #1 [meta_schedule.RewriteCooperativeFetch(0x600001ffeb68)]: 0 failure(s)
Postproc #2 [meta_schedule.RewriteUnboundBlock(0x600001ffe968)]: 0 failure(s)
Postproc #3 [meta_schedule.RewriteParallelVectorizeUnroll(0x600001ffe048)]: 0 failure(s)
Postproc #4 [meta_schedule.RewriteReductionBlock(0x600001fff048)]: 0 failure(s)
Postproc #5 [meta_schedule.VerifyGPUCode(0x6000014985d8)]: 0 failure(s)
2023-05-18 18:57:24 [INFO] [evolutionary_search.cc:723] Sampled 511 candidate(s)
2023-05-18 18:57:24 [INFO] [evolutionary_search.cc:621] Evolve iter #0 done. Summary:
Postproc #0 [meta_schedule.DisallowDynamicLoop(0x600001fff368)]: 0 failure(s)
Postproc #1 [meta_schedule.RewriteCooperativeFetch(0x600001ffeb68)]: 0 failure(s)
Postproc #2 [meta_schedule.RewriteUnboundBlock(0x600001ffe968)]: 0 failure(s)
Postproc #3 [meta_schedule.RewriteParallelVectorizeUnroll(0x600001ffe048)]: 0 failure(s)
Postproc #4 [meta_schedule.RewriteReductionBlock(0x600001fff048)]: 0 failure(s)
Postproc #5 [meta_schedule.VerifyGPUCode(0x6000014985d8)]: 0 failure(s)
2023-05-18 18:57:24 [INFO] [evolutionary_search.cc:621] Evolve iter #1 done. Summary:
Postproc #0 [meta_schedule.DisallowDynamicLoop(0x600001fff368)]: 0 failure(s)
Postproc #1 [meta_schedule.RewriteCooperativeFetch(0x600001ffeb68)]: 0 failure(s)
Postproc #2 [meta_schedule.RewriteUnboundBlock(0x600001ffe968)]: 0 failure(s)
Postproc #3 [meta_schedule.RewriteParallelVectorizeUnroll(0x600001ffe048)]: 0 failure(s)
Postproc #4 [meta_schedule.RewriteReductionBlock(0x600001fff048)]: 0 failure(s)
Postproc #5 [meta_schedule.VerifyGPUCode(0x6000014985d8)]: 0 failure(s)
2023-05-18 18:57:25 [INFO] [evolutionary_search.cc:621] Evolve iter #2 done. Summary:
Postproc #0 [meta_schedule.DisallowDynamicLoop(0x600001fff368)]: 0 failure(s)
Postproc #1 [meta_schedule.RewriteCooperativeFetch(0x600001ffeb68)]: 0 failure(s)
Postproc #2 [meta_schedule.RewriteUnboundBlock(0x600001ffe968)]: 0 failure(s)
Postproc #3 [meta_schedule.RewriteParallelVectorizeUnroll(0x600001ffe048)]: 0 failure(s)
Postproc #4 [meta_schedule.RewriteReductionBlock(0x600001fff048)]: 0 failure(s)
Postproc #5 [meta_schedule.VerifyGPUCode(0x6000014985d8)]: 0 failure(s)
2023-05-18 18:57:25 [INFO] [evolutionary_search.cc:621] Evolve iter #3 done. Summary:
Postproc #0 [meta_schedule.DisallowDynamicLoop(0x600001fff368)]: 0 failure(s)
Postproc #1 [meta_schedule.RewriteCooperativeFetch(0x600001ffeb68)]: 0 failure(s)
Postproc #2 [meta_schedule.RewriteUnboundBlock(0x600001ffe968)]: 0 failure(s)
Postproc #3 [meta_schedule.RewriteParallelVectorizeUnroll(0x600001ffe048)]: 0 failure(s)
Postproc #4 [meta_schedule.RewriteReductionBlock(0x600001fff048)]: 0 failure(s)
Postproc #5 [meta_schedule.VerifyGPUCode(0x6000014985d8)]: 0 failure(s)
2023-05-18 18:57:25 [INFO] [evolutionary_search.cc:649] Scores of the best 0 candidates:
2023-05-18 18:57:25 [INFO] [evolutionary_search.cc:727] Got 0 candidate(s) with evolutionary search
2023-05-18 18:57:25 [INFO] [evolutionary_search.cc:730] Sending 0 candidates(s) for measurement
