2023-05-18 11:57:30 [INFO] [task_scheduler.cc:160] Initializing Task #0: "tir_unscale_image"
2023-05-18 11:57:30 [INFO] [task_scheduler.cc:35] 
# from tvm.script import ir as I
# from tvm.script import tir as T

@I.ir_module
class Module:
    @T.prim_func
    def main(A: T.Buffer((T.int64(2560), T.int64(1792), T.int64(3)), "float32"), unscale_image: T.Buffer((T.int64(2560), T.int64(1792), T.int64(3)), "uint8")):
        T.func_attr({"global_symbol": "main", "op_pattern": 0, "tir.noalias": T.bool(True)})
        # with T.block("root"):
        for y, x, c in T.grid(T.int64(2560), T.int64(1792), T.int64(3)):
            with T.block("unscale_image"):
                v_y, v_x, v_c = T.axis.remap("SSS", [y, x, c])
                T.reads(A[v_y, v_x, v_c])
                T.writes(unscale_image[v_y, v_x, v_c])
                unscale_image[v_y, v_x, v_c] = T.Cast("uint8", T.round(A[v_y, v_x, v_c] * T.float32(255)))
2023-05-18 11:57:30 [INFO] [task_scheduler.cc:164] Total 1 design space(s) generated
2023-05-18 11:57:30 [INFO] [task_scheduler.cc:170] Design space #0:
# from tvm.script import ir as I
# from tvm.script import tir as T

@I.ir_module
class Module:
    @T.prim_func
    def main(A: T.Buffer((T.int64(2560), T.int64(1792), T.int64(3)), "float32"), unscale_image: T.Buffer((T.int64(2560), T.int64(1792), T.int64(3)), "uint8")):
        T.func_attr({"global_symbol": "main", "op_pattern": 0, "tir.noalias": T.bool(True)})
        # with T.block("root"):
        for y_x_c_fused_1 in T.thread_binding(T.int64(256), thread="blockIdx.x"):
            for y_x_c_fused_2 in T.thread_binding(T.int64(256), thread="threadIdx.x"):
                for y_x_c_fused_0 in range(T.int64(210)):
                    with T.block("unscale_image"):
                        v_y = T.axis.spatial(T.int64(2560), (y_x_c_fused_0 * T.int64(65536) + y_x_c_fused_1 * T.int64(256) + y_x_c_fused_2) // T.int64(5376))
                        v_x = T.axis.spatial(T.int64(1792), (y_x_c_fused_0 * T.int64(65536) + y_x_c_fused_1 * T.int64(256) + y_x_c_fused_2) % T.int64(5376) // T.int64(3))
                        v_c = T.axis.spatial(T.int64(3), (y_x_c_fused_0 * T.int64(65536) + y_x_c_fused_1 * T.int64(256) + y_x_c_fused_2) % T.int64(3))
                        T.reads(A[v_y, v_x, v_c])
                        T.writes(unscale_image[v_y, v_x, v_c])
                        unscale_image[v_y, v_x, v_c] = T.Cast("uint8", T.round(A[v_y, v_x, v_c] * T.float32(255)))
b0 = sch.get_block(name="unscale_image", func_name="main")
l1, l2, l3 = sch.get_loops(block=b0)
l4 = sch.fuse(l1, l2, l3, preserve_unit_iters=True)
l5, l6, l7 = sch.split(loop=l4, factors=[None, 256, 256], preserve_unit_iters=True)
sch.reorder(l6, l7, l5)
sch.bind(loop=l6, thread_axis="blockIdx.x")
sch.bind(loop=l7, thread_axis="threadIdx.x")
2023-05-18 11:57:31 [INFO] [evolutionary_search.cc:713] Generating candidates......
2023-05-18 11:57:31 [INFO] [evolutionary_search.cc:715] Picked top 0 candidate(s) from database
2023-05-18 11:57:31 [INFO] [evolutionary_search.cc:533] Sample-Init-Population summary:
Postproc #0 [meta_schedule.DisallowDynamicLoop(0x600001fff0e8)]: 0 failure(s)
Postproc #1 [meta_schedule.RewriteCooperativeFetch(0x600001fff108)]: 0 failure(s)
Postproc #2 [meta_schedule.RewriteUnboundBlock(0x600001fff128)]: 0 failure(s)
Postproc #3 [meta_schedule.RewriteParallelVectorizeUnroll(0x600001fff148)]: 0 failure(s)
Postproc #4 [meta_schedule.RewriteReductionBlock(0x600001fff168)]: 0 failure(s)
Postproc #5 [meta_schedule.VerifyGPUCode(0x6000014976c8)]: 0 failure(s)
2023-05-18 11:57:31 [INFO] [evolutionary_search.cc:723] Sampled 512 candidate(s)
2023-05-18 11:57:31 [INFO] [evolutionary_search.cc:621] Evolve iter #0 done. Summary:
Postproc #0 [meta_schedule.DisallowDynamicLoop(0x600001fff0e8)]: 0 failure(s)
Postproc #1 [meta_schedule.RewriteCooperativeFetch(0x600001fff108)]: 0 failure(s)
Postproc #2 [meta_schedule.RewriteUnboundBlock(0x600001fff128)]: 0 failure(s)
Postproc #3 [meta_schedule.RewriteParallelVectorizeUnroll(0x600001fff148)]: 0 failure(s)
Postproc #4 [meta_schedule.RewriteReductionBlock(0x600001fff168)]: 0 failure(s)
Postproc #5 [meta_schedule.VerifyGPUCode(0x6000014976c8)]: 0 failure(s)
2023-05-18 11:57:31 [INFO] [evolutionary_search.cc:621] Evolve iter #1 done. Summary:
Postproc #0 [meta_schedule.DisallowDynamicLoop(0x600001fff0e8)]: 0 failure(s)
Postproc #1 [meta_schedule.RewriteCooperativeFetch(0x600001fff108)]: 0 failure(s)
Postproc #2 [meta_schedule.RewriteUnboundBlock(0x600001fff128)]: 0 failure(s)
Postproc #3 [meta_schedule.RewriteParallelVectorizeUnroll(0x600001fff148)]: 0 failure(s)
Postproc #4 [meta_schedule.RewriteReductionBlock(0x600001fff168)]: 0 failure(s)
Postproc #5 [meta_schedule.VerifyGPUCode(0x6000014976c8)]: 0 failure(s)
2023-05-18 11:57:31 [INFO] [evolutionary_search.cc:621] Evolve iter #2 done. Summary:
Postproc #0 [meta_schedule.DisallowDynamicLoop(0x600001fff0e8)]: 0 failure(s)
Postproc #1 [meta_schedule.RewriteCooperativeFetch(0x600001fff108)]: 0 failure(s)
Postproc #2 [meta_schedule.RewriteUnboundBlock(0x600001fff128)]: 0 failure(s)
Postproc #3 [meta_schedule.RewriteParallelVectorizeUnroll(0x600001fff148)]: 0 failure(s)
Postproc #4 [meta_schedule.RewriteReductionBlock(0x600001fff168)]: 0 failure(s)
Postproc #5 [meta_schedule.VerifyGPUCode(0x6000014976c8)]: 0 failure(s)
2023-05-18 11:57:31 [INFO] [evolutionary_search.cc:621] Evolve iter #3 done. Summary:
Postproc #0 [meta_schedule.DisallowDynamicLoop(0x600001fff0e8)]: 0 failure(s)
Postproc #1 [meta_schedule.RewriteCooperativeFetch(0x600001fff108)]: 0 failure(s)
Postproc #2 [meta_schedule.RewriteUnboundBlock(0x600001fff128)]: 0 failure(s)
Postproc #3 [meta_schedule.RewriteParallelVectorizeUnroll(0x600001fff148)]: 0 failure(s)
Postproc #4 [meta_schedule.RewriteReductionBlock(0x600001fff168)]: 0 failure(s)
Postproc #5 [meta_schedule.VerifyGPUCode(0x6000014976c8)]: 0 failure(s)
2023-05-18 11:57:31 [INFO] [evolutionary_search.cc:649] Scores of the best 1 candidates:
[1 : 1]:	0.8550
2023-05-18 11:57:31 [INFO] [evolutionary_search.cc:727] Got 1 candidate(s) with evolutionary search
2023-05-18 11:57:31 [INFO] [evolutionary_search.cc:730] Sending 1 candidates(s) for measurement
2023-05-18 12:07:10 [INFO] [task_scheduler.cc:131] [Task #0: tir_unscale_image] Trial #1: GFLOPs: 16.7378. Time: 822.2419 us. Best GFLOPs: 16.7378
2023-05-18 18:57:11 [INFO] [evolutionary_search.cc:713] Generating candidates......
2023-05-18 18:57:11 [INFO] [evolutionary_search.cc:715] Picked top 1 candidate(s) from database
2023-05-18 18:57:11 [INFO] [evolutionary_search.cc:533] Sample-Init-Population summary:
Postproc #0 [meta_schedule.DisallowDynamicLoop(0x600001fff0e8)]: 0 failure(s)
Postproc #1 [meta_schedule.RewriteCooperativeFetch(0x600001fff108)]: 0 failure(s)
Postproc #2 [meta_schedule.RewriteUnboundBlock(0x600001fff128)]: 0 failure(s)
Postproc #3 [meta_schedule.RewriteParallelVectorizeUnroll(0x600001fff148)]: 0 failure(s)
Postproc #4 [meta_schedule.RewriteReductionBlock(0x600001fff168)]: 0 failure(s)
Postproc #5 [meta_schedule.VerifyGPUCode(0x6000014976c8)]: 0 failure(s)
2023-05-18 18:57:11 [INFO] [evolutionary_search.cc:723] Sampled 511 candidate(s)
2023-05-18 18:57:11 [INFO] [evolutionary_search.cc:621] Evolve iter #0 done. Summary:
Postproc #0 [meta_schedule.DisallowDynamicLoop(0x600001fff0e8)]: 0 failure(s)
Postproc #1 [meta_schedule.RewriteCooperativeFetch(0x600001fff108)]: 0 failure(s)
Postproc #2 [meta_schedule.RewriteUnboundBlock(0x600001fff128)]: 0 failure(s)
Postproc #3 [meta_schedule.RewriteParallelVectorizeUnroll(0x600001fff148)]: 0 failure(s)
Postproc #4 [meta_schedule.RewriteReductionBlock(0x600001fff168)]: 0 failure(s)
Postproc #5 [meta_schedule.VerifyGPUCode(0x6000014976c8)]: 0 failure(s)
2023-05-18 18:57:11 [INFO] [evolutionary_search.cc:621] Evolve iter #1 done. Summary:
Postproc #0 [meta_schedule.DisallowDynamicLoop(0x600001fff0e8)]: 0 failure(s)
Postproc #1 [meta_schedule.RewriteCooperativeFetch(0x600001fff108)]: 0 failure(s)
Postproc #2 [meta_schedule.RewriteUnboundBlock(0x600001fff128)]: 0 failure(s)
Postproc #3 [meta_schedule.RewriteParallelVectorizeUnroll(0x600001fff148)]: 0 failure(s)
Postproc #4 [meta_schedule.RewriteReductionBlock(0x600001fff168)]: 0 failure(s)
Postproc #5 [meta_schedule.VerifyGPUCode(0x6000014976c8)]: 0 failure(s)
2023-05-18 18:57:12 [INFO] [evolutionary_search.cc:621] Evolve iter #2 done. Summary:
Postproc #0 [meta_schedule.DisallowDynamicLoop(0x600001fff0e8)]: 0 failure(s)
Postproc #1 [meta_schedule.RewriteCooperativeFetch(0x600001fff108)]: 0 failure(s)
Postproc #2 [meta_schedule.RewriteUnboundBlock(0x600001fff128)]: 0 failure(s)
Postproc #3 [meta_schedule.RewriteParallelVectorizeUnroll(0x600001fff148)]: 0 failure(s)
Postproc #4 [meta_schedule.RewriteReductionBlock(0x600001fff168)]: 0 failure(s)
Postproc #5 [meta_schedule.VerifyGPUCode(0x6000014976c8)]: 0 failure(s)
2023-05-18 18:57:12 [INFO] [evolutionary_search.cc:621] Evolve iter #3 done. Summary:
Postproc #0 [meta_schedule.DisallowDynamicLoop(0x600001fff0e8)]: 0 failure(s)
Postproc #1 [meta_schedule.RewriteCooperativeFetch(0x600001fff108)]: 0 failure(s)
Postproc #2 [meta_schedule.RewriteUnboundBlock(0x600001fff128)]: 0 failure(s)
Postproc #3 [meta_schedule.RewriteParallelVectorizeUnroll(0x600001fff148)]: 0 failure(s)
Postproc #4 [meta_schedule.RewriteReductionBlock(0x600001fff168)]: 0 failure(s)
Postproc #5 [meta_schedule.VerifyGPUCode(0x6000014976c8)]: 0 failure(s)
2023-05-18 18:57:12 [INFO] [evolutionary_search.cc:649] Scores of the best 0 candidates:
2023-05-18 18:57:12 [INFO] [evolutionary_search.cc:727] Got 0 candidate(s) with evolutionary search
2023-05-18 18:57:12 [INFO] [evolutionary_search.cc:730] Sending 0 candidates(s) for measurement
2023-05-18 18:57:33 [INFO] [evolutionary_search.cc:713] Generating candidates......
2023-05-18 18:57:33 [INFO] [evolutionary_search.cc:715] Picked top 1 candidate(s) from database
2023-05-18 18:57:33 [INFO] [evolutionary_search.cc:533] Sample-Init-Population summary:
Postproc #0 [meta_schedule.DisallowDynamicLoop(0x600001fff0e8)]: 0 failure(s)
Postproc #1 [meta_schedule.RewriteCooperativeFetch(0x600001fff108)]: 0 failure(s)
Postproc #2 [meta_schedule.RewriteUnboundBlock(0x600001fff128)]: 0 failure(s)
Postproc #3 [meta_schedule.RewriteParallelVectorizeUnroll(0x600001fff148)]: 0 failure(s)
Postproc #4 [meta_schedule.RewriteReductionBlock(0x600001fff168)]: 0 failure(s)
Postproc #5 [meta_schedule.VerifyGPUCode(0x6000014976c8)]: 0 failure(s)
2023-05-18 18:57:33 [INFO] [evolutionary_search.cc:723] Sampled 511 candidate(s)
2023-05-18 18:57:33 [INFO] [evolutionary_search.cc:621] Evolve iter #0 done. Summary:
Postproc #0 [meta_schedule.DisallowDynamicLoop(0x600001fff0e8)]: 0 failure(s)
Postproc #1 [meta_schedule.RewriteCooperativeFetch(0x600001fff108)]: 0 failure(s)
Postproc #2 [meta_schedule.RewriteUnboundBlock(0x600001fff128)]: 0 failure(s)
Postproc #3 [meta_schedule.RewriteParallelVectorizeUnroll(0x600001fff148)]: 0 failure(s)
Postproc #4 [meta_schedule.RewriteReductionBlock(0x600001fff168)]: 0 failure(s)
Postproc #5 [meta_schedule.VerifyGPUCode(0x6000014976c8)]: 0 failure(s)
2023-05-18 18:57:34 [INFO] [evolutionary_search.cc:621] Evolve iter #1 done. Summary:
Postproc #0 [meta_schedule.DisallowDynamicLoop(0x600001fff0e8)]: 0 failure(s)
Postproc #1 [meta_schedule.RewriteCooperativeFetch(0x600001fff108)]: 0 failure(s)
Postproc #2 [meta_schedule.RewriteUnboundBlock(0x600001fff128)]: 0 failure(s)
Postproc #3 [meta_schedule.RewriteParallelVectorizeUnroll(0x600001fff148)]: 0 failure(s)
Postproc #4 [meta_schedule.RewriteReductionBlock(0x600001fff168)]: 0 failure(s)
Postproc #5 [meta_schedule.VerifyGPUCode(0x6000014976c8)]: 0 failure(s)
2023-05-18 18:57:34 [INFO] [evolutionary_search.cc:621] Evolve iter #2 done. Summary:
Postproc #0 [meta_schedule.DisallowDynamicLoop(0x600001fff0e8)]: 0 failure(s)
Postproc #1 [meta_schedule.RewriteCooperativeFetch(0x600001fff108)]: 0 failure(s)
Postproc #2 [meta_schedule.RewriteUnboundBlock(0x600001fff128)]: 0 failure(s)
Postproc #3 [meta_schedule.RewriteParallelVectorizeUnroll(0x600001fff148)]: 0 failure(s)
Postproc #4 [meta_schedule.RewriteReductionBlock(0x600001fff168)]: 0 failure(s)
Postproc #5 [meta_schedule.VerifyGPUCode(0x6000014976c8)]: 0 failure(s)
2023-05-18 18:57:34 [INFO] [evolutionary_search.cc:621] Evolve iter #3 done. Summary:
Postproc #0 [meta_schedule.DisallowDynamicLoop(0x600001fff0e8)]: 0 failure(s)
Postproc #1 [meta_schedule.RewriteCooperativeFetch(0x600001fff108)]: 0 failure(s)
Postproc #2 [meta_schedule.RewriteUnboundBlock(0x600001fff128)]: 0 failure(s)
Postproc #3 [meta_schedule.RewriteParallelVectorizeUnroll(0x600001fff148)]: 0 failure(s)
Postproc #4 [meta_schedule.RewriteReductionBlock(0x600001fff168)]: 0 failure(s)
Postproc #5 [meta_schedule.VerifyGPUCode(0x6000014976c8)]: 0 failure(s)
2023-05-18 18:57:35 [INFO] [evolutionary_search.cc:649] Scores of the best 0 candidates:
2023-05-18 18:57:35 [INFO] [evolutionary_search.cc:727] Got 0 candidate(s) with evolutionary search
2023-05-18 18:57:35 [INFO] [evolutionary_search.cc:730] Sending 0 candidates(s) for measurement
2023-05-18 19:01:01 [INFO] [evolutionary_search.cc:713] Generating candidates......
2023-05-18 19:01:01 [INFO] [evolutionary_search.cc:715] Picked top 1 candidate(s) from database
2023-05-18 19:01:01 [INFO] [evolutionary_search.cc:533] Sample-Init-Population summary:
Postproc #0 [meta_schedule.DisallowDynamicLoop(0x600001fff0e8)]: 0 failure(s)
Postproc #1 [meta_schedule.RewriteCooperativeFetch(0x600001fff108)]: 0 failure(s)
Postproc #2 [meta_schedule.RewriteUnboundBlock(0x600001fff128)]: 0 failure(s)
Postproc #3 [meta_schedule.RewriteParallelVectorizeUnroll(0x600001fff148)]: 0 failure(s)
Postproc #4 [meta_schedule.RewriteReductionBlock(0x600001fff168)]: 0 failure(s)
Postproc #5 [meta_schedule.VerifyGPUCode(0x6000014976c8)]: 0 failure(s)
2023-05-18 19:01:01 [INFO] [evolutionary_search.cc:723] Sampled 511 candidate(s)
2023-05-18 19:01:01 [INFO] [evolutionary_search.cc:621] Evolve iter #0 done. Summary:
Postproc #0 [meta_schedule.DisallowDynamicLoop(0x600001fff0e8)]: 0 failure(s)
Postproc #1 [meta_schedule.RewriteCooperativeFetch(0x600001fff108)]: 0 failure(s)
Postproc #2 [meta_schedule.RewriteUnboundBlock(0x600001fff128)]: 0 failure(s)
Postproc #3 [meta_schedule.RewriteParallelVectorizeUnroll(0x600001fff148)]: 0 failure(s)
Postproc #4 [meta_schedule.RewriteReductionBlock(0x600001fff168)]: 0 failure(s)
Postproc #5 [meta_schedule.VerifyGPUCode(0x6000014976c8)]: 0 failure(s)
2023-05-18 19:01:01 [INFO] [evolutionary_search.cc:621] Evolve iter #1 done. Summary:
Postproc #0 [meta_schedule.DisallowDynamicLoop(0x600001fff0e8)]: 0 failure(s)
Postproc #1 [meta_schedule.RewriteCooperativeFetch(0x600001fff108)]: 0 failure(s)
Postproc #2 [meta_schedule.RewriteUnboundBlock(0x600001fff128)]: 0 failure(s)
Postproc #3 [meta_schedule.RewriteParallelVectorizeUnroll(0x600001fff148)]: 0 failure(s)
Postproc #4 [meta_schedule.RewriteReductionBlock(0x600001fff168)]: 0 failure(s)
Postproc #5 [meta_schedule.VerifyGPUCode(0x6000014976c8)]: 0 failure(s)
2023-05-18 19:01:02 [INFO] [evolutionary_search.cc:621] Evolve iter #2 done. Summary:
Postproc #0 [meta_schedule.DisallowDynamicLoop(0x600001fff0e8)]: 0 failure(s)
Postproc #1 [meta_schedule.RewriteCooperativeFetch(0x600001fff108)]: 0 failure(s)
Postproc #2 [meta_schedule.RewriteUnboundBlock(0x600001fff128)]: 0 failure(s)
Postproc #3 [meta_schedule.RewriteParallelVectorizeUnroll(0x600001fff148)]: 0 failure(s)
Postproc #4 [meta_schedule.RewriteReductionBlock(0x600001fff168)]: 0 failure(s)
Postproc #5 [meta_schedule.VerifyGPUCode(0x6000014976c8)]: 0 failure(s)
2023-05-18 19:01:02 [INFO] [evolutionary_search.cc:621] Evolve iter #3 done. Summary:
Postproc #0 [meta_schedule.DisallowDynamicLoop(0x600001fff0e8)]: 0 failure(s)
Postproc #1 [meta_schedule.RewriteCooperativeFetch(0x600001fff108)]: 0 failure(s)
Postproc #2 [meta_schedule.RewriteUnboundBlock(0x600001fff128)]: 0 failure(s)
Postproc #3 [meta_schedule.RewriteParallelVectorizeUnroll(0x600001fff148)]: 0 failure(s)
Postproc #4 [meta_schedule.RewriteReductionBlock(0x600001fff168)]: 0 failure(s)
Postproc #5 [meta_schedule.VerifyGPUCode(0x6000014976c8)]: 0 failure(s)
2023-05-18 19:01:02 [INFO] [evolutionary_search.cc:649] Scores of the best 0 candidates:
2023-05-18 19:01:02 [INFO] [evolutionary_search.cc:727] Got 0 candidate(s) with evolutionary search
2023-05-18 19:01:02 [INFO] [evolutionary_search.cc:730] Sending 0 candidates(s) for measurement
2023-05-18 19:02:26 [INFO] [evolutionary_search.cc:713] Generating candidates......
2023-05-18 19:02:26 [INFO] [evolutionary_search.cc:715] Picked top 1 candidate(s) from database
2023-05-18 19:02:26 [INFO] [evolutionary_search.cc:533] Sample-Init-Population summary:
Postproc #0 [meta_schedule.DisallowDynamicLoop(0x600001fff0e8)]: 0 failure(s)
Postproc #1 [meta_schedule.RewriteCooperativeFetch(0x600001fff108)]: 0 failure(s)
Postproc #2 [meta_schedule.RewriteUnboundBlock(0x600001fff128)]: 0 failure(s)
Postproc #3 [meta_schedule.RewriteParallelVectorizeUnroll(0x600001fff148)]: 0 failure(s)
Postproc #4 [meta_schedule.RewriteReductionBlock(0x600001fff168)]: 0 failure(s)
Postproc #5 [meta_schedule.VerifyGPUCode(0x6000014976c8)]: 0 failure(s)
2023-05-18 19:02:26 [INFO] [evolutionary_search.cc:723] Sampled 511 candidate(s)
2023-05-18 19:02:27 [INFO] [evolutionary_search.cc:621] Evolve iter #0 done. Summary:
Postproc #0 [meta_schedule.DisallowDynamicLoop(0x600001fff0e8)]: 0 failure(s)
Postproc #1 [meta_schedule.RewriteCooperativeFetch(0x600001fff108)]: 0 failure(s)
Postproc #2 [meta_schedule.RewriteUnboundBlock(0x600001fff128)]: 0 failure(s)
Postproc #3 [meta_schedule.RewriteParallelVectorizeUnroll(0x600001fff148)]: 0 failure(s)
Postproc #4 [meta_schedule.RewriteReductionBlock(0x600001fff168)]: 0 failure(s)
Postproc #5 [meta_schedule.VerifyGPUCode(0x6000014976c8)]: 0 failure(s)
2023-05-18 19:02:27 [INFO] [evolutionary_search.cc:621] Evolve iter #1 done. Summary:
Postproc #0 [meta_schedule.DisallowDynamicLoop(0x600001fff0e8)]: 0 failure(s)
Postproc #1 [meta_schedule.RewriteCooperativeFetch(0x600001fff108)]: 0 failure(s)
Postproc #2 [meta_schedule.RewriteUnboundBlock(0x600001fff128)]: 0 failure(s)
Postproc #3 [meta_schedule.RewriteParallelVectorizeUnroll(0x600001fff148)]: 0 failure(s)
Postproc #4 [meta_schedule.RewriteReductionBlock(0x600001fff168)]: 0 failure(s)
Postproc #5 [meta_schedule.VerifyGPUCode(0x6000014976c8)]: 0 failure(s)
2023-05-18 19:02:27 [INFO] [evolutionary_search.cc:621] Evolve iter #2 done. Summary:
Postproc #0 [meta_schedule.DisallowDynamicLoop(0x600001fff0e8)]: 0 failure(s)
Postproc #1 [meta_schedule.RewriteCooperativeFetch(0x600001fff108)]: 0 failure(s)
Postproc #2 [meta_schedule.RewriteUnboundBlock(0x600001fff128)]: 0 failure(s)
Postproc #3 [meta_schedule.RewriteParallelVectorizeUnroll(0x600001fff148)]: 0 failure(s)
Postproc #4 [meta_schedule.RewriteReductionBlock(0x600001fff168)]: 0 failure(s)
Postproc #5 [meta_schedule.VerifyGPUCode(0x6000014976c8)]: 0 failure(s)
2023-05-18 19:02:28 [INFO] [evolutionary_search.cc:621] Evolve iter #3 done. Summary:
Postproc #0 [meta_schedule.DisallowDynamicLoop(0x600001fff0e8)]: 0 failure(s)
Postproc #1 [meta_schedule.RewriteCooperativeFetch(0x600001fff108)]: 0 failure(s)
Postproc #2 [meta_schedule.RewriteUnboundBlock(0x600001fff128)]: 0 failure(s)
Postproc #3 [meta_schedule.RewriteParallelVectorizeUnroll(0x600001fff148)]: 0 failure(s)
Postproc #4 [meta_schedule.RewriteReductionBlock(0x600001fff168)]: 0 failure(s)
Postproc #5 [meta_schedule.VerifyGPUCode(0x6000014976c8)]: 0 failure(s)
2023-05-18 19:02:28 [INFO] [evolutionary_search.cc:649] Scores of the best 0 candidates:
2023-05-18 19:02:28 [INFO] [evolutionary_search.cc:727] Got 0 candidate(s) with evolutionary search
2023-05-18 19:02:28 [INFO] [evolutionary_search.cc:730] Sending 0 candidates(s) for measurement
2023-05-18 19:03:57 [INFO] [evolutionary_search.cc:713] Generating candidates......
2023-05-18 19:03:57 [INFO] [evolutionary_search.cc:715] Picked top 1 candidate(s) from database
2023-05-18 19:03:57 [INFO] [evolutionary_search.cc:533] Sample-Init-Population summary:
Postproc #0 [meta_schedule.DisallowDynamicLoop(0x600001fff0e8)]: 0 failure(s)
Postproc #1 [meta_schedule.RewriteCooperativeFetch(0x600001fff108)]: 0 failure(s)
Postproc #2 [meta_schedule.RewriteUnboundBlock(0x600001fff128)]: 0 failure(s)
Postproc #3 [meta_schedule.RewriteParallelVectorizeUnroll(0x600001fff148)]: 0 failure(s)
Postproc #4 [meta_schedule.RewriteReductionBlock(0x600001fff168)]: 0 failure(s)
Postproc #5 [meta_schedule.VerifyGPUCode(0x6000014976c8)]: 0 failure(s)
2023-05-18 19:03:57 [INFO] [evolutionary_search.cc:723] Sampled 511 candidate(s)
2023-05-18 19:03:57 [INFO] [evolutionary_search.cc:621] Evolve iter #0 done. Summary:
Postproc #0 [meta_schedule.DisallowDynamicLoop(0x600001fff0e8)]: 0 failure(s)
Postproc #1 [meta_schedule.RewriteCooperativeFetch(0x600001fff108)]: 0 failure(s)
Postproc #2 [meta_schedule.RewriteUnboundBlock(0x600001fff128)]: 0 failure(s)
Postproc #3 [meta_schedule.RewriteParallelVectorizeUnroll(0x600001fff148)]: 0 failure(s)
Postproc #4 [meta_schedule.RewriteReductionBlock(0x600001fff168)]: 0 failure(s)
Postproc #5 [meta_schedule.VerifyGPUCode(0x6000014976c8)]: 0 failure(s)
2023-05-18 19:03:58 [INFO] [evolutionary_search.cc:621] Evolve iter #1 done. Summary:
Postproc #0 [meta_schedule.DisallowDynamicLoop(0x600001fff0e8)]: 0 failure(s)
Postproc #1 [meta_schedule.RewriteCooperativeFetch(0x600001fff108)]: 0 failure(s)
Postproc #2 [meta_schedule.RewriteUnboundBlock(0x600001fff128)]: 0 failure(s)
Postproc #3 [meta_schedule.RewriteParallelVectorizeUnroll(0x600001fff148)]: 0 failure(s)
Postproc #4 [meta_schedule.RewriteReductionBlock(0x600001fff168)]: 0 failure(s)
Postproc #5 [meta_schedule.VerifyGPUCode(0x6000014976c8)]: 0 failure(s)
2023-05-18 19:03:58 [INFO] [evolutionary_search.cc:621] Evolve iter #2 done. Summary:
Postproc #0 [meta_schedule.DisallowDynamicLoop(0x600001fff0e8)]: 0 failure(s)
Postproc #1 [meta_schedule.RewriteCooperativeFetch(0x600001fff108)]: 0 failure(s)
Postproc #2 [meta_schedule.RewriteUnboundBlock(0x600001fff128)]: 0 failure(s)
Postproc #3 [meta_schedule.RewriteParallelVectorizeUnroll(0x600001fff148)]: 0 failure(s)
Postproc #4 [meta_schedule.RewriteReductionBlock(0x600001fff168)]: 0 failure(s)
Postproc #5 [meta_schedule.VerifyGPUCode(0x6000014976c8)]: 0 failure(s)
2023-05-18 19:03:58 [INFO] [evolutionary_search.cc:621] Evolve iter #3 done. Summary:
Postproc #0 [meta_schedule.DisallowDynamicLoop(0x600001fff0e8)]: 0 failure(s)
Postproc #1 [meta_schedule.RewriteCooperativeFetch(0x600001fff108)]: 0 failure(s)
Postproc #2 [meta_schedule.RewriteUnboundBlock(0x600001fff128)]: 0 failure(s)
Postproc #3 [meta_schedule.RewriteParallelVectorizeUnroll(0x600001fff148)]: 0 failure(s)
Postproc #4 [meta_schedule.RewriteReductionBlock(0x600001fff168)]: 0 failure(s)
Postproc #5 [meta_schedule.VerifyGPUCode(0x6000014976c8)]: 0 failure(s)
2023-05-18 19:03:59 [INFO] [evolutionary_search.cc:649] Scores of the best 0 candidates:
2023-05-18 19:03:59 [INFO] [evolutionary_search.cc:727] Got 0 candidate(s) with evolutionary search
2023-05-18 19:03:59 [INFO] [evolutionary_search.cc:730] Sending 0 candidates(s) for measurement
