2023-05-18 11:57:30 [INFO] [task_scheduler.cc:160] Initializing Task #3: "tir_preprocess"
2023-05-18 11:57:30 [INFO] [task_scheduler.cc:35] 
# from tvm.script import ir as I
# from tvm.script import tir as T

@I.ir_module
class Module:
    @T.prim_func
    def main(A: T.Buffer((T.int64(640), T.int64(448), T.int64(3)), "float32"), preprocess: T.Buffer((T.int64(1), T.int64(3), T.int64(640), T.int64(448)), "float32")):
        T.func_attr({"global_symbol": "main", "op_pattern": 2, "tir.noalias": T.bool(True)})
        # with T.block("root"):
        for i, c, x, y in T.grid(T.int64(1), T.int64(3), T.int64(640), T.int64(448)):
            with T.block("preprocess"):
                v_i, v_c, v_x, v_y = T.axis.remap("SSSS", [i, c, x, y])
                T.reads(A[v_x, v_y, v_c])
                T.writes(preprocess[v_i, v_c, v_x, v_y])
                preprocess[v_i, v_c, v_x, v_y] = A[v_x, v_y, v_c]
2023-05-18 11:57:30 [INFO] [task_scheduler.cc:164] Total 1 design space(s) generated
2023-05-18 11:57:30 [INFO] [task_scheduler.cc:170] Design space #0:
# from tvm.script import ir as I
# from tvm.script import tir as T

@I.ir_module
class Module:
    @T.prim_func
    def main(A: T.Buffer((T.int64(640), T.int64(448), T.int64(3)), "float32"), preprocess: T.Buffer((T.int64(1), T.int64(3), T.int64(640), T.int64(448)), "float32")):
        T.func_attr({"global_symbol": "main", "op_pattern": 2, "tir.noalias": T.bool(True)})
        # with T.block("root"):
        for i_c_x_y_fused_1 in T.thread_binding(T.int64(256), thread="blockIdx.x"):
            for i_c_x_y_fused_2 in T.thread_binding(T.int64(256), thread="threadIdx.x"):
                for i_c_x_y_fused_0 in range(T.int64(14)):
                    with T.block("preprocess"):
                        v_i = T.axis.spatial(T.int64(1), T.int64(0))
                        v_c = T.axis.spatial(T.int64(3), (i_c_x_y_fused_0 * T.int64(65536) + i_c_x_y_fused_1 * T.int64(256) + i_c_x_y_fused_2) // T.int64(286720))
                        v_x = T.axis.spatial(T.int64(640), (i_c_x_y_fused_0 * T.int64(65536) + i_c_x_y_fused_1 * T.int64(256) + i_c_x_y_fused_2) % T.int64(286720) // T.int64(448))
                        v_y = T.axis.spatial(T.int64(448), (i_c_x_y_fused_0 * T.int64(65536) + i_c_x_y_fused_1 * T.int64(256) + i_c_x_y_fused_2) % T.int64(448))
                        T.where((i_c_x_y_fused_0 * T.int64(256) + i_c_x_y_fused_1) * T.int64(256) + i_c_x_y_fused_2 < T.int64(860160))
                        T.reads(A[v_x, v_y, v_c])
                        T.writes(preprocess[v_i, v_c, v_x, v_y])
                        preprocess[v_i, v_c, v_x, v_y] = A[v_x, v_y, v_c]
b0 = sch.get_block(name="preprocess", func_name="main")
l1, l2, l3, l4 = sch.get_loops(block=b0)
l5 = sch.fuse(l1, l2, l3, l4, preserve_unit_iters=True)
l6, l7, l8 = sch.split(loop=l5, factors=[None, 256, 256], preserve_unit_iters=True)
sch.reorder(l7, l8, l6)
sch.bind(loop=l7, thread_axis="blockIdx.x")
sch.bind(loop=l8, thread_axis="threadIdx.x")
2023-05-18 11:58:15 [INFO] [evolutionary_search.cc:713] Generating candidates......
2023-05-18 11:58:15 [INFO] [evolutionary_search.cc:715] Picked top 0 candidate(s) from database
2023-05-18 11:58:16 [INFO] [evolutionary_search.cc:533] Sample-Init-Population summary:
Postproc #0 [meta_schedule.DisallowDynamicLoop(0x600001f67648)]: 0 failure(s)
Postproc #1 [meta_schedule.RewriteCooperativeFetch(0x600001f67868)]: 0 failure(s)
Postproc #2 [meta_schedule.RewriteUnboundBlock(0x600001f67688)]: 0 failure(s)
Postproc #3 [meta_schedule.RewriteParallelVectorizeUnroll(0x600001f676a8)]: 0 failure(s)
Postproc #4 [meta_schedule.RewriteReductionBlock(0x600001f67708)]: 0 failure(s)
Postproc #5 [meta_schedule.VerifyGPUCode(0x6000014907e8)]: 0 failure(s)
2023-05-18 11:58:16 [INFO] [evolutionary_search.cc:723] Sampled 512 candidate(s)
2023-05-18 11:58:16 [INFO] [evolutionary_search.cc:621] Evolve iter #0 done. Summary:
Postproc #0 [meta_schedule.DisallowDynamicLoop(0x600001f67648)]: 0 failure(s)
Postproc #1 [meta_schedule.RewriteCooperativeFetch(0x600001f67868)]: 0 failure(s)
Postproc #2 [meta_schedule.RewriteUnboundBlock(0x600001f67688)]: 0 failure(s)
Postproc #3 [meta_schedule.RewriteParallelVectorizeUnroll(0x600001f676a8)]: 0 failure(s)
Postproc #4 [meta_schedule.RewriteReductionBlock(0x600001f67708)]: 0 failure(s)
Postproc #5 [meta_schedule.VerifyGPUCode(0x6000014907e8)]: 0 failure(s)
2023-05-18 11:58:16 [INFO] [evolutionary_search.cc:621] Evolve iter #1 done. Summary:
Postproc #0 [meta_schedule.DisallowDynamicLoop(0x600001f67648)]: 0 failure(s)
Postproc #1 [meta_schedule.RewriteCooperativeFetch(0x600001f67868)]: 0 failure(s)
Postproc #2 [meta_schedule.RewriteUnboundBlock(0x600001f67688)]: 0 failure(s)
Postproc #3 [meta_schedule.RewriteParallelVectorizeUnroll(0x600001f676a8)]: 0 failure(s)
Postproc #4 [meta_schedule.RewriteReductionBlock(0x600001f67708)]: 0 failure(s)
Postproc #5 [meta_schedule.VerifyGPUCode(0x6000014907e8)]: 0 failure(s)
2023-05-18 11:58:16 [INFO] [evolutionary_search.cc:621] Evolve iter #2 done. Summary:
Postproc #0 [meta_schedule.DisallowDynamicLoop(0x600001f67648)]: 0 failure(s)
Postproc #1 [meta_schedule.RewriteCooperativeFetch(0x600001f67868)]: 0 failure(s)
Postproc #2 [meta_schedule.RewriteUnboundBlock(0x600001f67688)]: 0 failure(s)
Postproc #3 [meta_schedule.RewriteParallelVectorizeUnroll(0x600001f676a8)]: 0 failure(s)
Postproc #4 [meta_schedule.RewriteReductionBlock(0x600001f67708)]: 0 failure(s)
Postproc #5 [meta_schedule.VerifyGPUCode(0x6000014907e8)]: 0 failure(s)
2023-05-18 11:58:16 [INFO] [evolutionary_search.cc:621] Evolve iter #3 done. Summary:
Postproc #0 [meta_schedule.DisallowDynamicLoop(0x600001f67648)]: 0 failure(s)
Postproc #1 [meta_schedule.RewriteCooperativeFetch(0x600001f67868)]: 0 failure(s)
Postproc #2 [meta_schedule.RewriteUnboundBlock(0x600001f67688)]: 0 failure(s)
Postproc #3 [meta_schedule.RewriteParallelVectorizeUnroll(0x600001f676a8)]: 0 failure(s)
Postproc #4 [meta_schedule.RewriteReductionBlock(0x600001f67708)]: 0 failure(s)
Postproc #5 [meta_schedule.VerifyGPUCode(0x6000014907e8)]: 0 failure(s)
2023-05-18 11:58:16 [INFO] [evolutionary_search.cc:649] Scores of the best 1 candidates:
[1 : 1]:	0.7827
2023-05-18 11:58:16 [INFO] [evolutionary_search.cc:727] Got 1 candidate(s) with evolutionary search
2023-05-18 11:58:16 [INFO] [evolutionary_search.cc:730] Sending 1 candidates(s) for measurement
2023-05-18 12:07:10 [INFO] [task_scheduler.cc:131] [Task #3: tir_preprocess] Trial #1: GFLOPs: 0.0000. Time: 77.1172 us. Best GFLOPs: 0.0000
2023-05-18 19:14:28 [INFO] [evolutionary_search.cc:713] Generating candidates......
2023-05-18 19:14:28 [INFO] [evolutionary_search.cc:715] Picked top 1 candidate(s) from database
2023-05-18 19:14:28 [INFO] [evolutionary_search.cc:533] Sample-Init-Population summary:
Postproc #0 [meta_schedule.DisallowDynamicLoop(0x600001f67648)]: 0 failure(s)
Postproc #1 [meta_schedule.RewriteCooperativeFetch(0x600001f67868)]: 0 failure(s)
Postproc #2 [meta_schedule.RewriteUnboundBlock(0x600001f67688)]: 0 failure(s)
Postproc #3 [meta_schedule.RewriteParallelVectorizeUnroll(0x600001f676a8)]: 0 failure(s)
Postproc #4 [meta_schedule.RewriteReductionBlock(0x600001f67708)]: 0 failure(s)
Postproc #5 [meta_schedule.VerifyGPUCode(0x6000014907e8)]: 0 failure(s)
2023-05-18 19:14:28 [INFO] [evolutionary_search.cc:723] Sampled 511 candidate(s)
2023-05-18 19:14:29 [INFO] [evolutionary_search.cc:621] Evolve iter #0 done. Summary:
Postproc #0 [meta_schedule.DisallowDynamicLoop(0x600001f67648)]: 0 failure(s)
Postproc #1 [meta_schedule.RewriteCooperativeFetch(0x600001f67868)]: 0 failure(s)
Postproc #2 [meta_schedule.RewriteUnboundBlock(0x600001f67688)]: 0 failure(s)
Postproc #3 [meta_schedule.RewriteParallelVectorizeUnroll(0x600001f676a8)]: 0 failure(s)
Postproc #4 [meta_schedule.RewriteReductionBlock(0x600001f67708)]: 0 failure(s)
Postproc #5 [meta_schedule.VerifyGPUCode(0x6000014907e8)]: 0 failure(s)
2023-05-18 19:14:29 [INFO] [evolutionary_search.cc:621] Evolve iter #1 done. Summary:
Postproc #0 [meta_schedule.DisallowDynamicLoop(0x600001f67648)]: 0 failure(s)
Postproc #1 [meta_schedule.RewriteCooperativeFetch(0x600001f67868)]: 0 failure(s)
Postproc #2 [meta_schedule.RewriteUnboundBlock(0x600001f67688)]: 0 failure(s)
Postproc #3 [meta_schedule.RewriteParallelVectorizeUnroll(0x600001f676a8)]: 0 failure(s)
Postproc #4 [meta_schedule.RewriteReductionBlock(0x600001f67708)]: 0 failure(s)
Postproc #5 [meta_schedule.VerifyGPUCode(0x6000014907e8)]: 0 failure(s)
2023-05-18 19:14:29 [INFO] [evolutionary_search.cc:621] Evolve iter #2 done. Summary:
Postproc #0 [meta_schedule.DisallowDynamicLoop(0x600001f67648)]: 0 failure(s)
Postproc #1 [meta_schedule.RewriteCooperativeFetch(0x600001f67868)]: 0 failure(s)
Postproc #2 [meta_schedule.RewriteUnboundBlock(0x600001f67688)]: 0 failure(s)
Postproc #3 [meta_schedule.RewriteParallelVectorizeUnroll(0x600001f676a8)]: 0 failure(s)
Postproc #4 [meta_schedule.RewriteReductionBlock(0x600001f67708)]: 0 failure(s)
Postproc #5 [meta_schedule.VerifyGPUCode(0x6000014907e8)]: 0 failure(s)
2023-05-18 19:14:30 [INFO] [evolutionary_search.cc:621] Evolve iter #3 done. Summary:
Postproc #0 [meta_schedule.DisallowDynamicLoop(0x600001f67648)]: 0 failure(s)
Postproc #1 [meta_schedule.RewriteCooperativeFetch(0x600001f67868)]: 0 failure(s)
Postproc #2 [meta_schedule.RewriteUnboundBlock(0x600001f67688)]: 0 failure(s)
Postproc #3 [meta_schedule.RewriteParallelVectorizeUnroll(0x600001f676a8)]: 0 failure(s)
Postproc #4 [meta_schedule.RewriteReductionBlock(0x600001f67708)]: 0 failure(s)
Postproc #5 [meta_schedule.VerifyGPUCode(0x6000014907e8)]: 0 failure(s)
2023-05-18 19:14:30 [INFO] [evolutionary_search.cc:649] Scores of the best 0 candidates:
2023-05-18 19:14:30 [INFO] [evolutionary_search.cc:727] Got 0 candidate(s) with evolutionary search
2023-05-18 19:14:30 [INFO] [evolutionary_search.cc:730] Sending 0 candidates(s) for measurement
2023-05-18 19:16:33 [INFO] [evolutionary_search.cc:713] Generating candidates......
2023-05-18 19:16:33 [INFO] [evolutionary_search.cc:715] Picked top 1 candidate(s) from database
2023-05-18 19:16:33 [INFO] [evolutionary_search.cc:533] Sample-Init-Population summary:
Postproc #0 [meta_schedule.DisallowDynamicLoop(0x600001f67648)]: 0 failure(s)
Postproc #1 [meta_schedule.RewriteCooperativeFetch(0x600001f67868)]: 0 failure(s)
Postproc #2 [meta_schedule.RewriteUnboundBlock(0x600001f67688)]: 0 failure(s)
Postproc #3 [meta_schedule.RewriteParallelVectorizeUnroll(0x600001f676a8)]: 0 failure(s)
Postproc #4 [meta_schedule.RewriteReductionBlock(0x600001f67708)]: 0 failure(s)
Postproc #5 [meta_schedule.VerifyGPUCode(0x6000014907e8)]: 0 failure(s)
2023-05-18 19:16:33 [INFO] [evolutionary_search.cc:723] Sampled 511 candidate(s)
2023-05-18 19:16:33 [INFO] [evolutionary_search.cc:621] Evolve iter #0 done. Summary:
Postproc #0 [meta_schedule.DisallowDynamicLoop(0x600001f67648)]: 0 failure(s)
Postproc #1 [meta_schedule.RewriteCooperativeFetch(0x600001f67868)]: 0 failure(s)
Postproc #2 [meta_schedule.RewriteUnboundBlock(0x600001f67688)]: 0 failure(s)
Postproc #3 [meta_schedule.RewriteParallelVectorizeUnroll(0x600001f676a8)]: 0 failure(s)
Postproc #4 [meta_schedule.RewriteReductionBlock(0x600001f67708)]: 0 failure(s)
Postproc #5 [meta_schedule.VerifyGPUCode(0x6000014907e8)]: 0 failure(s)
2023-05-18 19:16:34 [INFO] [evolutionary_search.cc:621] Evolve iter #1 done. Summary:
Postproc #0 [meta_schedule.DisallowDynamicLoop(0x600001f67648)]: 0 failure(s)
Postproc #1 [meta_schedule.RewriteCooperativeFetch(0x600001f67868)]: 0 failure(s)
Postproc #2 [meta_schedule.RewriteUnboundBlock(0x600001f67688)]: 0 failure(s)
Postproc #3 [meta_schedule.RewriteParallelVectorizeUnroll(0x600001f676a8)]: 0 failure(s)
Postproc #4 [meta_schedule.RewriteReductionBlock(0x600001f67708)]: 0 failure(s)
Postproc #5 [meta_schedule.VerifyGPUCode(0x6000014907e8)]: 0 failure(s)
2023-05-18 19:16:34 [INFO] [evolutionary_search.cc:621] Evolve iter #2 done. Summary:
Postproc #0 [meta_schedule.DisallowDynamicLoop(0x600001f67648)]: 0 failure(s)
Postproc #1 [meta_schedule.RewriteCooperativeFetch(0x600001f67868)]: 0 failure(s)
Postproc #2 [meta_schedule.RewriteUnboundBlock(0x600001f67688)]: 0 failure(s)
Postproc #3 [meta_schedule.RewriteParallelVectorizeUnroll(0x600001f676a8)]: 0 failure(s)
Postproc #4 [meta_schedule.RewriteReductionBlock(0x600001f67708)]: 0 failure(s)
Postproc #5 [meta_schedule.VerifyGPUCode(0x6000014907e8)]: 0 failure(s)
2023-05-18 19:16:35 [INFO] [evolutionary_search.cc:621] Evolve iter #3 done. Summary:
Postproc #0 [meta_schedule.DisallowDynamicLoop(0x600001f67648)]: 0 failure(s)
Postproc #1 [meta_schedule.RewriteCooperativeFetch(0x600001f67868)]: 0 failure(s)
Postproc #2 [meta_schedule.RewriteUnboundBlock(0x600001f67688)]: 0 failure(s)
Postproc #3 [meta_schedule.RewriteParallelVectorizeUnroll(0x600001f676a8)]: 0 failure(s)
Postproc #4 [meta_schedule.RewriteReductionBlock(0x600001f67708)]: 0 failure(s)
Postproc #5 [meta_schedule.VerifyGPUCode(0x6000014907e8)]: 0 failure(s)
2023-05-18 19:16:35 [INFO] [evolutionary_search.cc:649] Scores of the best 0 candidates:
2023-05-18 19:16:35 [INFO] [evolutionary_search.cc:727] Got 0 candidate(s) with evolutionary search
2023-05-18 19:16:35 [INFO] [evolutionary_search.cc:730] Sending 0 candidates(s) for measurement
2023-05-18 19:16:35 [INFO] [evolutionary_search.cc:713] Generating candidates......
2023-05-18 19:16:35 [INFO] [evolutionary_search.cc:715] Picked top 1 candidate(s) from database
2023-05-18 19:16:35 [INFO] [evolutionary_search.cc:533] Sample-Init-Population summary:
Postproc #0 [meta_schedule.DisallowDynamicLoop(0x600001f67648)]: 0 failure(s)
Postproc #1 [meta_schedule.RewriteCooperativeFetch(0x600001f67868)]: 0 failure(s)
Postproc #2 [meta_schedule.RewriteUnboundBlock(0x600001f67688)]: 0 failure(s)
Postproc #3 [meta_schedule.RewriteParallelVectorizeUnroll(0x600001f676a8)]: 0 failure(s)
Postproc #4 [meta_schedule.RewriteReductionBlock(0x600001f67708)]: 0 failure(s)
Postproc #5 [meta_schedule.VerifyGPUCode(0x6000014907e8)]: 0 failure(s)
2023-05-18 19:16:35 [INFO] [evolutionary_search.cc:723] Sampled 511 candidate(s)
2023-05-18 19:16:36 [INFO] [evolutionary_search.cc:621] Evolve iter #0 done. Summary:
Postproc #0 [meta_schedule.DisallowDynamicLoop(0x600001f67648)]: 0 failure(s)
Postproc #1 [meta_schedule.RewriteCooperativeFetch(0x600001f67868)]: 0 failure(s)
Postproc #2 [meta_schedule.RewriteUnboundBlock(0x600001f67688)]: 0 failure(s)
Postproc #3 [meta_schedule.RewriteParallelVectorizeUnroll(0x600001f676a8)]: 0 failure(s)
Postproc #4 [meta_schedule.RewriteReductionBlock(0x600001f67708)]: 0 failure(s)
Postproc #5 [meta_schedule.VerifyGPUCode(0x6000014907e8)]: 0 failure(s)
2023-05-18 19:16:36 [INFO] [evolutionary_search.cc:621] Evolve iter #1 done. Summary:
Postproc #0 [meta_schedule.DisallowDynamicLoop(0x600001f67648)]: 0 failure(s)
Postproc #1 [meta_schedule.RewriteCooperativeFetch(0x600001f67868)]: 0 failure(s)
Postproc #2 [meta_schedule.RewriteUnboundBlock(0x600001f67688)]: 0 failure(s)
Postproc #3 [meta_schedule.RewriteParallelVectorizeUnroll(0x600001f676a8)]: 0 failure(s)
Postproc #4 [meta_schedule.RewriteReductionBlock(0x600001f67708)]: 0 failure(s)
Postproc #5 [meta_schedule.VerifyGPUCode(0x6000014907e8)]: 0 failure(s)
2023-05-18 19:16:36 [INFO] [evolutionary_search.cc:621] Evolve iter #2 done. Summary:
Postproc #0 [meta_schedule.DisallowDynamicLoop(0x600001f67648)]: 0 failure(s)
Postproc #1 [meta_schedule.RewriteCooperativeFetch(0x600001f67868)]: 0 failure(s)
Postproc #2 [meta_schedule.RewriteUnboundBlock(0x600001f67688)]: 0 failure(s)
Postproc #3 [meta_schedule.RewriteParallelVectorizeUnroll(0x600001f676a8)]: 0 failure(s)
Postproc #4 [meta_schedule.RewriteReductionBlock(0x600001f67708)]: 0 failure(s)
Postproc #5 [meta_schedule.VerifyGPUCode(0x6000014907e8)]: 0 failure(s)
2023-05-18 19:16:37 [INFO] [evolutionary_search.cc:621] Evolve iter #3 done. Summary:
Postproc #0 [meta_schedule.DisallowDynamicLoop(0x600001f67648)]: 0 failure(s)
Postproc #1 [meta_schedule.RewriteCooperativeFetch(0x600001f67868)]: 0 failure(s)
Postproc #2 [meta_schedule.RewriteUnboundBlock(0x600001f67688)]: 0 failure(s)
Postproc #3 [meta_schedule.RewriteParallelVectorizeUnroll(0x600001f676a8)]: 0 failure(s)
Postproc #4 [meta_schedule.RewriteReductionBlock(0x600001f67708)]: 0 failure(s)
Postproc #5 [meta_schedule.VerifyGPUCode(0x6000014907e8)]: 0 failure(s)
2023-05-18 19:16:37 [INFO] [evolutionary_search.cc:649] Scores of the best 0 candidates:
2023-05-18 19:16:37 [INFO] [evolutionary_search.cc:727] Got 0 candidate(s) with evolutionary search
2023-05-18 19:16:37 [INFO] [evolutionary_search.cc:730] Sending 0 candidates(s) for measurement
2023-05-18 19:16:39 [INFO] [evolutionary_search.cc:713] Generating candidates......
2023-05-18 19:16:39 [INFO] [evolutionary_search.cc:715] Picked top 1 candidate(s) from database
2023-05-18 19:16:39 [INFO] [evolutionary_search.cc:533] Sample-Init-Population summary:
Postproc #0 [meta_schedule.DisallowDynamicLoop(0x600001f67648)]: 0 failure(s)
Postproc #1 [meta_schedule.RewriteCooperativeFetch(0x600001f67868)]: 0 failure(s)
Postproc #2 [meta_schedule.RewriteUnboundBlock(0x600001f67688)]: 0 failure(s)
Postproc #3 [meta_schedule.RewriteParallelVectorizeUnroll(0x600001f676a8)]: 0 failure(s)
Postproc #4 [meta_schedule.RewriteReductionBlock(0x600001f67708)]: 0 failure(s)
Postproc #5 [meta_schedule.VerifyGPUCode(0x6000014907e8)]: 0 failure(s)
2023-05-18 19:16:39 [INFO] [evolutionary_search.cc:723] Sampled 511 candidate(s)
2023-05-18 19:16:40 [INFO] [evolutionary_search.cc:621] Evolve iter #0 done. Summary:
Postproc #0 [meta_schedule.DisallowDynamicLoop(0x600001f67648)]: 0 failure(s)
Postproc #1 [meta_schedule.RewriteCooperativeFetch(0x600001f67868)]: 0 failure(s)
Postproc #2 [meta_schedule.RewriteUnboundBlock(0x600001f67688)]: 0 failure(s)
Postproc #3 [meta_schedule.RewriteParallelVectorizeUnroll(0x600001f676a8)]: 0 failure(s)
Postproc #4 [meta_schedule.RewriteReductionBlock(0x600001f67708)]: 0 failure(s)
Postproc #5 [meta_schedule.VerifyGPUCode(0x6000014907e8)]: 0 failure(s)
2023-05-18 19:16:40 [INFO] [evolutionary_search.cc:621] Evolve iter #1 done. Summary:
Postproc #0 [meta_schedule.DisallowDynamicLoop(0x600001f67648)]: 0 failure(s)
Postproc #1 [meta_schedule.RewriteCooperativeFetch(0x600001f67868)]: 0 failure(s)
Postproc #2 [meta_schedule.RewriteUnboundBlock(0x600001f67688)]: 0 failure(s)
Postproc #3 [meta_schedule.RewriteParallelVectorizeUnroll(0x600001f676a8)]: 0 failure(s)
Postproc #4 [meta_schedule.RewriteReductionBlock(0x600001f67708)]: 0 failure(s)
Postproc #5 [meta_schedule.VerifyGPUCode(0x6000014907e8)]: 0 failure(s)
2023-05-18 19:16:41 [INFO] [evolutionary_search.cc:621] Evolve iter #2 done. Summary:
Postproc #0 [meta_schedule.DisallowDynamicLoop(0x600001f67648)]: 0 failure(s)
Postproc #1 [meta_schedule.RewriteCooperativeFetch(0x600001f67868)]: 0 failure(s)
Postproc #2 [meta_schedule.RewriteUnboundBlock(0x600001f67688)]: 0 failure(s)
Postproc #3 [meta_schedule.RewriteParallelVectorizeUnroll(0x600001f676a8)]: 0 failure(s)
Postproc #4 [meta_schedule.RewriteReductionBlock(0x600001f67708)]: 0 failure(s)
Postproc #5 [meta_schedule.VerifyGPUCode(0x6000014907e8)]: 0 failure(s)
2023-05-18 19:16:41 [INFO] [evolutionary_search.cc:621] Evolve iter #3 done. Summary:
Postproc #0 [meta_schedule.DisallowDynamicLoop(0x600001f67648)]: 0 failure(s)
Postproc #1 [meta_schedule.RewriteCooperativeFetch(0x600001f67868)]: 0 failure(s)
Postproc #2 [meta_schedule.RewriteUnboundBlock(0x600001f67688)]: 0 failure(s)
Postproc #3 [meta_schedule.RewriteParallelVectorizeUnroll(0x600001f676a8)]: 0 failure(s)
Postproc #4 [meta_schedule.RewriteReductionBlock(0x600001f67708)]: 0 failure(s)
Postproc #5 [meta_schedule.VerifyGPUCode(0x6000014907e8)]: 0 failure(s)
2023-05-18 19:16:41 [INFO] [evolutionary_search.cc:649] Scores of the best 0 candidates:
2023-05-18 19:16:41 [INFO] [evolutionary_search.cc:727] Got 0 candidate(s) with evolutionary search
2023-05-18 19:16:41 [INFO] [evolutionary_search.cc:730] Sending 0 candidates(s) for measurement
2023-05-18 19:16:43 [INFO] [evolutionary_search.cc:713] Generating candidates......
2023-05-18 19:16:43 [INFO] [evolutionary_search.cc:715] Picked top 1 candidate(s) from database
2023-05-18 19:16:44 [INFO] [evolutionary_search.cc:533] Sample-Init-Population summary:
Postproc #0 [meta_schedule.DisallowDynamicLoop(0x600001f67648)]: 0 failure(s)
Postproc #1 [meta_schedule.RewriteCooperativeFetch(0x600001f67868)]: 0 failure(s)
Postproc #2 [meta_schedule.RewriteUnboundBlock(0x600001f67688)]: 0 failure(s)
Postproc #3 [meta_schedule.RewriteParallelVectorizeUnroll(0x600001f676a8)]: 0 failure(s)
Postproc #4 [meta_schedule.RewriteReductionBlock(0x600001f67708)]: 0 failure(s)
Postproc #5 [meta_schedule.VerifyGPUCode(0x6000014907e8)]: 0 failure(s)
2023-05-18 19:16:44 [INFO] [evolutionary_search.cc:723] Sampled 511 candidate(s)
2023-05-18 19:16:44 [INFO] [evolutionary_search.cc:621] Evolve iter #0 done. Summary:
Postproc #0 [meta_schedule.DisallowDynamicLoop(0x600001f67648)]: 0 failure(s)
Postproc #1 [meta_schedule.RewriteCooperativeFetch(0x600001f67868)]: 0 failure(s)
Postproc #2 [meta_schedule.RewriteUnboundBlock(0x600001f67688)]: 0 failure(s)
Postproc #3 [meta_schedule.RewriteParallelVectorizeUnroll(0x600001f676a8)]: 0 failure(s)
Postproc #4 [meta_schedule.RewriteReductionBlock(0x600001f67708)]: 0 failure(s)
Postproc #5 [meta_schedule.VerifyGPUCode(0x6000014907e8)]: 0 failure(s)
2023-05-18 19:16:44 [INFO] [evolutionary_search.cc:621] Evolve iter #1 done. Summary:
Postproc #0 [meta_schedule.DisallowDynamicLoop(0x600001f67648)]: 0 failure(s)
Postproc #1 [meta_schedule.RewriteCooperativeFetch(0x600001f67868)]: 0 failure(s)
Postproc #2 [meta_schedule.RewriteUnboundBlock(0x600001f67688)]: 0 failure(s)
Postproc #3 [meta_schedule.RewriteParallelVectorizeUnroll(0x600001f676a8)]: 0 failure(s)
Postproc #4 [meta_schedule.RewriteReductionBlock(0x600001f67708)]: 0 failure(s)
Postproc #5 [meta_schedule.VerifyGPUCode(0x6000014907e8)]: 0 failure(s)
2023-05-18 19:16:45 [INFO] [evolutionary_search.cc:621] Evolve iter #2 done. Summary:
Postproc #0 [meta_schedule.DisallowDynamicLoop(0x600001f67648)]: 0 failure(s)
Postproc #1 [meta_schedule.RewriteCooperativeFetch(0x600001f67868)]: 0 failure(s)
Postproc #2 [meta_schedule.RewriteUnboundBlock(0x600001f67688)]: 0 failure(s)
Postproc #3 [meta_schedule.RewriteParallelVectorizeUnroll(0x600001f676a8)]: 0 failure(s)
Postproc #4 [meta_schedule.RewriteReductionBlock(0x600001f67708)]: 0 failure(s)
Postproc #5 [meta_schedule.VerifyGPUCode(0x6000014907e8)]: 0 failure(s)
2023-05-18 19:16:45 [INFO] [evolutionary_search.cc:621] Evolve iter #3 done. Summary:
Postproc #0 [meta_schedule.DisallowDynamicLoop(0x600001f67648)]: 0 failure(s)
Postproc #1 [meta_schedule.RewriteCooperativeFetch(0x600001f67868)]: 0 failure(s)
Postproc #2 [meta_schedule.RewriteUnboundBlock(0x600001f67688)]: 0 failure(s)
Postproc #3 [meta_schedule.RewriteParallelVectorizeUnroll(0x600001f676a8)]: 0 failure(s)
Postproc #4 [meta_schedule.RewriteReductionBlock(0x600001f67708)]: 0 failure(s)
Postproc #5 [meta_schedule.VerifyGPUCode(0x6000014907e8)]: 0 failure(s)
2023-05-18 19:16:45 [INFO] [evolutionary_search.cc:649] Scores of the best 0 candidates:
2023-05-18 19:16:45 [INFO] [evolutionary_search.cc:727] Got 0 candidate(s) with evolutionary search
2023-05-18 19:16:45 [INFO] [evolutionary_search.cc:730] Sending 0 candidates(s) for measurement
