2023-05-18 11:57:31 [INFO] [task_scheduler.cc:160] Initializing Task #17: "resize2d"
2023-05-18 11:57:31 [INFO] [task_scheduler.cc:35] 
# from tvm.script import ir as I
# from tvm.script import tir as T

@I.ir_module
class Module:
    @T.prim_func
    def main(A: T.Buffer((T.int64(1), T.int64(64), T.int64(640), T.int64(448)), "float32"), resize: T.Buffer((T.int64(1), T.int64(64), T.int64(1280), T.int64(896)), "float32")):
        T.func_attr({"global_symbol": "main", "op_pattern": 2, "tir.noalias": T.bool(True)})
        # with T.block("root"):
        for i0, i1, i2, i3 in T.grid(T.int64(1), T.int64(64), T.int64(1280), T.int64(896)):
            with T.block("resize"):
                v_i0, v_i1, v_i2, v_i3 = T.axis.remap("SSSS", [i0, i1, i2, i3])
                T.reads(A[v_i0, v_i1, T.max(T.min(T.Div(v_i2, T.int64(2)), T.int64(639)), T.int64(0)), T.max(T.min(T.Div(v_i3, T.int64(2)), T.int64(447)), T.int64(0))])
                T.writes(resize[v_i0, v_i1, v_i2, v_i3])
                resize[v_i0, v_i1, v_i2, v_i3] = A[v_i0, v_i1, T.max(T.min(T.Div(v_i2, T.int64(2)), T.int64(639)), T.int64(0)), T.max(T.min(T.Div(v_i3, T.int64(2)), T.int64(447)), T.int64(0))]
2023-05-18 11:57:31 [INFO] [task_scheduler.cc:164] Total 1 design space(s) generated
2023-05-18 11:57:31 [INFO] [task_scheduler.cc:170] Design space #0:
# from tvm.script import ir as I
# from tvm.script import tir as T

@I.ir_module
class Module:
    @T.prim_func
    def main(A: T.Buffer((T.int64(1), T.int64(64), T.int64(640), T.int64(448)), "float32"), resize: T.Buffer((T.int64(1), T.int64(64), T.int64(1280), T.int64(896)), "float32")):
        T.func_attr({"global_symbol": "main", "op_pattern": 2, "tir.noalias": T.bool(True)})
        # with T.block("root"):
        for i0_i1_i2_i3_fused_1 in T.thread_binding(T.int64(256), thread="blockIdx.x"):
            for i0_i1_i2_i3_fused_2 in T.thread_binding(T.int64(256), thread="threadIdx.x"):
                for i0_i1_i2_i3_fused_0 in range(T.int64(1120)):
                    with T.block("resize"):
                        v_i0 = T.axis.spatial(T.int64(1), T.int64(0))
                        v_i1 = T.axis.spatial(T.int64(64), (i0_i1_i2_i3_fused_0 * T.int64(65536) + i0_i1_i2_i3_fused_1 * T.int64(256) + i0_i1_i2_i3_fused_2) // T.int64(1146880))
                        v_i2 = T.axis.spatial(T.int64(1280), (i0_i1_i2_i3_fused_0 * T.int64(65536) + i0_i1_i2_i3_fused_1 * T.int64(256) + i0_i1_i2_i3_fused_2) % T.int64(1146880) // T.int64(896))
                        v_i3 = T.axis.spatial(T.int64(896), (i0_i1_i2_i3_fused_0 * T.int64(65536) + i0_i1_i2_i3_fused_1 * T.int64(256) + i0_i1_i2_i3_fused_2) % T.int64(896))
                        T.reads(A[v_i0, v_i1, T.max(T.min(T.Div(v_i2, T.int64(2)), T.int64(639)), T.int64(0)), T.max(T.min(T.Div(v_i3, T.int64(2)), T.int64(447)), T.int64(0))])
                        T.writes(resize[v_i0, v_i1, v_i2, v_i3])
                        resize[v_i0, v_i1, v_i2, v_i3] = A[v_i0, v_i1, T.max(T.min(T.Div(v_i2, T.int64(2)), T.int64(639)), T.int64(0)), T.max(T.min(T.Div(v_i3, T.int64(2)), T.int64(447)), T.int64(0))]
b0 = sch.get_block(name="resize", func_name="main")
l1, l2, l3, l4 = sch.get_loops(block=b0)
l5 = sch.fuse(l1, l2, l3, l4, preserve_unit_iters=True)
l6, l7, l8 = sch.split(loop=l5, factors=[None, 256, 256], preserve_unit_iters=True)
sch.reorder(l7, l8, l6)
sch.bind(loop=l7, thread_axis="blockIdx.x")
sch.bind(loop=l8, thread_axis="threadIdx.x")
2023-05-18 12:03:56 [INFO] [evolutionary_search.cc:713] Generating candidates......
2023-05-18 12:03:56 [INFO] [evolutionary_search.cc:715] Picked top 0 candidate(s) from database
2023-05-18 12:03:56 [INFO] [evolutionary_search.cc:533] Sample-Init-Population summary:
Postproc #0 [meta_schedule.DisallowDynamicLoop(0x600001ffff28)]: 0 failure(s)
Postproc #1 [meta_schedule.RewriteCooperativeFetch(0x600001fffc88)]: 0 failure(s)
Postproc #2 [meta_schedule.RewriteUnboundBlock(0x600001ffea48)]: 0 failure(s)
Postproc #3 [meta_schedule.RewriteParallelVectorizeUnroll(0x600001fff328)]: 0 failure(s)
Postproc #4 [meta_schedule.RewriteReductionBlock(0x600001fff6c8)]: 0 failure(s)
Postproc #5 [meta_schedule.VerifyGPUCode(0x60000149d1d8)]: 0 failure(s)
2023-05-18 12:03:56 [INFO] [evolutionary_search.cc:723] Sampled 512 candidate(s)
2023-05-18 12:03:56 [INFO] [evolutionary_search.cc:621] Evolve iter #0 done. Summary:
Postproc #0 [meta_schedule.DisallowDynamicLoop(0x600001ffff28)]: 0 failure(s)
Postproc #1 [meta_schedule.RewriteCooperativeFetch(0x600001fffc88)]: 0 failure(s)
Postproc #2 [meta_schedule.RewriteUnboundBlock(0x600001ffea48)]: 0 failure(s)
Postproc #3 [meta_schedule.RewriteParallelVectorizeUnroll(0x600001fff328)]: 0 failure(s)
Postproc #4 [meta_schedule.RewriteReductionBlock(0x600001fff6c8)]: 0 failure(s)
Postproc #5 [meta_schedule.VerifyGPUCode(0x60000149d1d8)]: 0 failure(s)
2023-05-18 12:03:56 [INFO] [evolutionary_search.cc:621] Evolve iter #1 done. Summary:
Postproc #0 [meta_schedule.DisallowDynamicLoop(0x600001ffff28)]: 0 failure(s)
Postproc #1 [meta_schedule.RewriteCooperativeFetch(0x600001fffc88)]: 0 failure(s)
Postproc #2 [meta_schedule.RewriteUnboundBlock(0x600001ffea48)]: 0 failure(s)
Postproc #3 [meta_schedule.RewriteParallelVectorizeUnroll(0x600001fff328)]: 0 failure(s)
Postproc #4 [meta_schedule.RewriteReductionBlock(0x600001fff6c8)]: 0 failure(s)
Postproc #5 [meta_schedule.VerifyGPUCode(0x60000149d1d8)]: 0 failure(s)
2023-05-18 12:03:56 [INFO] [evolutionary_search.cc:621] Evolve iter #2 done. Summary:
Postproc #0 [meta_schedule.DisallowDynamicLoop(0x600001ffff28)]: 0 failure(s)
Postproc #1 [meta_schedule.RewriteCooperativeFetch(0x600001fffc88)]: 0 failure(s)
Postproc #2 [meta_schedule.RewriteUnboundBlock(0x600001ffea48)]: 0 failure(s)
Postproc #3 [meta_schedule.RewriteParallelVectorizeUnroll(0x600001fff328)]: 0 failure(s)
Postproc #4 [meta_schedule.RewriteReductionBlock(0x600001fff6c8)]: 0 failure(s)
Postproc #5 [meta_schedule.VerifyGPUCode(0x60000149d1d8)]: 0 failure(s)
2023-05-18 12:03:56 [INFO] [evolutionary_search.cc:621] Evolve iter #3 done. Summary:
Postproc #0 [meta_schedule.DisallowDynamicLoop(0x600001ffff28)]: 0 failure(s)
Postproc #1 [meta_schedule.RewriteCooperativeFetch(0x600001fffc88)]: 0 failure(s)
Postproc #2 [meta_schedule.RewriteUnboundBlock(0x600001ffea48)]: 0 failure(s)
Postproc #3 [meta_schedule.RewriteParallelVectorizeUnroll(0x600001fff328)]: 0 failure(s)
Postproc #4 [meta_schedule.RewriteReductionBlock(0x600001fff6c8)]: 0 failure(s)
Postproc #5 [meta_schedule.VerifyGPUCode(0x60000149d1d8)]: 0 failure(s)
2023-05-18 12:03:56 [INFO] [evolutionary_search.cc:649] Scores of the best 1 candidates:
[1 : 1]:	0.8435
2023-05-18 12:03:56 [INFO] [evolutionary_search.cc:727] Got 1 candidate(s) with evolutionary search
2023-05-18 12:03:56 [INFO] [evolutionary_search.cc:730] Sending 1 candidates(s) for measurement
2023-05-18 13:16:09 [INFO] [task_scheduler.cc:131] [Task #17: resize2d] Trial #1: GFLOPs: 0.0000. Time: 6298.4416 us. Best GFLOPs: 0.0000
2023-05-18 17:57:49 [INFO] [evolutionary_search.cc:713] Generating candidates......
2023-05-18 17:57:49 [INFO] [evolutionary_search.cc:715] Picked top 1 candidate(s) from database
2023-05-18 17:57:49 [INFO] [evolutionary_search.cc:533] Sample-Init-Population summary:
Postproc #0 [meta_schedule.DisallowDynamicLoop(0x600001ffff28)]: 0 failure(s)
Postproc #1 [meta_schedule.RewriteCooperativeFetch(0x600001fffc88)]: 0 failure(s)
Postproc #2 [meta_schedule.RewriteUnboundBlock(0x600001ffea48)]: 0 failure(s)
Postproc #3 [meta_schedule.RewriteParallelVectorizeUnroll(0x600001fff328)]: 0 failure(s)
Postproc #4 [meta_schedule.RewriteReductionBlock(0x600001fff6c8)]: 0 failure(s)
Postproc #5 [meta_schedule.VerifyGPUCode(0x60000149d1d8)]: 0 failure(s)
2023-05-18 17:57:49 [INFO] [evolutionary_search.cc:723] Sampled 511 candidate(s)
2023-05-18 17:57:50 [INFO] [evolutionary_search.cc:621] Evolve iter #0 done. Summary:
Postproc #0 [meta_schedule.DisallowDynamicLoop(0x600001ffff28)]: 0 failure(s)
Postproc #1 [meta_schedule.RewriteCooperativeFetch(0x600001fffc88)]: 0 failure(s)
Postproc #2 [meta_schedule.RewriteUnboundBlock(0x600001ffea48)]: 0 failure(s)
Postproc #3 [meta_schedule.RewriteParallelVectorizeUnroll(0x600001fff328)]: 0 failure(s)
Postproc #4 [meta_schedule.RewriteReductionBlock(0x600001fff6c8)]: 0 failure(s)
Postproc #5 [meta_schedule.VerifyGPUCode(0x60000149d1d8)]: 0 failure(s)
2023-05-18 17:57:50 [INFO] [evolutionary_search.cc:621] Evolve iter #1 done. Summary:
Postproc #0 [meta_schedule.DisallowDynamicLoop(0x600001ffff28)]: 0 failure(s)
Postproc #1 [meta_schedule.RewriteCooperativeFetch(0x600001fffc88)]: 0 failure(s)
Postproc #2 [meta_schedule.RewriteUnboundBlock(0x600001ffea48)]: 0 failure(s)
Postproc #3 [meta_schedule.RewriteParallelVectorizeUnroll(0x600001fff328)]: 0 failure(s)
Postproc #4 [meta_schedule.RewriteReductionBlock(0x600001fff6c8)]: 0 failure(s)
Postproc #5 [meta_schedule.VerifyGPUCode(0x60000149d1d8)]: 0 failure(s)
2023-05-18 17:57:50 [INFO] [evolutionary_search.cc:621] Evolve iter #2 done. Summary:
Postproc #0 [meta_schedule.DisallowDynamicLoop(0x600001ffff28)]: 0 failure(s)
Postproc #1 [meta_schedule.RewriteCooperativeFetch(0x600001fffc88)]: 0 failure(s)
Postproc #2 [meta_schedule.RewriteUnboundBlock(0x600001ffea48)]: 0 failure(s)
Postproc #3 [meta_schedule.RewriteParallelVectorizeUnroll(0x600001fff328)]: 0 failure(s)
Postproc #4 [meta_schedule.RewriteReductionBlock(0x600001fff6c8)]: 0 failure(s)
Postproc #5 [meta_schedule.VerifyGPUCode(0x60000149d1d8)]: 0 failure(s)
2023-05-18 17:57:51 [INFO] [evolutionary_search.cc:621] Evolve iter #3 done. Summary:
Postproc #0 [meta_schedule.DisallowDynamicLoop(0x600001ffff28)]: 0 failure(s)
Postproc #1 [meta_schedule.RewriteCooperativeFetch(0x600001fffc88)]: 0 failure(s)
Postproc #2 [meta_schedule.RewriteUnboundBlock(0x600001ffea48)]: 0 failure(s)
Postproc #3 [meta_schedule.RewriteParallelVectorizeUnroll(0x600001fff328)]: 0 failure(s)
Postproc #4 [meta_schedule.RewriteReductionBlock(0x600001fff6c8)]: 0 failure(s)
Postproc #5 [meta_schedule.VerifyGPUCode(0x60000149d1d8)]: 0 failure(s)
2023-05-18 17:57:51 [INFO] [evolutionary_search.cc:649] Scores of the best 0 candidates:
2023-05-18 17:57:51 [INFO] [evolutionary_search.cc:727] Got 0 candidate(s) with evolutionary search
2023-05-18 17:57:51 [INFO] [evolutionary_search.cc:730] Sending 0 candidates(s) for measurement
2023-05-18 18:27:45 [INFO] [evolutionary_search.cc:713] Generating candidates......
2023-05-18 18:27:45 [INFO] [evolutionary_search.cc:715] Picked top 1 candidate(s) from database
2023-05-18 18:27:46 [INFO] [evolutionary_search.cc:533] Sample-Init-Population summary:
Postproc #0 [meta_schedule.DisallowDynamicLoop(0x600001ffff28)]: 0 failure(s)
Postproc #1 [meta_schedule.RewriteCooperativeFetch(0x600001fffc88)]: 0 failure(s)
Postproc #2 [meta_schedule.RewriteUnboundBlock(0x600001ffea48)]: 0 failure(s)
Postproc #3 [meta_schedule.RewriteParallelVectorizeUnroll(0x600001fff328)]: 0 failure(s)
Postproc #4 [meta_schedule.RewriteReductionBlock(0x600001fff6c8)]: 0 failure(s)
Postproc #5 [meta_schedule.VerifyGPUCode(0x60000149d1d8)]: 0 failure(s)
2023-05-18 18:27:46 [INFO] [evolutionary_search.cc:723] Sampled 511 candidate(s)
2023-05-18 18:27:46 [INFO] [evolutionary_search.cc:621] Evolve iter #0 done. Summary:
Postproc #0 [meta_schedule.DisallowDynamicLoop(0x600001ffff28)]: 0 failure(s)
Postproc #1 [meta_schedule.RewriteCooperativeFetch(0x600001fffc88)]: 0 failure(s)
Postproc #2 [meta_schedule.RewriteUnboundBlock(0x600001ffea48)]: 0 failure(s)
Postproc #3 [meta_schedule.RewriteParallelVectorizeUnroll(0x600001fff328)]: 0 failure(s)
Postproc #4 [meta_schedule.RewriteReductionBlock(0x600001fff6c8)]: 0 failure(s)
Postproc #5 [meta_schedule.VerifyGPUCode(0x60000149d1d8)]: 0 failure(s)
2023-05-18 18:27:46 [INFO] [evolutionary_search.cc:621] Evolve iter #1 done. Summary:
Postproc #0 [meta_schedule.DisallowDynamicLoop(0x600001ffff28)]: 0 failure(s)
Postproc #1 [meta_schedule.RewriteCooperativeFetch(0x600001fffc88)]: 0 failure(s)
Postproc #2 [meta_schedule.RewriteUnboundBlock(0x600001ffea48)]: 0 failure(s)
Postproc #3 [meta_schedule.RewriteParallelVectorizeUnroll(0x600001fff328)]: 0 failure(s)
Postproc #4 [meta_schedule.RewriteReductionBlock(0x600001fff6c8)]: 0 failure(s)
Postproc #5 [meta_schedule.VerifyGPUCode(0x60000149d1d8)]: 0 failure(s)
2023-05-18 18:27:47 [INFO] [evolutionary_search.cc:621] Evolve iter #2 done. Summary:
Postproc #0 [meta_schedule.DisallowDynamicLoop(0x600001ffff28)]: 0 failure(s)
Postproc #1 [meta_schedule.RewriteCooperativeFetch(0x600001fffc88)]: 0 failure(s)
Postproc #2 [meta_schedule.RewriteUnboundBlock(0x600001ffea48)]: 0 failure(s)
Postproc #3 [meta_schedule.RewriteParallelVectorizeUnroll(0x600001fff328)]: 0 failure(s)
Postproc #4 [meta_schedule.RewriteReductionBlock(0x600001fff6c8)]: 0 failure(s)
Postproc #5 [meta_schedule.VerifyGPUCode(0x60000149d1d8)]: 0 failure(s)
2023-05-18 18:27:47 [INFO] [evolutionary_search.cc:621] Evolve iter #3 done. Summary:
Postproc #0 [meta_schedule.DisallowDynamicLoop(0x600001ffff28)]: 0 failure(s)
Postproc #1 [meta_schedule.RewriteCooperativeFetch(0x600001fffc88)]: 0 failure(s)
Postproc #2 [meta_schedule.RewriteUnboundBlock(0x600001ffea48)]: 0 failure(s)
Postproc #3 [meta_schedule.RewriteParallelVectorizeUnroll(0x600001fff328)]: 0 failure(s)
Postproc #4 [meta_schedule.RewriteReductionBlock(0x600001fff6c8)]: 0 failure(s)
Postproc #5 [meta_schedule.VerifyGPUCode(0x60000149d1d8)]: 0 failure(s)
2023-05-18 18:27:48 [INFO] [evolutionary_search.cc:649] Scores of the best 0 candidates:
2023-05-18 18:27:48 [INFO] [evolutionary_search.cc:727] Got 0 candidate(s) with evolutionary search
2023-05-18 18:27:48 [INFO] [evolutionary_search.cc:730] Sending 0 candidates(s) for measurement
2023-05-18 18:38:23 [INFO] [evolutionary_search.cc:713] Generating candidates......
2023-05-18 18:38:23 [INFO] [evolutionary_search.cc:715] Picked top 1 candidate(s) from database
2023-05-18 18:38:23 [INFO] [evolutionary_search.cc:533] Sample-Init-Population summary:
Postproc #0 [meta_schedule.DisallowDynamicLoop(0x600001ffff28)]: 0 failure(s)
Postproc #1 [meta_schedule.RewriteCooperativeFetch(0x600001fffc88)]: 0 failure(s)
Postproc #2 [meta_schedule.RewriteUnboundBlock(0x600001ffea48)]: 0 failure(s)
Postproc #3 [meta_schedule.RewriteParallelVectorizeUnroll(0x600001fff328)]: 0 failure(s)
Postproc #4 [meta_schedule.RewriteReductionBlock(0x600001fff6c8)]: 0 failure(s)
Postproc #5 [meta_schedule.VerifyGPUCode(0x60000149d1d8)]: 0 failure(s)
2023-05-18 18:38:23 [INFO] [evolutionary_search.cc:723] Sampled 511 candidate(s)
2023-05-18 18:38:24 [INFO] [evolutionary_search.cc:621] Evolve iter #0 done. Summary:
Postproc #0 [meta_schedule.DisallowDynamicLoop(0x600001ffff28)]: 0 failure(s)
Postproc #1 [meta_schedule.RewriteCooperativeFetch(0x600001fffc88)]: 0 failure(s)
Postproc #2 [meta_schedule.RewriteUnboundBlock(0x600001ffea48)]: 0 failure(s)
Postproc #3 [meta_schedule.RewriteParallelVectorizeUnroll(0x600001fff328)]: 0 failure(s)
Postproc #4 [meta_schedule.RewriteReductionBlock(0x600001fff6c8)]: 0 failure(s)
Postproc #5 [meta_schedule.VerifyGPUCode(0x60000149d1d8)]: 0 failure(s)
2023-05-18 18:38:24 [INFO] [evolutionary_search.cc:621] Evolve iter #1 done. Summary:
Postproc #0 [meta_schedule.DisallowDynamicLoop(0x600001ffff28)]: 0 failure(s)
Postproc #1 [meta_schedule.RewriteCooperativeFetch(0x600001fffc88)]: 0 failure(s)
Postproc #2 [meta_schedule.RewriteUnboundBlock(0x600001ffea48)]: 0 failure(s)
Postproc #3 [meta_schedule.RewriteParallelVectorizeUnroll(0x600001fff328)]: 0 failure(s)
Postproc #4 [meta_schedule.RewriteReductionBlock(0x600001fff6c8)]: 0 failure(s)
Postproc #5 [meta_schedule.VerifyGPUCode(0x60000149d1d8)]: 0 failure(s)
2023-05-18 18:38:24 [INFO] [evolutionary_search.cc:621] Evolve iter #2 done. Summary:
Postproc #0 [meta_schedule.DisallowDynamicLoop(0x600001ffff28)]: 0 failure(s)
Postproc #1 [meta_schedule.RewriteCooperativeFetch(0x600001fffc88)]: 0 failure(s)
Postproc #2 [meta_schedule.RewriteUnboundBlock(0x600001ffea48)]: 0 failure(s)
Postproc #3 [meta_schedule.RewriteParallelVectorizeUnroll(0x600001fff328)]: 0 failure(s)
Postproc #4 [meta_schedule.RewriteReductionBlock(0x600001fff6c8)]: 0 failure(s)
Postproc #5 [meta_schedule.VerifyGPUCode(0x60000149d1d8)]: 0 failure(s)
2023-05-18 18:38:25 [INFO] [evolutionary_search.cc:621] Evolve iter #3 done. Summary:
Postproc #0 [meta_schedule.DisallowDynamicLoop(0x600001ffff28)]: 0 failure(s)
Postproc #1 [meta_schedule.RewriteCooperativeFetch(0x600001fffc88)]: 0 failure(s)
Postproc #2 [meta_schedule.RewriteUnboundBlock(0x600001ffea48)]: 0 failure(s)
Postproc #3 [meta_schedule.RewriteParallelVectorizeUnroll(0x600001fff328)]: 0 failure(s)
Postproc #4 [meta_schedule.RewriteReductionBlock(0x600001fff6c8)]: 0 failure(s)
Postproc #5 [meta_schedule.VerifyGPUCode(0x60000149d1d8)]: 0 failure(s)
2023-05-18 18:38:25 [INFO] [evolutionary_search.cc:649] Scores of the best 0 candidates:
2023-05-18 18:38:25 [INFO] [evolutionary_search.cc:727] Got 0 candidate(s) with evolutionary search
2023-05-18 18:38:25 [INFO] [evolutionary_search.cc:730] Sending 0 candidates(s) for measurement
2023-05-18 18:49:15 [INFO] [evolutionary_search.cc:713] Generating candidates......
2023-05-18 18:49:15 [INFO] [evolutionary_search.cc:715] Picked top 1 candidate(s) from database
2023-05-18 18:49:15 [INFO] [evolutionary_search.cc:533] Sample-Init-Population summary:
Postproc #0 [meta_schedule.DisallowDynamicLoop(0x600001ffff28)]: 0 failure(s)
Postproc #1 [meta_schedule.RewriteCooperativeFetch(0x600001fffc88)]: 0 failure(s)
Postproc #2 [meta_schedule.RewriteUnboundBlock(0x600001ffea48)]: 0 failure(s)
Postproc #3 [meta_schedule.RewriteParallelVectorizeUnroll(0x600001fff328)]: 0 failure(s)
Postproc #4 [meta_schedule.RewriteReductionBlock(0x600001fff6c8)]: 0 failure(s)
Postproc #5 [meta_schedule.VerifyGPUCode(0x60000149d1d8)]: 0 failure(s)
2023-05-18 18:49:15 [INFO] [evolutionary_search.cc:723] Sampled 511 candidate(s)
2023-05-18 18:49:15 [INFO] [evolutionary_search.cc:621] Evolve iter #0 done. Summary:
Postproc #0 [meta_schedule.DisallowDynamicLoop(0x600001ffff28)]: 0 failure(s)
Postproc #1 [meta_schedule.RewriteCooperativeFetch(0x600001fffc88)]: 0 failure(s)
Postproc #2 [meta_schedule.RewriteUnboundBlock(0x600001ffea48)]: 0 failure(s)
Postproc #3 [meta_schedule.RewriteParallelVectorizeUnroll(0x600001fff328)]: 0 failure(s)
Postproc #4 [meta_schedule.RewriteReductionBlock(0x600001fff6c8)]: 0 failure(s)
Postproc #5 [meta_schedule.VerifyGPUCode(0x60000149d1d8)]: 0 failure(s)
2023-05-18 18:49:16 [INFO] [evolutionary_search.cc:621] Evolve iter #1 done. Summary:
Postproc #0 [meta_schedule.DisallowDynamicLoop(0x600001ffff28)]: 0 failure(s)
Postproc #1 [meta_schedule.RewriteCooperativeFetch(0x600001fffc88)]: 0 failure(s)
Postproc #2 [meta_schedule.RewriteUnboundBlock(0x600001ffea48)]: 0 failure(s)
Postproc #3 [meta_schedule.RewriteParallelVectorizeUnroll(0x600001fff328)]: 0 failure(s)
Postproc #4 [meta_schedule.RewriteReductionBlock(0x600001fff6c8)]: 0 failure(s)
Postproc #5 [meta_schedule.VerifyGPUCode(0x60000149d1d8)]: 0 failure(s)
2023-05-18 18:49:16 [INFO] [evolutionary_search.cc:621] Evolve iter #2 done. Summary:
Postproc #0 [meta_schedule.DisallowDynamicLoop(0x600001ffff28)]: 0 failure(s)
Postproc #1 [meta_schedule.RewriteCooperativeFetch(0x600001fffc88)]: 0 failure(s)
Postproc #2 [meta_schedule.RewriteUnboundBlock(0x600001ffea48)]: 0 failure(s)
Postproc #3 [meta_schedule.RewriteParallelVectorizeUnroll(0x600001fff328)]: 0 failure(s)
Postproc #4 [meta_schedule.RewriteReductionBlock(0x600001fff6c8)]: 0 failure(s)
Postproc #5 [meta_schedule.VerifyGPUCode(0x60000149d1d8)]: 0 failure(s)
2023-05-18 18:49:17 [INFO] [evolutionary_search.cc:621] Evolve iter #3 done. Summary:
Postproc #0 [meta_schedule.DisallowDynamicLoop(0x600001ffff28)]: 0 failure(s)
Postproc #1 [meta_schedule.RewriteCooperativeFetch(0x600001fffc88)]: 0 failure(s)
Postproc #2 [meta_schedule.RewriteUnboundBlock(0x600001ffea48)]: 0 failure(s)
Postproc #3 [meta_schedule.RewriteParallelVectorizeUnroll(0x600001fff328)]: 0 failure(s)
Postproc #4 [meta_schedule.RewriteReductionBlock(0x600001fff6c8)]: 0 failure(s)
Postproc #5 [meta_schedule.VerifyGPUCode(0x60000149d1d8)]: 0 failure(s)
2023-05-18 18:49:17 [INFO] [evolutionary_search.cc:649] Scores of the best 0 candidates:
2023-05-18 18:49:17 [INFO] [evolutionary_search.cc:727] Got 0 candidate(s) with evolutionary search
2023-05-18 18:49:17 [INFO] [evolutionary_search.cc:730] Sending 0 candidates(s) for measurement
2023-05-18 18:55:33 [INFO] [evolutionary_search.cc:713] Generating candidates......
2023-05-18 18:55:33 [INFO] [evolutionary_search.cc:715] Picked top 1 candidate(s) from database
2023-05-18 18:55:34 [INFO] [evolutionary_search.cc:533] Sample-Init-Population summary:
Postproc #0 [meta_schedule.DisallowDynamicLoop(0x600001ffff28)]: 0 failure(s)
Postproc #1 [meta_schedule.RewriteCooperativeFetch(0x600001fffc88)]: 0 failure(s)
Postproc #2 [meta_schedule.RewriteUnboundBlock(0x600001ffea48)]: 0 failure(s)
Postproc #3 [meta_schedule.RewriteParallelVectorizeUnroll(0x600001fff328)]: 0 failure(s)
Postproc #4 [meta_schedule.RewriteReductionBlock(0x600001fff6c8)]: 0 failure(s)
Postproc #5 [meta_schedule.VerifyGPUCode(0x60000149d1d8)]: 0 failure(s)
2023-05-18 18:55:34 [INFO] [evolutionary_search.cc:723] Sampled 511 candidate(s)
2023-05-18 18:55:34 [INFO] [evolutionary_search.cc:621] Evolve iter #0 done. Summary:
Postproc #0 [meta_schedule.DisallowDynamicLoop(0x600001ffff28)]: 0 failure(s)
Postproc #1 [meta_schedule.RewriteCooperativeFetch(0x600001fffc88)]: 0 failure(s)
Postproc #2 [meta_schedule.RewriteUnboundBlock(0x600001ffea48)]: 0 failure(s)
Postproc #3 [meta_schedule.RewriteParallelVectorizeUnroll(0x600001fff328)]: 0 failure(s)
Postproc #4 [meta_schedule.RewriteReductionBlock(0x600001fff6c8)]: 0 failure(s)
Postproc #5 [meta_schedule.VerifyGPUCode(0x60000149d1d8)]: 0 failure(s)
2023-05-18 18:55:34 [INFO] [evolutionary_search.cc:621] Evolve iter #1 done. Summary:
Postproc #0 [meta_schedule.DisallowDynamicLoop(0x600001ffff28)]: 0 failure(s)
Postproc #1 [meta_schedule.RewriteCooperativeFetch(0x600001fffc88)]: 0 failure(s)
Postproc #2 [meta_schedule.RewriteUnboundBlock(0x600001ffea48)]: 0 failure(s)
Postproc #3 [meta_schedule.RewriteParallelVectorizeUnroll(0x600001fff328)]: 0 failure(s)
Postproc #4 [meta_schedule.RewriteReductionBlock(0x600001fff6c8)]: 0 failure(s)
Postproc #5 [meta_schedule.VerifyGPUCode(0x60000149d1d8)]: 0 failure(s)
2023-05-18 18:55:35 [INFO] [evolutionary_search.cc:621] Evolve iter #2 done. Summary:
Postproc #0 [meta_schedule.DisallowDynamicLoop(0x600001ffff28)]: 0 failure(s)
Postproc #1 [meta_schedule.RewriteCooperativeFetch(0x600001fffc88)]: 0 failure(s)
Postproc #2 [meta_schedule.RewriteUnboundBlock(0x600001ffea48)]: 0 failure(s)
Postproc #3 [meta_schedule.RewriteParallelVectorizeUnroll(0x600001fff328)]: 0 failure(s)
Postproc #4 [meta_schedule.RewriteReductionBlock(0x600001fff6c8)]: 0 failure(s)
Postproc #5 [meta_schedule.VerifyGPUCode(0x60000149d1d8)]: 0 failure(s)
2023-05-18 18:55:35 [INFO] [evolutionary_search.cc:621] Evolve iter #3 done. Summary:
Postproc #0 [meta_schedule.DisallowDynamicLoop(0x600001ffff28)]: 0 failure(s)
Postproc #1 [meta_schedule.RewriteCooperativeFetch(0x600001fffc88)]: 0 failure(s)
Postproc #2 [meta_schedule.RewriteUnboundBlock(0x600001ffea48)]: 0 failure(s)
Postproc #3 [meta_schedule.RewriteParallelVectorizeUnroll(0x600001fff328)]: 0 failure(s)
Postproc #4 [meta_schedule.RewriteReductionBlock(0x600001fff6c8)]: 0 failure(s)
Postproc #5 [meta_schedule.VerifyGPUCode(0x60000149d1d8)]: 0 failure(s)
2023-05-18 18:55:36 [INFO] [evolutionary_search.cc:649] Scores of the best 0 candidates:
2023-05-18 18:55:36 [INFO] [evolutionary_search.cc:727] Got 0 candidate(s) with evolutionary search
2023-05-18 18:55:36 [INFO] [evolutionary_search.cc:730] Sending 0 candidates(s) for measurement
