2023-06-19 03:54:11 [INFO] [task_scheduler.cc:160] Initializing Task #7: "resize2d"
2023-06-19 03:54:11 [INFO] [task_scheduler.cc:35] 
# from tvm.script import ir as I
# from tvm.script import tir as T

@I.ir_module
class Module:
    @T.prim_func
    def main(A: T.Buffer((T.int64(1), T.int64(64), T.int64(179), T.int64(179)), "float32"), resize: T.Buffer((T.int64(1), T.int64(64), T.int64(358), T.int64(358)), "float32")):
        T.func_attr({"global_symbol": "main", "op_pattern": 2, "tir.noalias": T.bool(True)})
        # with T.block("root"):
        for i0, i1, i2, i3 in T.grid(T.int64(1), T.int64(64), T.int64(358), T.int64(358)):
            with T.block("resize"):
                v_i0, v_i1, v_i2, v_i3 = T.axis.remap("SSSS", [i0, i1, i2, i3])
                T.reads(A[v_i0, v_i1, T.max(T.min(T.Div(v_i2, T.int64(2)), T.int64(178)), T.int64(0)), T.max(T.min(T.Div(v_i3, T.int64(2)), T.int64(178)), T.int64(0))])
                T.writes(resize[v_i0, v_i1, v_i2, v_i3])
                resize[v_i0, v_i1, v_i2, v_i3] = A[v_i0, v_i1, T.max(T.min(T.Div(v_i2, T.int64(2)), T.int64(178)), T.int64(0)), T.max(T.min(T.Div(v_i3, T.int64(2)), T.int64(178)), T.int64(0))]
2023-06-19 03:54:11 [INFO] [task_scheduler.cc:164] Total 1 design space(s) generated
2023-06-19 03:54:11 [INFO] [task_scheduler.cc:170] Design space #0:
# from tvm.script import ir as I
# from tvm.script import tir as T

@I.ir_module
class Module:
    @T.prim_func
    def main(A: T.Buffer((T.int64(1), T.int64(64), T.int64(179), T.int64(179)), "float32"), resize: T.Buffer((T.int64(1), T.int64(64), T.int64(358), T.int64(358)), "float32")):
        T.func_attr({"global_symbol": "main", "op_pattern": 2, "tir.noalias": T.bool(True)})
        # with T.block("root"):
        for i0_i1_i2_i3_fused_1 in T.thread_binding(T.int64(256), thread="blockIdx.x"):
            for i0_i1_i2_i3_fused_2 in T.thread_binding(T.int64(256), thread="threadIdx.x"):
                for i0_i1_i2_i3_fused_0 in range(T.int64(126)):
                    with T.block("resize"):
                        v_i0 = T.axis.spatial(T.int64(1), T.int64(0))
                        v_i1 = T.axis.spatial(T.int64(64), (i0_i1_i2_i3_fused_0 * T.int64(65536) + i0_i1_i2_i3_fused_1 * T.int64(256) + i0_i1_i2_i3_fused_2) // T.int64(128164))
                        v_i2 = T.axis.spatial(T.int64(358), (i0_i1_i2_i3_fused_0 * T.int64(65536) + i0_i1_i2_i3_fused_1 * T.int64(256) + i0_i1_i2_i3_fused_2) % T.int64(128164) // T.int64(358))
                        v_i3 = T.axis.spatial(T.int64(358), (i0_i1_i2_i3_fused_0 * T.int64(65536) + i0_i1_i2_i3_fused_1 * T.int64(256) + i0_i1_i2_i3_fused_2) % T.int64(358))
                        T.where((i0_i1_i2_i3_fused_0 * T.int64(256) + i0_i1_i2_i3_fused_1) * T.int64(256) + i0_i1_i2_i3_fused_2 < T.int64(8202496))
                        T.reads(A[v_i0, v_i1, T.max(T.min(T.Div(v_i2, T.int64(2)), T.int64(178)), T.int64(0)), T.max(T.min(T.Div(v_i3, T.int64(2)), T.int64(178)), T.int64(0))])
                        T.writes(resize[v_i0, v_i1, v_i2, v_i3])
                        resize[v_i0, v_i1, v_i2, v_i3] = A[v_i0, v_i1, T.max(T.min(T.Div(v_i2, T.int64(2)), T.int64(178)), T.int64(0)), T.max(T.min(T.Div(v_i3, T.int64(2)), T.int64(178)), T.int64(0))]
b0 = sch.get_block(name="resize", func_name="main")
l1, l2, l3, l4 = sch.get_loops(block=b0)
l5 = sch.fuse(l1, l2, l3, l4, preserve_unit_iters=True)
l6, l7, l8 = sch.split(loop=l5, factors=[None, 256, 256], preserve_unit_iters=True)
sch.reorder(l7, l8, l6)
sch.bind(loop=l7, thread_axis="blockIdx.x")
sch.bind(loop=l8, thread_axis="threadIdx.x")
2023-06-19 03:55:29 [INFO] [evolutionary_search.cc:713] Generating candidates......
2023-06-19 03:55:29 [INFO] [evolutionary_search.cc:715] Picked top 0 candidate(s) from database
2023-06-19 03:55:29 [INFO] [evolutionary_search.cc:533] Sample-Init-Population summary:
Postproc #0 [meta_schedule.DisallowDynamicLoop(0x600001c5a228)]: 0 failure(s)
Postproc #1 [meta_schedule.RewriteCooperativeFetch(0x600001c58ee8)]: 0 failure(s)
Postproc #2 [meta_schedule.RewriteUnboundBlock(0x600001c58ec8)]: 0 failure(s)
Postproc #3 [meta_schedule.RewriteParallelVectorizeUnroll(0x600001c5b0a8)]: 0 failure(s)
Postproc #4 [meta_schedule.RewriteReductionBlock(0x600001c5bee8)]: 0 failure(s)
Postproc #5 [meta_schedule.VerifyGPUCode(0x60000178a528)]: 0 failure(s)
2023-06-19 03:55:29 [INFO] [evolutionary_search.cc:723] Sampled 512 candidate(s)
2023-06-19 03:55:29 [INFO] [evolutionary_search.cc:621] Evolve iter #0 done. Summary:
Postproc #0 [meta_schedule.DisallowDynamicLoop(0x600001c5a228)]: 0 failure(s)
Postproc #1 [meta_schedule.RewriteCooperativeFetch(0x600001c58ee8)]: 0 failure(s)
Postproc #2 [meta_schedule.RewriteUnboundBlock(0x600001c58ec8)]: 0 failure(s)
Postproc #3 [meta_schedule.RewriteParallelVectorizeUnroll(0x600001c5b0a8)]: 0 failure(s)
Postproc #4 [meta_schedule.RewriteReductionBlock(0x600001c5bee8)]: 0 failure(s)
Postproc #5 [meta_schedule.VerifyGPUCode(0x60000178a528)]: 0 failure(s)
2023-06-19 03:55:29 [INFO] [evolutionary_search.cc:621] Evolve iter #1 done. Summary:
Postproc #0 [meta_schedule.DisallowDynamicLoop(0x600001c5a228)]: 0 failure(s)
Postproc #1 [meta_schedule.RewriteCooperativeFetch(0x600001c58ee8)]: 0 failure(s)
Postproc #2 [meta_schedule.RewriteUnboundBlock(0x600001c58ec8)]: 0 failure(s)
Postproc #3 [meta_schedule.RewriteParallelVectorizeUnroll(0x600001c5b0a8)]: 0 failure(s)
Postproc #4 [meta_schedule.RewriteReductionBlock(0x600001c5bee8)]: 0 failure(s)
Postproc #5 [meta_schedule.VerifyGPUCode(0x60000178a528)]: 0 failure(s)
2023-06-19 03:55:29 [INFO] [evolutionary_search.cc:621] Evolve iter #2 done. Summary:
Postproc #0 [meta_schedule.DisallowDynamicLoop(0x600001c5a228)]: 0 failure(s)
Postproc #1 [meta_schedule.RewriteCooperativeFetch(0x600001c58ee8)]: 0 failure(s)
Postproc #2 [meta_schedule.RewriteUnboundBlock(0x600001c58ec8)]: 0 failure(s)
Postproc #3 [meta_schedule.RewriteParallelVectorizeUnroll(0x600001c5b0a8)]: 0 failure(s)
Postproc #4 [meta_schedule.RewriteReductionBlock(0x600001c5bee8)]: 0 failure(s)
Postproc #5 [meta_schedule.VerifyGPUCode(0x60000178a528)]: 0 failure(s)
2023-06-19 03:55:29 [INFO] [evolutionary_search.cc:621] Evolve iter #3 done. Summary:
Postproc #0 [meta_schedule.DisallowDynamicLoop(0x600001c5a228)]: 0 failure(s)
Postproc #1 [meta_schedule.RewriteCooperativeFetch(0x600001c58ee8)]: 0 failure(s)
Postproc #2 [meta_schedule.RewriteUnboundBlock(0x600001c58ec8)]: 0 failure(s)
Postproc #3 [meta_schedule.RewriteParallelVectorizeUnroll(0x600001c5b0a8)]: 0 failure(s)
Postproc #4 [meta_schedule.RewriteReductionBlock(0x600001c5bee8)]: 0 failure(s)
Postproc #5 [meta_schedule.VerifyGPUCode(0x60000178a528)]: 0 failure(s)
2023-06-19 03:55:29 [INFO] [evolutionary_search.cc:649] Scores of the best 1 candidates:
[1 : 1]:	0.2402
2023-06-19 03:55:29 [INFO] [evolutionary_search.cc:727] Got 1 candidate(s) with evolutionary search
2023-06-19 03:55:29 [INFO] [evolutionary_search.cc:730] Sending 1 candidates(s) for measurement
2023-06-19 04:01:01 [INFO] [task_scheduler.cc:131] [Task #7: resize2d] Trial #1: GFLOPs: 0.0000. Time: 539.5353 us. Best GFLOPs: 0.0000
2023-06-19 06:46:42 [INFO] [evolutionary_search.cc:713] Generating candidates......
2023-06-19 06:46:42 [INFO] [evolutionary_search.cc:715] Picked top 1 candidate(s) from database
2023-06-19 06:46:42 [INFO] [evolutionary_search.cc:533] Sample-Init-Population summary:
Postproc #0 [meta_schedule.DisallowDynamicLoop(0x600001c5a228)]: 0 failure(s)
Postproc #1 [meta_schedule.RewriteCooperativeFetch(0x600001c58ee8)]: 0 failure(s)
Postproc #2 [meta_schedule.RewriteUnboundBlock(0x600001c58ec8)]: 0 failure(s)
Postproc #3 [meta_schedule.RewriteParallelVectorizeUnroll(0x600001c5b0a8)]: 0 failure(s)
Postproc #4 [meta_schedule.RewriteReductionBlock(0x600001c5bee8)]: 0 failure(s)
Postproc #5 [meta_schedule.VerifyGPUCode(0x60000178a528)]: 0 failure(s)
2023-06-19 06:46:42 [INFO] [evolutionary_search.cc:723] Sampled 511 candidate(s)
2023-06-19 06:46:43 [INFO] [evolutionary_search.cc:621] Evolve iter #0 done. Summary:
Postproc #0 [meta_schedule.DisallowDynamicLoop(0x600001c5a228)]: 0 failure(s)
Postproc #1 [meta_schedule.RewriteCooperativeFetch(0x600001c58ee8)]: 0 failure(s)
Postproc #2 [meta_schedule.RewriteUnboundBlock(0x600001c58ec8)]: 0 failure(s)
Postproc #3 [meta_schedule.RewriteParallelVectorizeUnroll(0x600001c5b0a8)]: 0 failure(s)
Postproc #4 [meta_schedule.RewriteReductionBlock(0x600001c5bee8)]: 0 failure(s)
Postproc #5 [meta_schedule.VerifyGPUCode(0x60000178a528)]: 0 failure(s)
2023-06-19 06:46:43 [INFO] [evolutionary_search.cc:621] Evolve iter #1 done. Summary:
Postproc #0 [meta_schedule.DisallowDynamicLoop(0x600001c5a228)]: 0 failure(s)
Postproc #1 [meta_schedule.RewriteCooperativeFetch(0x600001c58ee8)]: 0 failure(s)
Postproc #2 [meta_schedule.RewriteUnboundBlock(0x600001c58ec8)]: 0 failure(s)
Postproc #3 [meta_schedule.RewriteParallelVectorizeUnroll(0x600001c5b0a8)]: 0 failure(s)
Postproc #4 [meta_schedule.RewriteReductionBlock(0x600001c5bee8)]: 0 failure(s)
Postproc #5 [meta_schedule.VerifyGPUCode(0x60000178a528)]: 0 failure(s)
2023-06-19 06:46:43 [INFO] [evolutionary_search.cc:621] Evolve iter #2 done. Summary:
Postproc #0 [meta_schedule.DisallowDynamicLoop(0x600001c5a228)]: 0 failure(s)
Postproc #1 [meta_schedule.RewriteCooperativeFetch(0x600001c58ee8)]: 0 failure(s)
Postproc #2 [meta_schedule.RewriteUnboundBlock(0x600001c58ec8)]: 0 failure(s)
Postproc #3 [meta_schedule.RewriteParallelVectorizeUnroll(0x600001c5b0a8)]: 0 failure(s)
Postproc #4 [meta_schedule.RewriteReductionBlock(0x600001c5bee8)]: 0 failure(s)
Postproc #5 [meta_schedule.VerifyGPUCode(0x60000178a528)]: 0 failure(s)
2023-06-19 06:46:44 [INFO] [evolutionary_search.cc:621] Evolve iter #3 done. Summary:
Postproc #0 [meta_schedule.DisallowDynamicLoop(0x600001c5a228)]: 0 failure(s)
Postproc #1 [meta_schedule.RewriteCooperativeFetch(0x600001c58ee8)]: 0 failure(s)
Postproc #2 [meta_schedule.RewriteUnboundBlock(0x600001c58ec8)]: 0 failure(s)
Postproc #3 [meta_schedule.RewriteParallelVectorizeUnroll(0x600001c5b0a8)]: 0 failure(s)
Postproc #4 [meta_schedule.RewriteReductionBlock(0x600001c5bee8)]: 0 failure(s)
Postproc #5 [meta_schedule.VerifyGPUCode(0x60000178a528)]: 0 failure(s)
2023-06-19 06:46:44 [INFO] [evolutionary_search.cc:649] Scores of the best 0 candidates:
2023-06-19 06:46:44 [INFO] [evolutionary_search.cc:727] Got 0 candidate(s) with evolutionary search
2023-06-19 06:46:44 [INFO] [evolutionary_search.cc:730] Sending 0 candidates(s) for measurement
2023-06-19 07:00:30 [INFO] [evolutionary_search.cc:713] Generating candidates......
2023-06-19 07:00:30 [INFO] [evolutionary_search.cc:715] Picked top 1 candidate(s) from database
2023-06-19 07:00:30 [INFO] [evolutionary_search.cc:533] Sample-Init-Population summary:
Postproc #0 [meta_schedule.DisallowDynamicLoop(0x600001c5a228)]: 0 failure(s)
Postproc #1 [meta_schedule.RewriteCooperativeFetch(0x600001c58ee8)]: 0 failure(s)
Postproc #2 [meta_schedule.RewriteUnboundBlock(0x600001c58ec8)]: 0 failure(s)
Postproc #3 [meta_schedule.RewriteParallelVectorizeUnroll(0x600001c5b0a8)]: 0 failure(s)
Postproc #4 [meta_schedule.RewriteReductionBlock(0x600001c5bee8)]: 0 failure(s)
Postproc #5 [meta_schedule.VerifyGPUCode(0x60000178a528)]: 0 failure(s)
2023-06-19 07:00:30 [INFO] [evolutionary_search.cc:723] Sampled 511 candidate(s)
2023-06-19 07:00:31 [INFO] [evolutionary_search.cc:621] Evolve iter #0 done. Summary:
Postproc #0 [meta_schedule.DisallowDynamicLoop(0x600001c5a228)]: 0 failure(s)
Postproc #1 [meta_schedule.RewriteCooperativeFetch(0x600001c58ee8)]: 0 failure(s)
Postproc #2 [meta_schedule.RewriteUnboundBlock(0x600001c58ec8)]: 0 failure(s)
Postproc #3 [meta_schedule.RewriteParallelVectorizeUnroll(0x600001c5b0a8)]: 0 failure(s)
Postproc #4 [meta_schedule.RewriteReductionBlock(0x600001c5bee8)]: 0 failure(s)
Postproc #5 [meta_schedule.VerifyGPUCode(0x60000178a528)]: 0 failure(s)
2023-06-19 07:00:31 [INFO] [evolutionary_search.cc:621] Evolve iter #1 done. Summary:
Postproc #0 [meta_schedule.DisallowDynamicLoop(0x600001c5a228)]: 0 failure(s)
Postproc #1 [meta_schedule.RewriteCooperativeFetch(0x600001c58ee8)]: 0 failure(s)
Postproc #2 [meta_schedule.RewriteUnboundBlock(0x600001c58ec8)]: 0 failure(s)
Postproc #3 [meta_schedule.RewriteParallelVectorizeUnroll(0x600001c5b0a8)]: 0 failure(s)
Postproc #4 [meta_schedule.RewriteReductionBlock(0x600001c5bee8)]: 0 failure(s)
Postproc #5 [meta_schedule.VerifyGPUCode(0x60000178a528)]: 0 failure(s)
2023-06-19 07:00:31 [INFO] [evolutionary_search.cc:621] Evolve iter #2 done. Summary:
Postproc #0 [meta_schedule.DisallowDynamicLoop(0x600001c5a228)]: 0 failure(s)
Postproc #1 [meta_schedule.RewriteCooperativeFetch(0x600001c58ee8)]: 0 failure(s)
Postproc #2 [meta_schedule.RewriteUnboundBlock(0x600001c58ec8)]: 0 failure(s)
Postproc #3 [meta_schedule.RewriteParallelVectorizeUnroll(0x600001c5b0a8)]: 0 failure(s)
Postproc #4 [meta_schedule.RewriteReductionBlock(0x600001c5bee8)]: 0 failure(s)
Postproc #5 [meta_schedule.VerifyGPUCode(0x60000178a528)]: 0 failure(s)
2023-06-19 07:00:32 [INFO] [evolutionary_search.cc:621] Evolve iter #3 done. Summary:
Postproc #0 [meta_schedule.DisallowDynamicLoop(0x600001c5a228)]: 0 failure(s)
Postproc #1 [meta_schedule.RewriteCooperativeFetch(0x600001c58ee8)]: 0 failure(s)
Postproc #2 [meta_schedule.RewriteUnboundBlock(0x600001c58ec8)]: 0 failure(s)
Postproc #3 [meta_schedule.RewriteParallelVectorizeUnroll(0x600001c5b0a8)]: 0 failure(s)
Postproc #4 [meta_schedule.RewriteReductionBlock(0x600001c5bee8)]: 0 failure(s)
Postproc #5 [meta_schedule.VerifyGPUCode(0x60000178a528)]: 0 failure(s)
2023-06-19 07:00:32 [INFO] [evolutionary_search.cc:649] Scores of the best 0 candidates:
2023-06-19 07:00:32 [INFO] [evolutionary_search.cc:727] Got 0 candidate(s) with evolutionary search
2023-06-19 07:00:32 [INFO] [evolutionary_search.cc:730] Sending 0 candidates(s) for measurement
2023-06-19 07:09:26 [INFO] [evolutionary_search.cc:713] Generating candidates......
2023-06-19 07:09:26 [INFO] [evolutionary_search.cc:715] Picked top 1 candidate(s) from database
2023-06-19 07:09:26 [INFO] [evolutionary_search.cc:533] Sample-Init-Population summary:
Postproc #0 [meta_schedule.DisallowDynamicLoop(0x600001c5a228)]: 0 failure(s)
Postproc #1 [meta_schedule.RewriteCooperativeFetch(0x600001c58ee8)]: 0 failure(s)
Postproc #2 [meta_schedule.RewriteUnboundBlock(0x600001c58ec8)]: 0 failure(s)
Postproc #3 [meta_schedule.RewriteParallelVectorizeUnroll(0x600001c5b0a8)]: 0 failure(s)
Postproc #4 [meta_schedule.RewriteReductionBlock(0x600001c5bee8)]: 0 failure(s)
Postproc #5 [meta_schedule.VerifyGPUCode(0x60000178a528)]: 0 failure(s)
2023-06-19 07:09:26 [INFO] [evolutionary_search.cc:723] Sampled 511 candidate(s)
2023-06-19 07:09:27 [INFO] [evolutionary_search.cc:621] Evolve iter #0 done. Summary:
Postproc #0 [meta_schedule.DisallowDynamicLoop(0x600001c5a228)]: 0 failure(s)
Postproc #1 [meta_schedule.RewriteCooperativeFetch(0x600001c58ee8)]: 0 failure(s)
Postproc #2 [meta_schedule.RewriteUnboundBlock(0x600001c58ec8)]: 0 failure(s)
Postproc #3 [meta_schedule.RewriteParallelVectorizeUnroll(0x600001c5b0a8)]: 0 failure(s)
Postproc #4 [meta_schedule.RewriteReductionBlock(0x600001c5bee8)]: 0 failure(s)
Postproc #5 [meta_schedule.VerifyGPUCode(0x60000178a528)]: 0 failure(s)
2023-06-19 07:09:27 [INFO] [evolutionary_search.cc:621] Evolve iter #1 done. Summary:
Postproc #0 [meta_schedule.DisallowDynamicLoop(0x600001c5a228)]: 0 failure(s)
Postproc #1 [meta_schedule.RewriteCooperativeFetch(0x600001c58ee8)]: 0 failure(s)
Postproc #2 [meta_schedule.RewriteUnboundBlock(0x600001c58ec8)]: 0 failure(s)
Postproc #3 [meta_schedule.RewriteParallelVectorizeUnroll(0x600001c5b0a8)]: 0 failure(s)
Postproc #4 [meta_schedule.RewriteReductionBlock(0x600001c5bee8)]: 0 failure(s)
Postproc #5 [meta_schedule.VerifyGPUCode(0x60000178a528)]: 0 failure(s)
2023-06-19 07:09:27 [INFO] [evolutionary_search.cc:621] Evolve iter #2 done. Summary:
Postproc #0 [meta_schedule.DisallowDynamicLoop(0x600001c5a228)]: 0 failure(s)
Postproc #1 [meta_schedule.RewriteCooperativeFetch(0x600001c58ee8)]: 0 failure(s)
Postproc #2 [meta_schedule.RewriteUnboundBlock(0x600001c58ec8)]: 0 failure(s)
Postproc #3 [meta_schedule.RewriteParallelVectorizeUnroll(0x600001c5b0a8)]: 0 failure(s)
Postproc #4 [meta_schedule.RewriteReductionBlock(0x600001c5bee8)]: 0 failure(s)
Postproc #5 [meta_schedule.VerifyGPUCode(0x60000178a528)]: 0 failure(s)
2023-06-19 07:09:28 [INFO] [evolutionary_search.cc:621] Evolve iter #3 done. Summary:
Postproc #0 [meta_schedule.DisallowDynamicLoop(0x600001c5a228)]: 0 failure(s)
Postproc #1 [meta_schedule.RewriteCooperativeFetch(0x600001c58ee8)]: 0 failure(s)
Postproc #2 [meta_schedule.RewriteUnboundBlock(0x600001c58ec8)]: 0 failure(s)
Postproc #3 [meta_schedule.RewriteParallelVectorizeUnroll(0x600001c5b0a8)]: 0 failure(s)
Postproc #4 [meta_schedule.RewriteReductionBlock(0x600001c5bee8)]: 0 failure(s)
Postproc #5 [meta_schedule.VerifyGPUCode(0x60000178a528)]: 0 failure(s)
2023-06-19 07:09:28 [INFO] [evolutionary_search.cc:649] Scores of the best 0 candidates:
2023-06-19 07:09:28 [INFO] [evolutionary_search.cc:727] Got 0 candidate(s) with evolutionary search
2023-06-19 07:09:28 [INFO] [evolutionary_search.cc:730] Sending 0 candidates(s) for measurement
2023-06-19 07:13:24 [INFO] [evolutionary_search.cc:713] Generating candidates......
2023-06-19 07:13:24 [INFO] [evolutionary_search.cc:715] Picked top 1 candidate(s) from database
2023-06-19 07:13:24 [INFO] [evolutionary_search.cc:533] Sample-Init-Population summary:
Postproc #0 [meta_schedule.DisallowDynamicLoop(0x600001c5a228)]: 0 failure(s)
Postproc #1 [meta_schedule.RewriteCooperativeFetch(0x600001c58ee8)]: 0 failure(s)
Postproc #2 [meta_schedule.RewriteUnboundBlock(0x600001c58ec8)]: 0 failure(s)
Postproc #3 [meta_schedule.RewriteParallelVectorizeUnroll(0x600001c5b0a8)]: 0 failure(s)
Postproc #4 [meta_schedule.RewriteReductionBlock(0x600001c5bee8)]: 0 failure(s)
Postproc #5 [meta_schedule.VerifyGPUCode(0x60000178a528)]: 0 failure(s)
2023-06-19 07:13:24 [INFO] [evolutionary_search.cc:723] Sampled 511 candidate(s)
2023-06-19 07:13:24 [INFO] [evolutionary_search.cc:621] Evolve iter #0 done. Summary:
Postproc #0 [meta_schedule.DisallowDynamicLoop(0x600001c5a228)]: 0 failure(s)
Postproc #1 [meta_schedule.RewriteCooperativeFetch(0x600001c58ee8)]: 0 failure(s)
Postproc #2 [meta_schedule.RewriteUnboundBlock(0x600001c58ec8)]: 0 failure(s)
Postproc #3 [meta_schedule.RewriteParallelVectorizeUnroll(0x600001c5b0a8)]: 0 failure(s)
Postproc #4 [meta_schedule.RewriteReductionBlock(0x600001c5bee8)]: 0 failure(s)
Postproc #5 [meta_schedule.VerifyGPUCode(0x60000178a528)]: 0 failure(s)
2023-06-19 07:13:25 [INFO] [evolutionary_search.cc:621] Evolve iter #1 done. Summary:
Postproc #0 [meta_schedule.DisallowDynamicLoop(0x600001c5a228)]: 0 failure(s)
Postproc #1 [meta_schedule.RewriteCooperativeFetch(0x600001c58ee8)]: 0 failure(s)
Postproc #2 [meta_schedule.RewriteUnboundBlock(0x600001c58ec8)]: 0 failure(s)
Postproc #3 [meta_schedule.RewriteParallelVectorizeUnroll(0x600001c5b0a8)]: 0 failure(s)
Postproc #4 [meta_schedule.RewriteReductionBlock(0x600001c5bee8)]: 0 failure(s)
Postproc #5 [meta_schedule.VerifyGPUCode(0x60000178a528)]: 0 failure(s)
2023-06-19 07:13:25 [INFO] [evolutionary_search.cc:621] Evolve iter #2 done. Summary:
Postproc #0 [meta_schedule.DisallowDynamicLoop(0x600001c5a228)]: 0 failure(s)
Postproc #1 [meta_schedule.RewriteCooperativeFetch(0x600001c58ee8)]: 0 failure(s)
Postproc #2 [meta_schedule.RewriteUnboundBlock(0x600001c58ec8)]: 0 failure(s)
Postproc #3 [meta_schedule.RewriteParallelVectorizeUnroll(0x600001c5b0a8)]: 0 failure(s)
Postproc #4 [meta_schedule.RewriteReductionBlock(0x600001c5bee8)]: 0 failure(s)
Postproc #5 [meta_schedule.VerifyGPUCode(0x60000178a528)]: 0 failure(s)
2023-06-19 07:13:25 [INFO] [evolutionary_search.cc:621] Evolve iter #3 done. Summary:
Postproc #0 [meta_schedule.DisallowDynamicLoop(0x600001c5a228)]: 0 failure(s)
Postproc #1 [meta_schedule.RewriteCooperativeFetch(0x600001c58ee8)]: 0 failure(s)
Postproc #2 [meta_schedule.RewriteUnboundBlock(0x600001c58ec8)]: 0 failure(s)
Postproc #3 [meta_schedule.RewriteParallelVectorizeUnroll(0x600001c5b0a8)]: 0 failure(s)
Postproc #4 [meta_schedule.RewriteReductionBlock(0x600001c5bee8)]: 0 failure(s)
Postproc #5 [meta_schedule.VerifyGPUCode(0x60000178a528)]: 0 failure(s)
2023-06-19 07:13:26 [INFO] [evolutionary_search.cc:649] Scores of the best 0 candidates:
2023-06-19 07:13:26 [INFO] [evolutionary_search.cc:727] Got 0 candidate(s) with evolutionary search
2023-06-19 07:13:26 [INFO] [evolutionary_search.cc:730] Sending 0 candidates(s) for measurement
2023-06-19 07:13:33 [INFO] [evolutionary_search.cc:713] Generating candidates......
2023-06-19 07:13:33 [INFO] [evolutionary_search.cc:715] Picked top 1 candidate(s) from database
2023-06-19 07:13:34 [INFO] [evolutionary_search.cc:533] Sample-Init-Population summary:
Postproc #0 [meta_schedule.DisallowDynamicLoop(0x600001c5a228)]: 0 failure(s)
Postproc #1 [meta_schedule.RewriteCooperativeFetch(0x600001c58ee8)]: 0 failure(s)
Postproc #2 [meta_schedule.RewriteUnboundBlock(0x600001c58ec8)]: 0 failure(s)
Postproc #3 [meta_schedule.RewriteParallelVectorizeUnroll(0x600001c5b0a8)]: 0 failure(s)
Postproc #4 [meta_schedule.RewriteReductionBlock(0x600001c5bee8)]: 0 failure(s)
Postproc #5 [meta_schedule.VerifyGPUCode(0x60000178a528)]: 0 failure(s)
2023-06-19 07:13:34 [INFO] [evolutionary_search.cc:723] Sampled 511 candidate(s)
2023-06-19 07:13:34 [INFO] [evolutionary_search.cc:621] Evolve iter #0 done. Summary:
Postproc #0 [meta_schedule.DisallowDynamicLoop(0x600001c5a228)]: 0 failure(s)
Postproc #1 [meta_schedule.RewriteCooperativeFetch(0x600001c58ee8)]: 0 failure(s)
Postproc #2 [meta_schedule.RewriteUnboundBlock(0x600001c58ec8)]: 0 failure(s)
Postproc #3 [meta_schedule.RewriteParallelVectorizeUnroll(0x600001c5b0a8)]: 0 failure(s)
Postproc #4 [meta_schedule.RewriteReductionBlock(0x600001c5bee8)]: 0 failure(s)
Postproc #5 [meta_schedule.VerifyGPUCode(0x60000178a528)]: 0 failure(s)
2023-06-19 07:13:34 [INFO] [evolutionary_search.cc:621] Evolve iter #1 done. Summary:
Postproc #0 [meta_schedule.DisallowDynamicLoop(0x600001c5a228)]: 0 failure(s)
Postproc #1 [meta_schedule.RewriteCooperativeFetch(0x600001c58ee8)]: 0 failure(s)
Postproc #2 [meta_schedule.RewriteUnboundBlock(0x600001c58ec8)]: 0 failure(s)
Postproc #3 [meta_schedule.RewriteParallelVectorizeUnroll(0x600001c5b0a8)]: 0 failure(s)
Postproc #4 [meta_schedule.RewriteReductionBlock(0x600001c5bee8)]: 0 failure(s)
Postproc #5 [meta_schedule.VerifyGPUCode(0x60000178a528)]: 0 failure(s)
2023-06-19 07:13:35 [INFO] [evolutionary_search.cc:621] Evolve iter #2 done. Summary:
Postproc #0 [meta_schedule.DisallowDynamicLoop(0x600001c5a228)]: 0 failure(s)
Postproc #1 [meta_schedule.RewriteCooperativeFetch(0x600001c58ee8)]: 0 failure(s)
Postproc #2 [meta_schedule.RewriteUnboundBlock(0x600001c58ec8)]: 0 failure(s)
Postproc #3 [meta_schedule.RewriteParallelVectorizeUnroll(0x600001c5b0a8)]: 0 failure(s)
Postproc #4 [meta_schedule.RewriteReductionBlock(0x600001c5bee8)]: 0 failure(s)
Postproc #5 [meta_schedule.VerifyGPUCode(0x60000178a528)]: 0 failure(s)
2023-06-19 07:13:35 [INFO] [evolutionary_search.cc:621] Evolve iter #3 done. Summary:
Postproc #0 [meta_schedule.DisallowDynamicLoop(0x600001c5a228)]: 0 failure(s)
Postproc #1 [meta_schedule.RewriteCooperativeFetch(0x600001c58ee8)]: 0 failure(s)
Postproc #2 [meta_schedule.RewriteUnboundBlock(0x600001c58ec8)]: 0 failure(s)
Postproc #3 [meta_schedule.RewriteParallelVectorizeUnroll(0x600001c5b0a8)]: 0 failure(s)
Postproc #4 [meta_schedule.RewriteReductionBlock(0x600001c5bee8)]: 0 failure(s)
Postproc #5 [meta_schedule.VerifyGPUCode(0x60000178a528)]: 0 failure(s)
2023-06-19 07:13:36 [INFO] [evolutionary_search.cc:649] Scores of the best 0 candidates:
2023-06-19 07:13:36 [INFO] [evolutionary_search.cc:727] Got 0 candidate(s) with evolutionary search
2023-06-19 07:13:36 [INFO] [evolutionary_search.cc:730] Sending 0 candidates(s) for measurement
