2023-06-19 03:54:11 [INFO] [task_scheduler.cc:160] Initializing Task #17: "tir_image_to_rgba"
2023-06-19 03:54:11 [INFO] [task_scheduler.cc:35] 
# from tvm.script import ir as I
# from tvm.script import tir as T

@I.ir_module
class Module:
    @T.prim_func
    def main(A: T.Buffer((T.int64(716), T.int64(716), T.int64(3)), "uint32"), image_to_rgba: T.Buffer((T.int64(716), T.int64(716)), "uint32")):
        T.func_attr({"global_symbol": "main", "op_pattern": 2, "tir.noalias": T.bool(True)})
        # with T.block("root"):
        for y, x in T.grid(T.int64(716), T.int64(716)):
            with T.block("image_to_rgba"):
                v_y, v_x = T.axis.remap("SS", [y, x])
                T.reads(A[v_y, v_x, T.int64(0):T.int64(3)])
                T.writes(image_to_rgba[v_y, v_x])
                image_to_rgba[v_y, v_x] = T.bitwise_or(T.bitwise_or(T.bitwise_or(A[v_y, v_x, T.int64(2)], T.shift_left(A[v_y, v_x, T.int64(1)], T.uint32(8))), T.shift_left(A[v_y, v_x, T.int64(0)], T.uint32(16))), T.uint32(4278190080))
2023-06-19 03:54:11 [INFO] [task_scheduler.cc:164] Total 1 design space(s) generated
2023-06-19 03:54:11 [INFO] [task_scheduler.cc:170] Design space #0:
# from tvm.script import ir as I
# from tvm.script import tir as T

@I.ir_module
class Module:
    @T.prim_func
    def main(A: T.Buffer((T.int64(716), T.int64(716), T.int64(3)), "uint32"), image_to_rgba: T.Buffer((T.int64(716), T.int64(716)), "uint32")):
        T.func_attr({"global_symbol": "main", "op_pattern": 2, "tir.noalias": T.bool(True)})
        # with T.block("root"):
        for y_x_fused_1 in T.thread_binding(T.int64(256), thread="blockIdx.x"):
            for y_x_fused_2 in T.thread_binding(T.int64(256), thread="threadIdx.x"):
                for y_x_fused_0 in range(T.int64(8)):
                    with T.block("image_to_rgba"):
                        v_y = T.axis.spatial(T.int64(716), (y_x_fused_0 * T.int64(65536) + y_x_fused_1 * T.int64(256) + y_x_fused_2) // T.int64(716))
                        v_x = T.axis.spatial(T.int64(716), (y_x_fused_0 * T.int64(65536) + y_x_fused_1 * T.int64(256) + y_x_fused_2) % T.int64(716))
                        T.where((y_x_fused_0 * T.int64(256) + y_x_fused_1) * T.int64(256) + y_x_fused_2 < T.int64(512656))
                        T.reads(A[v_y, v_x, T.int64(0):T.int64(3)])
                        T.writes(image_to_rgba[v_y, v_x])
                        image_to_rgba[v_y, v_x] = T.bitwise_or(T.bitwise_or(T.bitwise_or(A[v_y, v_x, T.int64(2)], T.shift_left(A[v_y, v_x, T.int64(1)], T.uint32(8))), T.shift_left(A[v_y, v_x, T.int64(0)], T.uint32(16))), T.uint32(4278190080))
b0 = sch.get_block(name="image_to_rgba", func_name="main")
l1, l2 = sch.get_loops(block=b0)
l3 = sch.fuse(l1, l2, preserve_unit_iters=True)
l4, l5, l6 = sch.split(loop=l3, factors=[None, 256, 256], preserve_unit_iters=True)
sch.reorder(l5, l6, l4)
sch.bind(loop=l5, thread_axis="blockIdx.x")
sch.bind(loop=l6, thread_axis="threadIdx.x")
2023-06-19 03:56:33 [INFO] [evolutionary_search.cc:713] Generating candidates......
2023-06-19 03:56:33 [INFO] [evolutionary_search.cc:715] Picked top 0 candidate(s) from database
2023-06-19 03:56:33 [INFO] [evolutionary_search.cc:533] Sample-Init-Population summary:
Postproc #0 [meta_schedule.DisallowDynamicLoop(0x600001c58b48)]: 0 failure(s)
Postproc #1 [meta_schedule.RewriteCooperativeFetch(0x600001c58b08)]: 0 failure(s)
Postproc #2 [meta_schedule.RewriteUnboundBlock(0x600001c59548)]: 0 failure(s)
Postproc #3 [meta_schedule.RewriteParallelVectorizeUnroll(0x600001c5b308)]: 0 failure(s)
Postproc #4 [meta_schedule.RewriteReductionBlock(0x600001c59228)]: 0 failure(s)
Postproc #5 [meta_schedule.VerifyGPUCode(0x600001796228)]: 0 failure(s)
2023-06-19 03:56:33 [INFO] [evolutionary_search.cc:723] Sampled 512 candidate(s)
2023-06-19 03:56:33 [INFO] [evolutionary_search.cc:621] Evolve iter #0 done. Summary:
Postproc #0 [meta_schedule.DisallowDynamicLoop(0x600001c58b48)]: 0 failure(s)
Postproc #1 [meta_schedule.RewriteCooperativeFetch(0x600001c58b08)]: 0 failure(s)
Postproc #2 [meta_schedule.RewriteUnboundBlock(0x600001c59548)]: 0 failure(s)
Postproc #3 [meta_schedule.RewriteParallelVectorizeUnroll(0x600001c5b308)]: 0 failure(s)
Postproc #4 [meta_schedule.RewriteReductionBlock(0x600001c59228)]: 0 failure(s)
Postproc #5 [meta_schedule.VerifyGPUCode(0x600001796228)]: 0 failure(s)
2023-06-19 03:56:33 [INFO] [evolutionary_search.cc:621] Evolve iter #1 done. Summary:
Postproc #0 [meta_schedule.DisallowDynamicLoop(0x600001c58b48)]: 0 failure(s)
Postproc #1 [meta_schedule.RewriteCooperativeFetch(0x600001c58b08)]: 0 failure(s)
Postproc #2 [meta_schedule.RewriteUnboundBlock(0x600001c59548)]: 0 failure(s)
Postproc #3 [meta_schedule.RewriteParallelVectorizeUnroll(0x600001c5b308)]: 0 failure(s)
Postproc #4 [meta_schedule.RewriteReductionBlock(0x600001c59228)]: 0 failure(s)
Postproc #5 [meta_schedule.VerifyGPUCode(0x600001796228)]: 0 failure(s)
2023-06-19 03:56:33 [INFO] [evolutionary_search.cc:621] Evolve iter #2 done. Summary:
Postproc #0 [meta_schedule.DisallowDynamicLoop(0x600001c58b48)]: 0 failure(s)
Postproc #1 [meta_schedule.RewriteCooperativeFetch(0x600001c58b08)]: 0 failure(s)
Postproc #2 [meta_schedule.RewriteUnboundBlock(0x600001c59548)]: 0 failure(s)
Postproc #3 [meta_schedule.RewriteParallelVectorizeUnroll(0x600001c5b308)]: 0 failure(s)
Postproc #4 [meta_schedule.RewriteReductionBlock(0x600001c59228)]: 0 failure(s)
Postproc #5 [meta_schedule.VerifyGPUCode(0x600001796228)]: 0 failure(s)
2023-06-19 03:56:33 [INFO] [evolutionary_search.cc:621] Evolve iter #3 done. Summary:
Postproc #0 [meta_schedule.DisallowDynamicLoop(0x600001c58b48)]: 0 failure(s)
Postproc #1 [meta_schedule.RewriteCooperativeFetch(0x600001c58b08)]: 0 failure(s)
Postproc #2 [meta_schedule.RewriteUnboundBlock(0x600001c59548)]: 0 failure(s)
Postproc #3 [meta_schedule.RewriteParallelVectorizeUnroll(0x600001c5b308)]: 0 failure(s)
Postproc #4 [meta_schedule.RewriteReductionBlock(0x600001c59228)]: 0 failure(s)
Postproc #5 [meta_schedule.VerifyGPUCode(0x600001796228)]: 0 failure(s)
2023-06-19 03:56:33 [INFO] [evolutionary_search.cc:649] Scores of the best 1 candidates:
[1 : 1]:	0.5672
2023-06-19 03:56:33 [INFO] [evolutionary_search.cc:727] Got 1 candidate(s) with evolutionary search
2023-06-19 03:56:33 [INFO] [evolutionary_search.cc:730] Sending 1 candidates(s) for measurement
2023-06-19 04:04:55 [INFO] [task_scheduler.cc:131] [Task #17: tir_image_to_rgba] Trial #1: GFLOPs: 0.0000. Time: 81.2437 us. Best GFLOPs: 0.0000
2023-06-19 07:14:38 [INFO] [evolutionary_search.cc:713] Generating candidates......
2023-06-19 07:14:38 [INFO] [evolutionary_search.cc:715] Picked top 1 candidate(s) from database
2023-06-19 07:14:38 [INFO] [evolutionary_search.cc:533] Sample-Init-Population summary:
Postproc #0 [meta_schedule.DisallowDynamicLoop(0x600001c58b48)]: 0 failure(s)
Postproc #1 [meta_schedule.RewriteCooperativeFetch(0x600001c58b08)]: 0 failure(s)
Postproc #2 [meta_schedule.RewriteUnboundBlock(0x600001c59548)]: 0 failure(s)
Postproc #3 [meta_schedule.RewriteParallelVectorizeUnroll(0x600001c5b308)]: 0 failure(s)
Postproc #4 [meta_schedule.RewriteReductionBlock(0x600001c59228)]: 0 failure(s)
Postproc #5 [meta_schedule.VerifyGPUCode(0x600001796228)]: 0 failure(s)
2023-06-19 07:14:38 [INFO] [evolutionary_search.cc:723] Sampled 511 candidate(s)
2023-06-19 07:14:38 [INFO] [evolutionary_search.cc:621] Evolve iter #0 done. Summary:
Postproc #0 [meta_schedule.DisallowDynamicLoop(0x600001c58b48)]: 0 failure(s)
Postproc #1 [meta_schedule.RewriteCooperativeFetch(0x600001c58b08)]: 0 failure(s)
Postproc #2 [meta_schedule.RewriteUnboundBlock(0x600001c59548)]: 0 failure(s)
Postproc #3 [meta_schedule.RewriteParallelVectorizeUnroll(0x600001c5b308)]: 0 failure(s)
Postproc #4 [meta_schedule.RewriteReductionBlock(0x600001c59228)]: 0 failure(s)
Postproc #5 [meta_schedule.VerifyGPUCode(0x600001796228)]: 0 failure(s)
2023-06-19 07:14:39 [INFO] [evolutionary_search.cc:621] Evolve iter #1 done. Summary:
Postproc #0 [meta_schedule.DisallowDynamicLoop(0x600001c58b48)]: 0 failure(s)
Postproc #1 [meta_schedule.RewriteCooperativeFetch(0x600001c58b08)]: 0 failure(s)
Postproc #2 [meta_schedule.RewriteUnboundBlock(0x600001c59548)]: 0 failure(s)
Postproc #3 [meta_schedule.RewriteParallelVectorizeUnroll(0x600001c5b308)]: 0 failure(s)
Postproc #4 [meta_schedule.RewriteReductionBlock(0x600001c59228)]: 0 failure(s)
Postproc #5 [meta_schedule.VerifyGPUCode(0x600001796228)]: 0 failure(s)
2023-06-19 07:14:39 [INFO] [evolutionary_search.cc:621] Evolve iter #2 done. Summary:
Postproc #0 [meta_schedule.DisallowDynamicLoop(0x600001c58b48)]: 0 failure(s)
Postproc #1 [meta_schedule.RewriteCooperativeFetch(0x600001c58b08)]: 0 failure(s)
Postproc #2 [meta_schedule.RewriteUnboundBlock(0x600001c59548)]: 0 failure(s)
Postproc #3 [meta_schedule.RewriteParallelVectorizeUnroll(0x600001c5b308)]: 0 failure(s)
Postproc #4 [meta_schedule.RewriteReductionBlock(0x600001c59228)]: 0 failure(s)
Postproc #5 [meta_schedule.VerifyGPUCode(0x600001796228)]: 0 failure(s)
2023-06-19 07:14:39 [INFO] [evolutionary_search.cc:621] Evolve iter #3 done. Summary:
Postproc #0 [meta_schedule.DisallowDynamicLoop(0x600001c58b48)]: 0 failure(s)
Postproc #1 [meta_schedule.RewriteCooperativeFetch(0x600001c58b08)]: 0 failure(s)
Postproc #2 [meta_schedule.RewriteUnboundBlock(0x600001c59548)]: 0 failure(s)
Postproc #3 [meta_schedule.RewriteParallelVectorizeUnroll(0x600001c5b308)]: 0 failure(s)
Postproc #4 [meta_schedule.RewriteReductionBlock(0x600001c59228)]: 0 failure(s)
Postproc #5 [meta_schedule.VerifyGPUCode(0x600001796228)]: 0 failure(s)
2023-06-19 07:14:39 [INFO] [evolutionary_search.cc:649] Scores of the best 0 candidates:
2023-06-19 07:14:39 [INFO] [evolutionary_search.cc:727] Got 0 candidate(s) with evolutionary search
2023-06-19 07:14:39 [INFO] [evolutionary_search.cc:730] Sending 0 candidates(s) for measurement
2023-06-19 07:17:20 [INFO] [evolutionary_search.cc:713] Generating candidates......
2023-06-19 07:17:20 [INFO] [evolutionary_search.cc:715] Picked top 1 candidate(s) from database
2023-06-19 07:17:21 [INFO] [evolutionary_search.cc:533] Sample-Init-Population summary:
Postproc #0 [meta_schedule.DisallowDynamicLoop(0x600001c58b48)]: 0 failure(s)
Postproc #1 [meta_schedule.RewriteCooperativeFetch(0x600001c58b08)]: 0 failure(s)
Postproc #2 [meta_schedule.RewriteUnboundBlock(0x600001c59548)]: 0 failure(s)
Postproc #3 [meta_schedule.RewriteParallelVectorizeUnroll(0x600001c5b308)]: 0 failure(s)
Postproc #4 [meta_schedule.RewriteReductionBlock(0x600001c59228)]: 0 failure(s)
Postproc #5 [meta_schedule.VerifyGPUCode(0x600001796228)]: 0 failure(s)
2023-06-19 07:17:21 [INFO] [evolutionary_search.cc:723] Sampled 511 candidate(s)
2023-06-19 07:17:21 [INFO] [evolutionary_search.cc:621] Evolve iter #0 done. Summary:
Postproc #0 [meta_schedule.DisallowDynamicLoop(0x600001c58b48)]: 0 failure(s)
Postproc #1 [meta_schedule.RewriteCooperativeFetch(0x600001c58b08)]: 0 failure(s)
Postproc #2 [meta_schedule.RewriteUnboundBlock(0x600001c59548)]: 0 failure(s)
Postproc #3 [meta_schedule.RewriteParallelVectorizeUnroll(0x600001c5b308)]: 0 failure(s)
Postproc #4 [meta_schedule.RewriteReductionBlock(0x600001c59228)]: 0 failure(s)
Postproc #5 [meta_schedule.VerifyGPUCode(0x600001796228)]: 0 failure(s)
2023-06-19 07:17:21 [INFO] [evolutionary_search.cc:621] Evolve iter #1 done. Summary:
Postproc #0 [meta_schedule.DisallowDynamicLoop(0x600001c58b48)]: 0 failure(s)
Postproc #1 [meta_schedule.RewriteCooperativeFetch(0x600001c58b08)]: 0 failure(s)
Postproc #2 [meta_schedule.RewriteUnboundBlock(0x600001c59548)]: 0 failure(s)
Postproc #3 [meta_schedule.RewriteParallelVectorizeUnroll(0x600001c5b308)]: 0 failure(s)
Postproc #4 [meta_schedule.RewriteReductionBlock(0x600001c59228)]: 0 failure(s)
Postproc #5 [meta_schedule.VerifyGPUCode(0x600001796228)]: 0 failure(s)
2023-06-19 07:17:22 [INFO] [evolutionary_search.cc:621] Evolve iter #2 done. Summary:
Postproc #0 [meta_schedule.DisallowDynamicLoop(0x600001c58b48)]: 0 failure(s)
Postproc #1 [meta_schedule.RewriteCooperativeFetch(0x600001c58b08)]: 0 failure(s)
Postproc #2 [meta_schedule.RewriteUnboundBlock(0x600001c59548)]: 0 failure(s)
Postproc #3 [meta_schedule.RewriteParallelVectorizeUnroll(0x600001c5b308)]: 0 failure(s)
Postproc #4 [meta_schedule.RewriteReductionBlock(0x600001c59228)]: 0 failure(s)
Postproc #5 [meta_schedule.VerifyGPUCode(0x600001796228)]: 0 failure(s)
2023-06-19 07:17:22 [INFO] [evolutionary_search.cc:621] Evolve iter #3 done. Summary:
Postproc #0 [meta_schedule.DisallowDynamicLoop(0x600001c58b48)]: 0 failure(s)
Postproc #1 [meta_schedule.RewriteCooperativeFetch(0x600001c58b08)]: 0 failure(s)
Postproc #2 [meta_schedule.RewriteUnboundBlock(0x600001c59548)]: 0 failure(s)
Postproc #3 [meta_schedule.RewriteParallelVectorizeUnroll(0x600001c5b308)]: 0 failure(s)
Postproc #4 [meta_schedule.RewriteReductionBlock(0x600001c59228)]: 0 failure(s)
Postproc #5 [meta_schedule.VerifyGPUCode(0x600001796228)]: 0 failure(s)
2023-06-19 07:17:22 [INFO] [evolutionary_search.cc:649] Scores of the best 0 candidates:
2023-06-19 07:17:22 [INFO] [evolutionary_search.cc:727] Got 0 candidate(s) with evolutionary search
2023-06-19 07:17:22 [INFO] [evolutionary_search.cc:730] Sending 0 candidates(s) for measurement
2023-06-19 07:19:56 [INFO] [evolutionary_search.cc:713] Generating candidates......
2023-06-19 07:19:56 [INFO] [evolutionary_search.cc:715] Picked top 1 candidate(s) from database
2023-06-19 07:19:56 [INFO] [evolutionary_search.cc:533] Sample-Init-Population summary:
Postproc #0 [meta_schedule.DisallowDynamicLoop(0x600001c58b48)]: 0 failure(s)
Postproc #1 [meta_schedule.RewriteCooperativeFetch(0x600001c58b08)]: 0 failure(s)
Postproc #2 [meta_schedule.RewriteUnboundBlock(0x600001c59548)]: 0 failure(s)
Postproc #3 [meta_schedule.RewriteParallelVectorizeUnroll(0x600001c5b308)]: 0 failure(s)
Postproc #4 [meta_schedule.RewriteReductionBlock(0x600001c59228)]: 0 failure(s)
Postproc #5 [meta_schedule.VerifyGPUCode(0x600001796228)]: 0 failure(s)
2023-06-19 07:19:56 [INFO] [evolutionary_search.cc:723] Sampled 511 candidate(s)
2023-06-19 07:19:57 [INFO] [evolutionary_search.cc:621] Evolve iter #0 done. Summary:
Postproc #0 [meta_schedule.DisallowDynamicLoop(0x600001c58b48)]: 0 failure(s)
Postproc #1 [meta_schedule.RewriteCooperativeFetch(0x600001c58b08)]: 0 failure(s)
Postproc #2 [meta_schedule.RewriteUnboundBlock(0x600001c59548)]: 0 failure(s)
Postproc #3 [meta_schedule.RewriteParallelVectorizeUnroll(0x600001c5b308)]: 0 failure(s)
Postproc #4 [meta_schedule.RewriteReductionBlock(0x600001c59228)]: 0 failure(s)
Postproc #5 [meta_schedule.VerifyGPUCode(0x600001796228)]: 0 failure(s)
2023-06-19 07:19:57 [INFO] [evolutionary_search.cc:621] Evolve iter #1 done. Summary:
Postproc #0 [meta_schedule.DisallowDynamicLoop(0x600001c58b48)]: 0 failure(s)
Postproc #1 [meta_schedule.RewriteCooperativeFetch(0x600001c58b08)]: 0 failure(s)
Postproc #2 [meta_schedule.RewriteUnboundBlock(0x600001c59548)]: 0 failure(s)
Postproc #3 [meta_schedule.RewriteParallelVectorizeUnroll(0x600001c5b308)]: 0 failure(s)
Postproc #4 [meta_schedule.RewriteReductionBlock(0x600001c59228)]: 0 failure(s)
Postproc #5 [meta_schedule.VerifyGPUCode(0x600001796228)]: 0 failure(s)
2023-06-19 07:19:57 [INFO] [evolutionary_search.cc:621] Evolve iter #2 done. Summary:
Postproc #0 [meta_schedule.DisallowDynamicLoop(0x600001c58b48)]: 0 failure(s)
Postproc #1 [meta_schedule.RewriteCooperativeFetch(0x600001c58b08)]: 0 failure(s)
Postproc #2 [meta_schedule.RewriteUnboundBlock(0x600001c59548)]: 0 failure(s)
Postproc #3 [meta_schedule.RewriteParallelVectorizeUnroll(0x600001c5b308)]: 0 failure(s)
Postproc #4 [meta_schedule.RewriteReductionBlock(0x600001c59228)]: 0 failure(s)
Postproc #5 [meta_schedule.VerifyGPUCode(0x600001796228)]: 0 failure(s)
2023-06-19 07:19:58 [INFO] [evolutionary_search.cc:621] Evolve iter #3 done. Summary:
Postproc #0 [meta_schedule.DisallowDynamicLoop(0x600001c58b48)]: 0 failure(s)
Postproc #1 [meta_schedule.RewriteCooperativeFetch(0x600001c58b08)]: 0 failure(s)
Postproc #2 [meta_schedule.RewriteUnboundBlock(0x600001c59548)]: 0 failure(s)
Postproc #3 [meta_schedule.RewriteParallelVectorizeUnroll(0x600001c5b308)]: 0 failure(s)
Postproc #4 [meta_schedule.RewriteReductionBlock(0x600001c59228)]: 0 failure(s)
Postproc #5 [meta_schedule.VerifyGPUCode(0x600001796228)]: 0 failure(s)
2023-06-19 07:19:58 [INFO] [evolutionary_search.cc:649] Scores of the best 0 candidates:
2023-06-19 07:19:58 [INFO] [evolutionary_search.cc:727] Got 0 candidate(s) with evolutionary search
2023-06-19 07:19:58 [INFO] [evolutionary_search.cc:730] Sending 0 candidates(s) for measurement
2023-06-19 07:21:16 [INFO] [evolutionary_search.cc:713] Generating candidates......
2023-06-19 07:21:16 [INFO] [evolutionary_search.cc:715] Picked top 1 candidate(s) from database
2023-06-19 07:21:16 [INFO] [evolutionary_search.cc:533] Sample-Init-Population summary:
Postproc #0 [meta_schedule.DisallowDynamicLoop(0x600001c58b48)]: 0 failure(s)
Postproc #1 [meta_schedule.RewriteCooperativeFetch(0x600001c58b08)]: 0 failure(s)
Postproc #2 [meta_schedule.RewriteUnboundBlock(0x600001c59548)]: 0 failure(s)
Postproc #3 [meta_schedule.RewriteParallelVectorizeUnroll(0x600001c5b308)]: 0 failure(s)
Postproc #4 [meta_schedule.RewriteReductionBlock(0x600001c59228)]: 0 failure(s)
Postproc #5 [meta_schedule.VerifyGPUCode(0x600001796228)]: 0 failure(s)
2023-06-19 07:21:16 [INFO] [evolutionary_search.cc:723] Sampled 511 candidate(s)
2023-06-19 07:21:16 [INFO] [evolutionary_search.cc:621] Evolve iter #0 done. Summary:
Postproc #0 [meta_schedule.DisallowDynamicLoop(0x600001c58b48)]: 0 failure(s)
Postproc #1 [meta_schedule.RewriteCooperativeFetch(0x600001c58b08)]: 0 failure(s)
Postproc #2 [meta_schedule.RewriteUnboundBlock(0x600001c59548)]: 0 failure(s)
Postproc #3 [meta_schedule.RewriteParallelVectorizeUnroll(0x600001c5b308)]: 0 failure(s)
Postproc #4 [meta_schedule.RewriteReductionBlock(0x600001c59228)]: 0 failure(s)
Postproc #5 [meta_schedule.VerifyGPUCode(0x600001796228)]: 0 failure(s)
2023-06-19 07:21:17 [INFO] [evolutionary_search.cc:621] Evolve iter #1 done. Summary:
Postproc #0 [meta_schedule.DisallowDynamicLoop(0x600001c58b48)]: 0 failure(s)
Postproc #1 [meta_schedule.RewriteCooperativeFetch(0x600001c58b08)]: 0 failure(s)
Postproc #2 [meta_schedule.RewriteUnboundBlock(0x600001c59548)]: 0 failure(s)
Postproc #3 [meta_schedule.RewriteParallelVectorizeUnroll(0x600001c5b308)]: 0 failure(s)
Postproc #4 [meta_schedule.RewriteReductionBlock(0x600001c59228)]: 0 failure(s)
Postproc #5 [meta_schedule.VerifyGPUCode(0x600001796228)]: 0 failure(s)
2023-06-19 07:21:17 [INFO] [evolutionary_search.cc:621] Evolve iter #2 done. Summary:
Postproc #0 [meta_schedule.DisallowDynamicLoop(0x600001c58b48)]: 0 failure(s)
Postproc #1 [meta_schedule.RewriteCooperativeFetch(0x600001c58b08)]: 0 failure(s)
Postproc #2 [meta_schedule.RewriteUnboundBlock(0x600001c59548)]: 0 failure(s)
Postproc #3 [meta_schedule.RewriteParallelVectorizeUnroll(0x600001c5b308)]: 0 failure(s)
Postproc #4 [meta_schedule.RewriteReductionBlock(0x600001c59228)]: 0 failure(s)
Postproc #5 [meta_schedule.VerifyGPUCode(0x600001796228)]: 0 failure(s)
2023-06-19 07:21:17 [INFO] [evolutionary_search.cc:621] Evolve iter #3 done. Summary:
Postproc #0 [meta_schedule.DisallowDynamicLoop(0x600001c58b48)]: 0 failure(s)
Postproc #1 [meta_schedule.RewriteCooperativeFetch(0x600001c58b08)]: 0 failure(s)
Postproc #2 [meta_schedule.RewriteUnboundBlock(0x600001c59548)]: 0 failure(s)
Postproc #3 [meta_schedule.RewriteParallelVectorizeUnroll(0x600001c5b308)]: 0 failure(s)
Postproc #4 [meta_schedule.RewriteReductionBlock(0x600001c59228)]: 0 failure(s)
Postproc #5 [meta_schedule.VerifyGPUCode(0x600001796228)]: 0 failure(s)
2023-06-19 07:21:18 [INFO] [evolutionary_search.cc:649] Scores of the best 0 candidates:
2023-06-19 07:21:18 [INFO] [evolutionary_search.cc:727] Got 0 candidate(s) with evolutionary search
2023-06-19 07:21:18 [INFO] [evolutionary_search.cc:730] Sending 0 candidates(s) for measurement
2023-06-19 07:23:54 [INFO] [evolutionary_search.cc:713] Generating candidates......
2023-06-19 07:23:54 [INFO] [evolutionary_search.cc:715] Picked top 1 candidate(s) from database
2023-06-19 07:23:54 [INFO] [evolutionary_search.cc:533] Sample-Init-Population summary:
Postproc #0 [meta_schedule.DisallowDynamicLoop(0x600001c58b48)]: 0 failure(s)
Postproc #1 [meta_schedule.RewriteCooperativeFetch(0x600001c58b08)]: 0 failure(s)
Postproc #2 [meta_schedule.RewriteUnboundBlock(0x600001c59548)]: 0 failure(s)
Postproc #3 [meta_schedule.RewriteParallelVectorizeUnroll(0x600001c5b308)]: 0 failure(s)
Postproc #4 [meta_schedule.RewriteReductionBlock(0x600001c59228)]: 0 failure(s)
Postproc #5 [meta_schedule.VerifyGPUCode(0x600001796228)]: 0 failure(s)
2023-06-19 07:23:54 [INFO] [evolutionary_search.cc:723] Sampled 511 candidate(s)
2023-06-19 07:23:54 [INFO] [evolutionary_search.cc:621] Evolve iter #0 done. Summary:
Postproc #0 [meta_schedule.DisallowDynamicLoop(0x600001c58b48)]: 0 failure(s)
Postproc #1 [meta_schedule.RewriteCooperativeFetch(0x600001c58b08)]: 0 failure(s)
Postproc #2 [meta_schedule.RewriteUnboundBlock(0x600001c59548)]: 0 failure(s)
Postproc #3 [meta_schedule.RewriteParallelVectorizeUnroll(0x600001c5b308)]: 0 failure(s)
Postproc #4 [meta_schedule.RewriteReductionBlock(0x600001c59228)]: 0 failure(s)
Postproc #5 [meta_schedule.VerifyGPUCode(0x600001796228)]: 0 failure(s)
2023-06-19 07:23:54 [INFO] [evolutionary_search.cc:621] Evolve iter #1 done. Summary:
Postproc #0 [meta_schedule.DisallowDynamicLoop(0x600001c58b48)]: 0 failure(s)
Postproc #1 [meta_schedule.RewriteCooperativeFetch(0x600001c58b08)]: 0 failure(s)
Postproc #2 [meta_schedule.RewriteUnboundBlock(0x600001c59548)]: 0 failure(s)
Postproc #3 [meta_schedule.RewriteParallelVectorizeUnroll(0x600001c5b308)]: 0 failure(s)
Postproc #4 [meta_schedule.RewriteReductionBlock(0x600001c59228)]: 0 failure(s)
Postproc #5 [meta_schedule.VerifyGPUCode(0x600001796228)]: 0 failure(s)
2023-06-19 07:23:55 [INFO] [evolutionary_search.cc:621] Evolve iter #2 done. Summary:
Postproc #0 [meta_schedule.DisallowDynamicLoop(0x600001c58b48)]: 0 failure(s)
Postproc #1 [meta_schedule.RewriteCooperativeFetch(0x600001c58b08)]: 0 failure(s)
Postproc #2 [meta_schedule.RewriteUnboundBlock(0x600001c59548)]: 0 failure(s)
Postproc #3 [meta_schedule.RewriteParallelVectorizeUnroll(0x600001c5b308)]: 0 failure(s)
Postproc #4 [meta_schedule.RewriteReductionBlock(0x600001c59228)]: 0 failure(s)
Postproc #5 [meta_schedule.VerifyGPUCode(0x600001796228)]: 0 failure(s)
2023-06-19 07:23:55 [INFO] [evolutionary_search.cc:621] Evolve iter #3 done. Summary:
Postproc #0 [meta_schedule.DisallowDynamicLoop(0x600001c58b48)]: 0 failure(s)
Postproc #1 [meta_schedule.RewriteCooperativeFetch(0x600001c58b08)]: 0 failure(s)
Postproc #2 [meta_schedule.RewriteUnboundBlock(0x600001c59548)]: 0 failure(s)
Postproc #3 [meta_schedule.RewriteParallelVectorizeUnroll(0x600001c5b308)]: 0 failure(s)
Postproc #4 [meta_schedule.RewriteReductionBlock(0x600001c59228)]: 0 failure(s)
Postproc #5 [meta_schedule.VerifyGPUCode(0x600001796228)]: 0 failure(s)
2023-06-19 07:23:55 [INFO] [evolutionary_search.cc:649] Scores of the best 0 candidates:
2023-06-19 07:23:55 [INFO] [evolutionary_search.cc:727] Got 0 candidate(s) with evolutionary search
2023-06-19 07:23:55 [INFO] [evolutionary_search.cc:730] Sending 0 candidates(s) for measurement
