2023-06-19 03:54:10 [INFO] [task_scheduler.cc:160] Initializing Task #0: "tir_transpose"
2023-06-19 03:54:10 [INFO] [task_scheduler.cc:35] 
# from tvm.script import ir as I
# from tvm.script import tir as T

@I.ir_module
class Module:
    @T.prim_func
    def main(A: T.Buffer((T.int64(3), T.int64(716), T.int64(716)), "float32"), transpose: T.Buffer((T.int64(716), T.int64(716), T.int64(3)), "float32")):
        T.func_attr({"global_symbol": "main", "op_pattern": 2, "tir.noalias": T.bool(True)})
        # with T.block("root"):
        for x, y, c in T.grid(T.int64(716), T.int64(716), T.int64(3)):
            with T.block("transpose"):
                v_x, v_y, v_c = T.axis.remap("SSS", [x, y, c])
                T.reads(A[v_c, v_x, v_y])
                T.writes(transpose[v_x, v_y, v_c])
                transpose[v_x, v_y, v_c] = A[v_c, v_x, v_y]
2023-06-19 03:54:10 [INFO] [task_scheduler.cc:164] Total 1 design space(s) generated
2023-06-19 03:54:10 [INFO] [task_scheduler.cc:170] Design space #0:
# from tvm.script import ir as I
# from tvm.script import tir as T

@I.ir_module
class Module:
    @T.prim_func
    def main(A: T.Buffer((T.int64(3), T.int64(716), T.int64(716)), "float32"), transpose: T.Buffer((T.int64(716), T.int64(716), T.int64(3)), "float32")):
        T.func_attr({"global_symbol": "main", "op_pattern": 2, "tir.noalias": T.bool(True)})
        # with T.block("root"):
        for x_y_c_fused_1 in T.thread_binding(T.int64(256), thread="blockIdx.x"):
            for x_y_c_fused_2 in T.thread_binding(T.int64(256), thread="threadIdx.x"):
                for x_y_c_fused_0 in range(T.int64(24)):
                    with T.block("transpose"):
                        v_x = T.axis.spatial(T.int64(716), (x_y_c_fused_0 * T.int64(65536) + x_y_c_fused_1 * T.int64(256) + x_y_c_fused_2) // T.int64(2148))
                        v_y = T.axis.spatial(T.int64(716), (x_y_c_fused_0 * T.int64(65536) + x_y_c_fused_1 * T.int64(256) + x_y_c_fused_2) % T.int64(2148) // T.int64(3))
                        v_c = T.axis.spatial(T.int64(3), (x_y_c_fused_0 * T.int64(65536) + x_y_c_fused_1 * T.int64(256) + x_y_c_fused_2) % T.int64(3))
                        T.where((x_y_c_fused_0 * T.int64(256) + x_y_c_fused_1) * T.int64(256) + x_y_c_fused_2 < T.int64(1537968))
                        T.reads(A[v_c, v_x, v_y])
                        T.writes(transpose[v_x, v_y, v_c])
                        transpose[v_x, v_y, v_c] = A[v_c, v_x, v_y]
b0 = sch.get_block(name="transpose", func_name="main")
l1, l2, l3 = sch.get_loops(block=b0)
l4 = sch.fuse(l1, l2, l3, preserve_unit_iters=True)
l5, l6, l7 = sch.split(loop=l4, factors=[None, 256, 256], preserve_unit_iters=True)
sch.reorder(l6, l7, l5)
sch.bind(loop=l6, thread_axis="blockIdx.x")
sch.bind(loop=l7, thread_axis="threadIdx.x")
2023-06-19 03:54:11 [INFO] [evolutionary_search.cc:713] Generating candidates......
2023-06-19 03:54:11 [INFO] [evolutionary_search.cc:715] Picked top 0 candidate(s) from database
2023-06-19 03:54:11 [INFO] [evolutionary_search.cc:533] Sample-Init-Population summary:
Postproc #0 [meta_schedule.DisallowDynamicLoop(0x600001c59aa8)]: 0 failure(s)
Postproc #1 [meta_schedule.RewriteCooperativeFetch(0x600001c59ac8)]: 0 failure(s)
Postproc #2 [meta_schedule.RewriteUnboundBlock(0x600001c59ae8)]: 0 failure(s)
Postproc #3 [meta_schedule.RewriteParallelVectorizeUnroll(0x600001c59b08)]: 0 failure(s)
Postproc #4 [meta_schedule.RewriteReductionBlock(0x600001c59b28)]: 0 failure(s)
Postproc #5 [meta_schedule.VerifyGPUCode(0x600001788548)]: 0 failure(s)
2023-06-19 03:54:11 [INFO] [evolutionary_search.cc:723] Sampled 512 candidate(s)
2023-06-19 03:54:11 [INFO] [evolutionary_search.cc:621] Evolve iter #0 done. Summary:
Postproc #0 [meta_schedule.DisallowDynamicLoop(0x600001c59aa8)]: 0 failure(s)
Postproc #1 [meta_schedule.RewriteCooperativeFetch(0x600001c59ac8)]: 0 failure(s)
Postproc #2 [meta_schedule.RewriteUnboundBlock(0x600001c59ae8)]: 0 failure(s)
Postproc #3 [meta_schedule.RewriteParallelVectorizeUnroll(0x600001c59b08)]: 0 failure(s)
Postproc #4 [meta_schedule.RewriteReductionBlock(0x600001c59b28)]: 0 failure(s)
Postproc #5 [meta_schedule.VerifyGPUCode(0x600001788548)]: 0 failure(s)
2023-06-19 03:54:11 [INFO] [evolutionary_search.cc:621] Evolve iter #1 done. Summary:
Postproc #0 [meta_schedule.DisallowDynamicLoop(0x600001c59aa8)]: 0 failure(s)
Postproc #1 [meta_schedule.RewriteCooperativeFetch(0x600001c59ac8)]: 0 failure(s)
Postproc #2 [meta_schedule.RewriteUnboundBlock(0x600001c59ae8)]: 0 failure(s)
Postproc #3 [meta_schedule.RewriteParallelVectorizeUnroll(0x600001c59b08)]: 0 failure(s)
Postproc #4 [meta_schedule.RewriteReductionBlock(0x600001c59b28)]: 0 failure(s)
Postproc #5 [meta_schedule.VerifyGPUCode(0x600001788548)]: 0 failure(s)
2023-06-19 03:54:11 [INFO] [evolutionary_search.cc:621] Evolve iter #2 done. Summary:
Postproc #0 [meta_schedule.DisallowDynamicLoop(0x600001c59aa8)]: 0 failure(s)
Postproc #1 [meta_schedule.RewriteCooperativeFetch(0x600001c59ac8)]: 0 failure(s)
Postproc #2 [meta_schedule.RewriteUnboundBlock(0x600001c59ae8)]: 0 failure(s)
Postproc #3 [meta_schedule.RewriteParallelVectorizeUnroll(0x600001c59b08)]: 0 failure(s)
Postproc #4 [meta_schedule.RewriteReductionBlock(0x600001c59b28)]: 0 failure(s)
Postproc #5 [meta_schedule.VerifyGPUCode(0x600001788548)]: 0 failure(s)
2023-06-19 03:54:11 [INFO] [evolutionary_search.cc:621] Evolve iter #3 done. Summary:
Postproc #0 [meta_schedule.DisallowDynamicLoop(0x600001c59aa8)]: 0 failure(s)
Postproc #1 [meta_schedule.RewriteCooperativeFetch(0x600001c59ac8)]: 0 failure(s)
Postproc #2 [meta_schedule.RewriteUnboundBlock(0x600001c59ae8)]: 0 failure(s)
Postproc #3 [meta_schedule.RewriteParallelVectorizeUnroll(0x600001c59b08)]: 0 failure(s)
Postproc #4 [meta_schedule.RewriteReductionBlock(0x600001c59b28)]: 0 failure(s)
Postproc #5 [meta_schedule.VerifyGPUCode(0x600001788548)]: 0 failure(s)
2023-06-19 03:54:11 [INFO] [evolutionary_search.cc:649] Scores of the best 1 candidates:
[1 : 1]:	0.0834
2023-06-19 03:54:11 [INFO] [evolutionary_search.cc:727] Got 1 candidate(s) with evolutionary search
2023-06-19 03:54:11 [INFO] [evolutionary_search.cc:730] Sending 1 candidates(s) for measurement
2023-06-19 03:58:07 [INFO] [task_scheduler.cc:131] [Task #0: tir_transpose] Trial #1: GFLOPs: 0.0000. Time: 126.4024 us. Best GFLOPs: 0.0000
2023-06-19 07:13:32 [INFO] [evolutionary_search.cc:713] Generating candidates......
2023-06-19 07:13:32 [INFO] [evolutionary_search.cc:715] Picked top 1 candidate(s) from database
2023-06-19 07:13:32 [INFO] [evolutionary_search.cc:533] Sample-Init-Population summary:
Postproc #0 [meta_schedule.DisallowDynamicLoop(0x600001c59aa8)]: 0 failure(s)
Postproc #1 [meta_schedule.RewriteCooperativeFetch(0x600001c59ac8)]: 0 failure(s)
Postproc #2 [meta_schedule.RewriteUnboundBlock(0x600001c59ae8)]: 0 failure(s)
Postproc #3 [meta_schedule.RewriteParallelVectorizeUnroll(0x600001c59b08)]: 0 failure(s)
Postproc #4 [meta_schedule.RewriteReductionBlock(0x600001c59b28)]: 0 failure(s)
Postproc #5 [meta_schedule.VerifyGPUCode(0x600001788548)]: 0 failure(s)
2023-06-19 07:13:32 [INFO] [evolutionary_search.cc:723] Sampled 511 candidate(s)
2023-06-19 07:13:32 [INFO] [evolutionary_search.cc:621] Evolve iter #0 done. Summary:
Postproc #0 [meta_schedule.DisallowDynamicLoop(0x600001c59aa8)]: 0 failure(s)
Postproc #1 [meta_schedule.RewriteCooperativeFetch(0x600001c59ac8)]: 0 failure(s)
Postproc #2 [meta_schedule.RewriteUnboundBlock(0x600001c59ae8)]: 0 failure(s)
Postproc #3 [meta_schedule.RewriteParallelVectorizeUnroll(0x600001c59b08)]: 0 failure(s)
Postproc #4 [meta_schedule.RewriteReductionBlock(0x600001c59b28)]: 0 failure(s)
Postproc #5 [meta_schedule.VerifyGPUCode(0x600001788548)]: 0 failure(s)
2023-06-19 07:13:32 [INFO] [evolutionary_search.cc:621] Evolve iter #1 done. Summary:
Postproc #0 [meta_schedule.DisallowDynamicLoop(0x600001c59aa8)]: 0 failure(s)
Postproc #1 [meta_schedule.RewriteCooperativeFetch(0x600001c59ac8)]: 0 failure(s)
Postproc #2 [meta_schedule.RewriteUnboundBlock(0x600001c59ae8)]: 0 failure(s)
Postproc #3 [meta_schedule.RewriteParallelVectorizeUnroll(0x600001c59b08)]: 0 failure(s)
Postproc #4 [meta_schedule.RewriteReductionBlock(0x600001c59b28)]: 0 failure(s)
Postproc #5 [meta_schedule.VerifyGPUCode(0x600001788548)]: 0 failure(s)
2023-06-19 07:13:33 [INFO] [evolutionary_search.cc:621] Evolve iter #2 done. Summary:
Postproc #0 [meta_schedule.DisallowDynamicLoop(0x600001c59aa8)]: 0 failure(s)
Postproc #1 [meta_schedule.RewriteCooperativeFetch(0x600001c59ac8)]: 0 failure(s)
Postproc #2 [meta_schedule.RewriteUnboundBlock(0x600001c59ae8)]: 0 failure(s)
Postproc #3 [meta_schedule.RewriteParallelVectorizeUnroll(0x600001c59b08)]: 0 failure(s)
Postproc #4 [meta_schedule.RewriteReductionBlock(0x600001c59b28)]: 0 failure(s)
Postproc #5 [meta_schedule.VerifyGPUCode(0x600001788548)]: 0 failure(s)
2023-06-19 07:13:33 [INFO] [evolutionary_search.cc:621] Evolve iter #3 done. Summary:
Postproc #0 [meta_schedule.DisallowDynamicLoop(0x600001c59aa8)]: 0 failure(s)
Postproc #1 [meta_schedule.RewriteCooperativeFetch(0x600001c59ac8)]: 0 failure(s)
Postproc #2 [meta_schedule.RewriteUnboundBlock(0x600001c59ae8)]: 0 failure(s)
Postproc #3 [meta_schedule.RewriteParallelVectorizeUnroll(0x600001c59b08)]: 0 failure(s)
Postproc #4 [meta_schedule.RewriteReductionBlock(0x600001c59b28)]: 0 failure(s)
Postproc #5 [meta_schedule.VerifyGPUCode(0x600001788548)]: 0 failure(s)
2023-06-19 07:13:33 [INFO] [evolutionary_search.cc:649] Scores of the best 0 candidates:
2023-06-19 07:13:33 [INFO] [evolutionary_search.cc:727] Got 0 candidate(s) with evolutionary search
2023-06-19 07:13:33 [INFO] [evolutionary_search.cc:730] Sending 0 candidates(s) for measurement
2023-06-19 07:14:49 [INFO] [evolutionary_search.cc:713] Generating candidates......
2023-06-19 07:14:49 [INFO] [evolutionary_search.cc:715] Picked top 1 candidate(s) from database
2023-06-19 07:14:49 [INFO] [evolutionary_search.cc:533] Sample-Init-Population summary:
Postproc #0 [meta_schedule.DisallowDynamicLoop(0x600001c59aa8)]: 0 failure(s)
Postproc #1 [meta_schedule.RewriteCooperativeFetch(0x600001c59ac8)]: 0 failure(s)
Postproc #2 [meta_schedule.RewriteUnboundBlock(0x600001c59ae8)]: 0 failure(s)
Postproc #3 [meta_schedule.RewriteParallelVectorizeUnroll(0x600001c59b08)]: 0 failure(s)
Postproc #4 [meta_schedule.RewriteReductionBlock(0x600001c59b28)]: 0 failure(s)
Postproc #5 [meta_schedule.VerifyGPUCode(0x600001788548)]: 0 failure(s)
2023-06-19 07:14:49 [INFO] [evolutionary_search.cc:723] Sampled 511 candidate(s)
2023-06-19 07:14:49 [INFO] [evolutionary_search.cc:621] Evolve iter #0 done. Summary:
Postproc #0 [meta_schedule.DisallowDynamicLoop(0x600001c59aa8)]: 0 failure(s)
Postproc #1 [meta_schedule.RewriteCooperativeFetch(0x600001c59ac8)]: 0 failure(s)
Postproc #2 [meta_schedule.RewriteUnboundBlock(0x600001c59ae8)]: 0 failure(s)
Postproc #3 [meta_schedule.RewriteParallelVectorizeUnroll(0x600001c59b08)]: 0 failure(s)
Postproc #4 [meta_schedule.RewriteReductionBlock(0x600001c59b28)]: 0 failure(s)
Postproc #5 [meta_schedule.VerifyGPUCode(0x600001788548)]: 0 failure(s)
2023-06-19 07:14:50 [INFO] [evolutionary_search.cc:621] Evolve iter #1 done. Summary:
Postproc #0 [meta_schedule.DisallowDynamicLoop(0x600001c59aa8)]: 0 failure(s)
Postproc #1 [meta_schedule.RewriteCooperativeFetch(0x600001c59ac8)]: 0 failure(s)
Postproc #2 [meta_schedule.RewriteUnboundBlock(0x600001c59ae8)]: 0 failure(s)
Postproc #3 [meta_schedule.RewriteParallelVectorizeUnroll(0x600001c59b08)]: 0 failure(s)
Postproc #4 [meta_schedule.RewriteReductionBlock(0x600001c59b28)]: 0 failure(s)
Postproc #5 [meta_schedule.VerifyGPUCode(0x600001788548)]: 0 failure(s)
2023-06-19 07:14:50 [INFO] [evolutionary_search.cc:621] Evolve iter #2 done. Summary:
Postproc #0 [meta_schedule.DisallowDynamicLoop(0x600001c59aa8)]: 0 failure(s)
Postproc #1 [meta_schedule.RewriteCooperativeFetch(0x600001c59ac8)]: 0 failure(s)
Postproc #2 [meta_schedule.RewriteUnboundBlock(0x600001c59ae8)]: 0 failure(s)
Postproc #3 [meta_schedule.RewriteParallelVectorizeUnroll(0x600001c59b08)]: 0 failure(s)
Postproc #4 [meta_schedule.RewriteReductionBlock(0x600001c59b28)]: 0 failure(s)
Postproc #5 [meta_schedule.VerifyGPUCode(0x600001788548)]: 0 failure(s)
2023-06-19 07:14:50 [INFO] [evolutionary_search.cc:621] Evolve iter #3 done. Summary:
Postproc #0 [meta_schedule.DisallowDynamicLoop(0x600001c59aa8)]: 0 failure(s)
Postproc #1 [meta_schedule.RewriteCooperativeFetch(0x600001c59ac8)]: 0 failure(s)
Postproc #2 [meta_schedule.RewriteUnboundBlock(0x600001c59ae8)]: 0 failure(s)
Postproc #3 [meta_schedule.RewriteParallelVectorizeUnroll(0x600001c59b08)]: 0 failure(s)
Postproc #4 [meta_schedule.RewriteReductionBlock(0x600001c59b28)]: 0 failure(s)
Postproc #5 [meta_schedule.VerifyGPUCode(0x600001788548)]: 0 failure(s)
2023-06-19 07:14:51 [INFO] [evolutionary_search.cc:649] Scores of the best 0 candidates:
2023-06-19 07:14:51 [INFO] [evolutionary_search.cc:727] Got 0 candidate(s) with evolutionary search
2023-06-19 07:14:51 [INFO] [evolutionary_search.cc:730] Sending 0 candidates(s) for measurement
2023-06-19 07:17:19 [INFO] [evolutionary_search.cc:713] Generating candidates......
2023-06-19 07:17:19 [INFO] [evolutionary_search.cc:715] Picked top 1 candidate(s) from database
2023-06-19 07:17:19 [INFO] [evolutionary_search.cc:533] Sample-Init-Population summary:
Postproc #0 [meta_schedule.DisallowDynamicLoop(0x600001c59aa8)]: 0 failure(s)
Postproc #1 [meta_schedule.RewriteCooperativeFetch(0x600001c59ac8)]: 0 failure(s)
Postproc #2 [meta_schedule.RewriteUnboundBlock(0x600001c59ae8)]: 0 failure(s)
Postproc #3 [meta_schedule.RewriteParallelVectorizeUnroll(0x600001c59b08)]: 0 failure(s)
Postproc #4 [meta_schedule.RewriteReductionBlock(0x600001c59b28)]: 0 failure(s)
Postproc #5 [meta_schedule.VerifyGPUCode(0x600001788548)]: 0 failure(s)
2023-06-19 07:17:19 [INFO] [evolutionary_search.cc:723] Sampled 511 candidate(s)
2023-06-19 07:17:19 [INFO] [evolutionary_search.cc:621] Evolve iter #0 done. Summary:
Postproc #0 [meta_schedule.DisallowDynamicLoop(0x600001c59aa8)]: 0 failure(s)
Postproc #1 [meta_schedule.RewriteCooperativeFetch(0x600001c59ac8)]: 0 failure(s)
Postproc #2 [meta_schedule.RewriteUnboundBlock(0x600001c59ae8)]: 0 failure(s)
Postproc #3 [meta_schedule.RewriteParallelVectorizeUnroll(0x600001c59b08)]: 0 failure(s)
Postproc #4 [meta_schedule.RewriteReductionBlock(0x600001c59b28)]: 0 failure(s)
Postproc #5 [meta_schedule.VerifyGPUCode(0x600001788548)]: 0 failure(s)
2023-06-19 07:17:19 [INFO] [evolutionary_search.cc:621] Evolve iter #1 done. Summary:
Postproc #0 [meta_schedule.DisallowDynamicLoop(0x600001c59aa8)]: 0 failure(s)
Postproc #1 [meta_schedule.RewriteCooperativeFetch(0x600001c59ac8)]: 0 failure(s)
Postproc #2 [meta_schedule.RewriteUnboundBlock(0x600001c59ae8)]: 0 failure(s)
Postproc #3 [meta_schedule.RewriteParallelVectorizeUnroll(0x600001c59b08)]: 0 failure(s)
Postproc #4 [meta_schedule.RewriteReductionBlock(0x600001c59b28)]: 0 failure(s)
Postproc #5 [meta_schedule.VerifyGPUCode(0x600001788548)]: 0 failure(s)
2023-06-19 07:17:20 [INFO] [evolutionary_search.cc:621] Evolve iter #2 done. Summary:
Postproc #0 [meta_schedule.DisallowDynamicLoop(0x600001c59aa8)]: 0 failure(s)
Postproc #1 [meta_schedule.RewriteCooperativeFetch(0x600001c59ac8)]: 0 failure(s)
Postproc #2 [meta_schedule.RewriteUnboundBlock(0x600001c59ae8)]: 0 failure(s)
Postproc #3 [meta_schedule.RewriteParallelVectorizeUnroll(0x600001c59b08)]: 0 failure(s)
Postproc #4 [meta_schedule.RewriteReductionBlock(0x600001c59b28)]: 0 failure(s)
Postproc #5 [meta_schedule.VerifyGPUCode(0x600001788548)]: 0 failure(s)
2023-06-19 07:17:20 [INFO] [evolutionary_search.cc:621] Evolve iter #3 done. Summary:
Postproc #0 [meta_schedule.DisallowDynamicLoop(0x600001c59aa8)]: 0 failure(s)
Postproc #1 [meta_schedule.RewriteCooperativeFetch(0x600001c59ac8)]: 0 failure(s)
Postproc #2 [meta_schedule.RewriteUnboundBlock(0x600001c59ae8)]: 0 failure(s)
Postproc #3 [meta_schedule.RewriteParallelVectorizeUnroll(0x600001c59b08)]: 0 failure(s)
Postproc #4 [meta_schedule.RewriteReductionBlock(0x600001c59b28)]: 0 failure(s)
Postproc #5 [meta_schedule.VerifyGPUCode(0x600001788548)]: 0 failure(s)
2023-06-19 07:17:20 [INFO] [evolutionary_search.cc:649] Scores of the best 0 candidates:
2023-06-19 07:17:20 [INFO] [evolutionary_search.cc:727] Got 0 candidate(s) with evolutionary search
2023-06-19 07:17:20 [INFO] [evolutionary_search.cc:730] Sending 0 candidates(s) for measurement
2023-06-19 07:18:40 [INFO] [evolutionary_search.cc:713] Generating candidates......
2023-06-19 07:18:40 [INFO] [evolutionary_search.cc:715] Picked top 1 candidate(s) from database
2023-06-19 07:18:41 [INFO] [evolutionary_search.cc:533] Sample-Init-Population summary:
Postproc #0 [meta_schedule.DisallowDynamicLoop(0x600001c59aa8)]: 0 failure(s)
Postproc #1 [meta_schedule.RewriteCooperativeFetch(0x600001c59ac8)]: 0 failure(s)
Postproc #2 [meta_schedule.RewriteUnboundBlock(0x600001c59ae8)]: 0 failure(s)
Postproc #3 [meta_schedule.RewriteParallelVectorizeUnroll(0x600001c59b08)]: 0 failure(s)
Postproc #4 [meta_schedule.RewriteReductionBlock(0x600001c59b28)]: 0 failure(s)
Postproc #5 [meta_schedule.VerifyGPUCode(0x600001788548)]: 0 failure(s)
2023-06-19 07:18:41 [INFO] [evolutionary_search.cc:723] Sampled 511 candidate(s)
2023-06-19 07:18:41 [INFO] [evolutionary_search.cc:621] Evolve iter #0 done. Summary:
Postproc #0 [meta_schedule.DisallowDynamicLoop(0x600001c59aa8)]: 0 failure(s)
Postproc #1 [meta_schedule.RewriteCooperativeFetch(0x600001c59ac8)]: 0 failure(s)
Postproc #2 [meta_schedule.RewriteUnboundBlock(0x600001c59ae8)]: 0 failure(s)
Postproc #3 [meta_schedule.RewriteParallelVectorizeUnroll(0x600001c59b08)]: 0 failure(s)
Postproc #4 [meta_schedule.RewriteReductionBlock(0x600001c59b28)]: 0 failure(s)
Postproc #5 [meta_schedule.VerifyGPUCode(0x600001788548)]: 0 failure(s)
2023-06-19 07:18:41 [INFO] [evolutionary_search.cc:621] Evolve iter #1 done. Summary:
Postproc #0 [meta_schedule.DisallowDynamicLoop(0x600001c59aa8)]: 0 failure(s)
Postproc #1 [meta_schedule.RewriteCooperativeFetch(0x600001c59ac8)]: 0 failure(s)
Postproc #2 [meta_schedule.RewriteUnboundBlock(0x600001c59ae8)]: 0 failure(s)
Postproc #3 [meta_schedule.RewriteParallelVectorizeUnroll(0x600001c59b08)]: 0 failure(s)
Postproc #4 [meta_schedule.RewriteReductionBlock(0x600001c59b28)]: 0 failure(s)
Postproc #5 [meta_schedule.VerifyGPUCode(0x600001788548)]: 0 failure(s)
2023-06-19 07:18:42 [INFO] [evolutionary_search.cc:621] Evolve iter #2 done. Summary:
Postproc #0 [meta_schedule.DisallowDynamicLoop(0x600001c59aa8)]: 0 failure(s)
Postproc #1 [meta_schedule.RewriteCooperativeFetch(0x600001c59ac8)]: 0 failure(s)
Postproc #2 [meta_schedule.RewriteUnboundBlock(0x600001c59ae8)]: 0 failure(s)
Postproc #3 [meta_schedule.RewriteParallelVectorizeUnroll(0x600001c59b08)]: 0 failure(s)
Postproc #4 [meta_schedule.RewriteReductionBlock(0x600001c59b28)]: 0 failure(s)
Postproc #5 [meta_schedule.VerifyGPUCode(0x600001788548)]: 0 failure(s)
2023-06-19 07:18:42 [INFO] [evolutionary_search.cc:621] Evolve iter #3 done. Summary:
Postproc #0 [meta_schedule.DisallowDynamicLoop(0x600001c59aa8)]: 0 failure(s)
Postproc #1 [meta_schedule.RewriteCooperativeFetch(0x600001c59ac8)]: 0 failure(s)
Postproc #2 [meta_schedule.RewriteUnboundBlock(0x600001c59ae8)]: 0 failure(s)
Postproc #3 [meta_schedule.RewriteParallelVectorizeUnroll(0x600001c59b08)]: 0 failure(s)
Postproc #4 [meta_schedule.RewriteReductionBlock(0x600001c59b28)]: 0 failure(s)
Postproc #5 [meta_schedule.VerifyGPUCode(0x600001788548)]: 0 failure(s)
2023-06-19 07:18:42 [INFO] [evolutionary_search.cc:649] Scores of the best 0 candidates:
2023-06-19 07:18:42 [INFO] [evolutionary_search.cc:727] Got 0 candidate(s) with evolutionary search
2023-06-19 07:18:42 [INFO] [evolutionary_search.cc:730] Sending 0 candidates(s) for measurement
2023-06-19 07:20:04 [INFO] [evolutionary_search.cc:713] Generating candidates......
2023-06-19 07:20:04 [INFO] [evolutionary_search.cc:715] Picked top 1 candidate(s) from database
2023-06-19 07:20:04 [INFO] [evolutionary_search.cc:533] Sample-Init-Population summary:
Postproc #0 [meta_schedule.DisallowDynamicLoop(0x600001c59aa8)]: 0 failure(s)
Postproc #1 [meta_schedule.RewriteCooperativeFetch(0x600001c59ac8)]: 0 failure(s)
Postproc #2 [meta_schedule.RewriteUnboundBlock(0x600001c59ae8)]: 0 failure(s)
Postproc #3 [meta_schedule.RewriteParallelVectorizeUnroll(0x600001c59b08)]: 0 failure(s)
Postproc #4 [meta_schedule.RewriteReductionBlock(0x600001c59b28)]: 0 failure(s)
Postproc #5 [meta_schedule.VerifyGPUCode(0x600001788548)]: 0 failure(s)
2023-06-19 07:20:04 [INFO] [evolutionary_search.cc:723] Sampled 511 candidate(s)
2023-06-19 07:20:04 [INFO] [evolutionary_search.cc:621] Evolve iter #0 done. Summary:
Postproc #0 [meta_schedule.DisallowDynamicLoop(0x600001c59aa8)]: 0 failure(s)
Postproc #1 [meta_schedule.RewriteCooperativeFetch(0x600001c59ac8)]: 0 failure(s)
Postproc #2 [meta_schedule.RewriteUnboundBlock(0x600001c59ae8)]: 0 failure(s)
Postproc #3 [meta_schedule.RewriteParallelVectorizeUnroll(0x600001c59b08)]: 0 failure(s)
Postproc #4 [meta_schedule.RewriteReductionBlock(0x600001c59b28)]: 0 failure(s)
Postproc #5 [meta_schedule.VerifyGPUCode(0x600001788548)]: 0 failure(s)
2023-06-19 07:20:05 [INFO] [evolutionary_search.cc:621] Evolve iter #1 done. Summary:
Postproc #0 [meta_schedule.DisallowDynamicLoop(0x600001c59aa8)]: 0 failure(s)
Postproc #1 [meta_schedule.RewriteCooperativeFetch(0x600001c59ac8)]: 0 failure(s)
Postproc #2 [meta_schedule.RewriteUnboundBlock(0x600001c59ae8)]: 0 failure(s)
Postproc #3 [meta_schedule.RewriteParallelVectorizeUnroll(0x600001c59b08)]: 0 failure(s)
Postproc #4 [meta_schedule.RewriteReductionBlock(0x600001c59b28)]: 0 failure(s)
Postproc #5 [meta_schedule.VerifyGPUCode(0x600001788548)]: 0 failure(s)
2023-06-19 07:20:05 [INFO] [evolutionary_search.cc:621] Evolve iter #2 done. Summary:
Postproc #0 [meta_schedule.DisallowDynamicLoop(0x600001c59aa8)]: 0 failure(s)
Postproc #1 [meta_schedule.RewriteCooperativeFetch(0x600001c59ac8)]: 0 failure(s)
Postproc #2 [meta_schedule.RewriteUnboundBlock(0x600001c59ae8)]: 0 failure(s)
Postproc #3 [meta_schedule.RewriteParallelVectorizeUnroll(0x600001c59b08)]: 0 failure(s)
Postproc #4 [meta_schedule.RewriteReductionBlock(0x600001c59b28)]: 0 failure(s)
Postproc #5 [meta_schedule.VerifyGPUCode(0x600001788548)]: 0 failure(s)
2023-06-19 07:20:05 [INFO] [evolutionary_search.cc:621] Evolve iter #3 done. Summary:
Postproc #0 [meta_schedule.DisallowDynamicLoop(0x600001c59aa8)]: 0 failure(s)
Postproc #1 [meta_schedule.RewriteCooperativeFetch(0x600001c59ac8)]: 0 failure(s)
Postproc #2 [meta_schedule.RewriteUnboundBlock(0x600001c59ae8)]: 0 failure(s)
Postproc #3 [meta_schedule.RewriteParallelVectorizeUnroll(0x600001c59b08)]: 0 failure(s)
Postproc #4 [meta_schedule.RewriteReductionBlock(0x600001c59b28)]: 0 failure(s)
Postproc #5 [meta_schedule.VerifyGPUCode(0x600001788548)]: 0 failure(s)
2023-06-19 07:20:06 [INFO] [evolutionary_search.cc:649] Scores of the best 0 candidates:
2023-06-19 07:20:06 [INFO] [evolutionary_search.cc:727] Got 0 candidate(s) with evolutionary search
2023-06-19 07:20:06 [INFO] [evolutionary_search.cc:730] Sending 0 candidates(s) for measurement
