2023-06-19 03:54:10 [INFO] [task_scheduler.cc:160] Initializing Task #3: "resize2d1"
2023-06-19 03:54:10 [INFO] [task_scheduler.cc:35] 
# from tvm.script import ir as I
# from tvm.script import tir as T

@I.ir_module
class Module:
    @T.prim_func
    def main(A: T.Buffer((T.int64(1), T.int64(64), T.int64(358), T.int64(358)), "float32"), resize: T.Buffer((T.int64(1), T.int64(64), T.int64(716), T.int64(716)), "float32")):
        T.func_attr({"global_symbol": "main", "op_pattern": 2, "tir.noalias": T.bool(True)})
        # with T.block("root"):
        for i0, i1, i2, i3 in T.grid(T.int64(1), T.int64(64), T.int64(716), T.int64(716)):
            with T.block("resize"):
                v_i0, v_i1, v_i2, v_i3 = T.axis.remap("SSSS", [i0, i1, i2, i3])
                T.reads(A[v_i0, v_i1, T.max(T.min(T.Div(v_i2, T.int64(2)), T.int64(357)), T.int64(0)), T.max(T.min(T.Div(v_i3, T.int64(2)), T.int64(357)), T.int64(0))])
                T.writes(resize[v_i0, v_i1, v_i2, v_i3])
                resize[v_i0, v_i1, v_i2, v_i3] = A[v_i0, v_i1, T.max(T.min(T.Div(v_i2, T.int64(2)), T.int64(357)), T.int64(0)), T.max(T.min(T.Div(v_i3, T.int64(2)), T.int64(357)), T.int64(0))]
2023-06-19 03:54:10 [INFO] [task_scheduler.cc:164] Total 1 design space(s) generated
2023-06-19 03:54:10 [INFO] [task_scheduler.cc:170] Design space #0:
# from tvm.script import ir as I
# from tvm.script import tir as T

@I.ir_module
class Module:
    @T.prim_func
    def main(A: T.Buffer((T.int64(1), T.int64(64), T.int64(358), T.int64(358)), "float32"), resize: T.Buffer((T.int64(1), T.int64(64), T.int64(716), T.int64(716)), "float32")):
        T.func_attr({"global_symbol": "main", "op_pattern": 2, "tir.noalias": T.bool(True)})
        # with T.block("root"):
        for i0_i1_i2_i3_fused_1 in T.thread_binding(T.int64(256), thread="blockIdx.x"):
            for i0_i1_i2_i3_fused_2 in T.thread_binding(T.int64(256), thread="threadIdx.x"):
                for i0_i1_i2_i3_fused_0 in range(T.int64(501)):
                    with T.block("resize"):
                        v_i0 = T.axis.spatial(T.int64(1), T.int64(0))
                        v_i1 = T.axis.spatial(T.int64(64), (i0_i1_i2_i3_fused_0 * T.int64(65536) + i0_i1_i2_i3_fused_1 * T.int64(256) + i0_i1_i2_i3_fused_2) // T.int64(512656))
                        v_i2 = T.axis.spatial(T.int64(716), (i0_i1_i2_i3_fused_0 * T.int64(65536) + i0_i1_i2_i3_fused_1 * T.int64(256) + i0_i1_i2_i3_fused_2) % T.int64(512656) // T.int64(716))
                        v_i3 = T.axis.spatial(T.int64(716), (i0_i1_i2_i3_fused_0 * T.int64(65536) + i0_i1_i2_i3_fused_1 * T.int64(256) + i0_i1_i2_i3_fused_2) % T.int64(716))
                        T.where((i0_i1_i2_i3_fused_0 * T.int64(256) + i0_i1_i2_i3_fused_1) * T.int64(256) + i0_i1_i2_i3_fused_2 < T.int64(32809984))
                        T.reads(A[v_i0, v_i1, T.max(T.min(T.Div(v_i2, T.int64(2)), T.int64(357)), T.int64(0)), T.max(T.min(T.Div(v_i3, T.int64(2)), T.int64(357)), T.int64(0))])
                        T.writes(resize[v_i0, v_i1, v_i2, v_i3])
                        resize[v_i0, v_i1, v_i2, v_i3] = A[v_i0, v_i1, T.max(T.min(T.Div(v_i2, T.int64(2)), T.int64(357)), T.int64(0)), T.max(T.min(T.Div(v_i3, T.int64(2)), T.int64(357)), T.int64(0))]
b0 = sch.get_block(name="resize", func_name="main")
l1, l2, l3, l4 = sch.get_loops(block=b0)
l5 = sch.fuse(l1, l2, l3, l4, preserve_unit_iters=True)
l6, l7, l8 = sch.split(loop=l5, factors=[None, 256, 256], preserve_unit_iters=True)
sch.reorder(l7, l8, l6)
sch.bind(loop=l7, thread_axis="blockIdx.x")
sch.bind(loop=l8, thread_axis="threadIdx.x")
2023-06-19 03:54:46 [INFO] [evolutionary_search.cc:713] Generating candidates......
2023-06-19 03:54:46 [INFO] [evolutionary_search.cc:715] Picked top 0 candidate(s) from database
2023-06-19 03:54:46 [INFO] [evolutionary_search.cc:533] Sample-Init-Population summary:
Postproc #0 [meta_schedule.DisallowDynamicLoop(0x600001c599e8)]: 0 failure(s)
Postproc #1 [meta_schedule.RewriteCooperativeFetch(0x600001c597e8)]: 0 failure(s)
Postproc #2 [meta_schedule.RewriteUnboundBlock(0x600001c59748)]: 0 failure(s)
Postproc #3 [meta_schedule.RewriteParallelVectorizeUnroll(0x600001c597a8)]: 0 failure(s)
Postproc #4 [meta_schedule.RewriteReductionBlock(0x600001c58e68)]: 0 failure(s)
Postproc #5 [meta_schedule.VerifyGPUCode(0x600001788d28)]: 0 failure(s)
2023-06-19 03:54:46 [INFO] [evolutionary_search.cc:723] Sampled 512 candidate(s)
2023-06-19 03:54:46 [INFO] [evolutionary_search.cc:621] Evolve iter #0 done. Summary:
Postproc #0 [meta_schedule.DisallowDynamicLoop(0x600001c599e8)]: 0 failure(s)
Postproc #1 [meta_schedule.RewriteCooperativeFetch(0x600001c597e8)]: 0 failure(s)
Postproc #2 [meta_schedule.RewriteUnboundBlock(0x600001c59748)]: 0 failure(s)
Postproc #3 [meta_schedule.RewriteParallelVectorizeUnroll(0x600001c597a8)]: 0 failure(s)
Postproc #4 [meta_schedule.RewriteReductionBlock(0x600001c58e68)]: 0 failure(s)
Postproc #5 [meta_schedule.VerifyGPUCode(0x600001788d28)]: 0 failure(s)
2023-06-19 03:54:46 [INFO] [evolutionary_search.cc:621] Evolve iter #1 done. Summary:
Postproc #0 [meta_schedule.DisallowDynamicLoop(0x600001c599e8)]: 0 failure(s)
Postproc #1 [meta_schedule.RewriteCooperativeFetch(0x600001c597e8)]: 0 failure(s)
Postproc #2 [meta_schedule.RewriteUnboundBlock(0x600001c59748)]: 0 failure(s)
Postproc #3 [meta_schedule.RewriteParallelVectorizeUnroll(0x600001c597a8)]: 0 failure(s)
Postproc #4 [meta_schedule.RewriteReductionBlock(0x600001c58e68)]: 0 failure(s)
Postproc #5 [meta_schedule.VerifyGPUCode(0x600001788d28)]: 0 failure(s)
2023-06-19 03:54:46 [INFO] [evolutionary_search.cc:621] Evolve iter #2 done. Summary:
Postproc #0 [meta_schedule.DisallowDynamicLoop(0x600001c599e8)]: 0 failure(s)
Postproc #1 [meta_schedule.RewriteCooperativeFetch(0x600001c597e8)]: 0 failure(s)
Postproc #2 [meta_schedule.RewriteUnboundBlock(0x600001c59748)]: 0 failure(s)
Postproc #3 [meta_schedule.RewriteParallelVectorizeUnroll(0x600001c597a8)]: 0 failure(s)
Postproc #4 [meta_schedule.RewriteReductionBlock(0x600001c58e68)]: 0 failure(s)
Postproc #5 [meta_schedule.VerifyGPUCode(0x600001788d28)]: 0 failure(s)
2023-06-19 03:54:46 [INFO] [evolutionary_search.cc:621] Evolve iter #3 done. Summary:
Postproc #0 [meta_schedule.DisallowDynamicLoop(0x600001c599e8)]: 0 failure(s)
Postproc #1 [meta_schedule.RewriteCooperativeFetch(0x600001c597e8)]: 0 failure(s)
Postproc #2 [meta_schedule.RewriteUnboundBlock(0x600001c59748)]: 0 failure(s)
Postproc #3 [meta_schedule.RewriteParallelVectorizeUnroll(0x600001c597a8)]: 0 failure(s)
Postproc #4 [meta_schedule.RewriteReductionBlock(0x600001c58e68)]: 0 failure(s)
Postproc #5 [meta_schedule.VerifyGPUCode(0x600001788d28)]: 0 failure(s)
2023-06-19 03:54:46 [INFO] [evolutionary_search.cc:649] Scores of the best 1 candidates:
[1 : 1]:	0.7223
2023-06-19 03:54:46 [INFO] [evolutionary_search.cc:727] Got 1 candidate(s) with evolutionary search
2023-06-19 03:54:46 [INFO] [evolutionary_search.cc:730] Sending 1 candidates(s) for measurement
2023-06-19 03:58:46 [INFO] [task_scheduler.cc:131] [Task #3: resize2d1] Trial #1: GFLOPs: 0.0000. Time: 2384.5053 us. Best GFLOPs: 0.0000
2023-06-19 06:24:36 [INFO] [evolutionary_search.cc:713] Generating candidates......
2023-06-19 06:24:36 [INFO] [evolutionary_search.cc:715] Picked top 1 candidate(s) from database
2023-06-19 06:24:36 [INFO] [evolutionary_search.cc:533] Sample-Init-Population summary:
Postproc #0 [meta_schedule.DisallowDynamicLoop(0x600001c599e8)]: 0 failure(s)
Postproc #1 [meta_schedule.RewriteCooperativeFetch(0x600001c597e8)]: 0 failure(s)
Postproc #2 [meta_schedule.RewriteUnboundBlock(0x600001c59748)]: 0 failure(s)
Postproc #3 [meta_schedule.RewriteParallelVectorizeUnroll(0x600001c597a8)]: 0 failure(s)
Postproc #4 [meta_schedule.RewriteReductionBlock(0x600001c58e68)]: 0 failure(s)
Postproc #5 [meta_schedule.VerifyGPUCode(0x600001788d28)]: 0 failure(s)
2023-06-19 06:24:36 [INFO] [evolutionary_search.cc:723] Sampled 511 candidate(s)
2023-06-19 06:24:36 [INFO] [evolutionary_search.cc:621] Evolve iter #0 done. Summary:
Postproc #0 [meta_schedule.DisallowDynamicLoop(0x600001c599e8)]: 0 failure(s)
Postproc #1 [meta_schedule.RewriteCooperativeFetch(0x600001c597e8)]: 0 failure(s)
Postproc #2 [meta_schedule.RewriteUnboundBlock(0x600001c59748)]: 0 failure(s)
Postproc #3 [meta_schedule.RewriteParallelVectorizeUnroll(0x600001c597a8)]: 0 failure(s)
Postproc #4 [meta_schedule.RewriteReductionBlock(0x600001c58e68)]: 0 failure(s)
Postproc #5 [meta_schedule.VerifyGPUCode(0x600001788d28)]: 0 failure(s)
2023-06-19 06:24:37 [INFO] [evolutionary_search.cc:621] Evolve iter #1 done. Summary:
Postproc #0 [meta_schedule.DisallowDynamicLoop(0x600001c599e8)]: 0 failure(s)
Postproc #1 [meta_schedule.RewriteCooperativeFetch(0x600001c597e8)]: 0 failure(s)
Postproc #2 [meta_schedule.RewriteUnboundBlock(0x600001c59748)]: 0 failure(s)
Postproc #3 [meta_schedule.RewriteParallelVectorizeUnroll(0x600001c597a8)]: 0 failure(s)
Postproc #4 [meta_schedule.RewriteReductionBlock(0x600001c58e68)]: 0 failure(s)
Postproc #5 [meta_schedule.VerifyGPUCode(0x600001788d28)]: 0 failure(s)
2023-06-19 06:24:37 [INFO] [evolutionary_search.cc:621] Evolve iter #2 done. Summary:
Postproc #0 [meta_schedule.DisallowDynamicLoop(0x600001c599e8)]: 0 failure(s)
Postproc #1 [meta_schedule.RewriteCooperativeFetch(0x600001c597e8)]: 0 failure(s)
Postproc #2 [meta_schedule.RewriteUnboundBlock(0x600001c59748)]: 0 failure(s)
Postproc #3 [meta_schedule.RewriteParallelVectorizeUnroll(0x600001c597a8)]: 0 failure(s)
Postproc #4 [meta_schedule.RewriteReductionBlock(0x600001c58e68)]: 0 failure(s)
Postproc #5 [meta_schedule.VerifyGPUCode(0x600001788d28)]: 0 failure(s)
2023-06-19 06:24:38 [INFO] [evolutionary_search.cc:621] Evolve iter #3 done. Summary:
Postproc #0 [meta_schedule.DisallowDynamicLoop(0x600001c599e8)]: 0 failure(s)
Postproc #1 [meta_schedule.RewriteCooperativeFetch(0x600001c597e8)]: 0 failure(s)
Postproc #2 [meta_schedule.RewriteUnboundBlock(0x600001c59748)]: 0 failure(s)
Postproc #3 [meta_schedule.RewriteParallelVectorizeUnroll(0x600001c597a8)]: 0 failure(s)
Postproc #4 [meta_schedule.RewriteReductionBlock(0x600001c58e68)]: 0 failure(s)
Postproc #5 [meta_schedule.VerifyGPUCode(0x600001788d28)]: 0 failure(s)
2023-06-19 06:24:38 [INFO] [evolutionary_search.cc:649] Scores of the best 0 candidates:
2023-06-19 06:24:38 [INFO] [evolutionary_search.cc:727] Got 0 candidate(s) with evolutionary search
2023-06-19 06:24:38 [INFO] [evolutionary_search.cc:730] Sending 0 candidates(s) for measurement
2023-06-19 06:29:05 [INFO] [evolutionary_search.cc:713] Generating candidates......
2023-06-19 06:29:05 [INFO] [evolutionary_search.cc:715] Picked top 1 candidate(s) from database
2023-06-19 06:29:05 [INFO] [evolutionary_search.cc:533] Sample-Init-Population summary:
Postproc #0 [meta_schedule.DisallowDynamicLoop(0x600001c599e8)]: 0 failure(s)
Postproc #1 [meta_schedule.RewriteCooperativeFetch(0x600001c597e8)]: 0 failure(s)
Postproc #2 [meta_schedule.RewriteUnboundBlock(0x600001c59748)]: 0 failure(s)
Postproc #3 [meta_schedule.RewriteParallelVectorizeUnroll(0x600001c597a8)]: 0 failure(s)
Postproc #4 [meta_schedule.RewriteReductionBlock(0x600001c58e68)]: 0 failure(s)
Postproc #5 [meta_schedule.VerifyGPUCode(0x600001788d28)]: 0 failure(s)
2023-06-19 06:29:05 [INFO] [evolutionary_search.cc:723] Sampled 511 candidate(s)
2023-06-19 06:29:05 [INFO] [evolutionary_search.cc:621] Evolve iter #0 done. Summary:
Postproc #0 [meta_schedule.DisallowDynamicLoop(0x600001c599e8)]: 0 failure(s)
Postproc #1 [meta_schedule.RewriteCooperativeFetch(0x600001c597e8)]: 0 failure(s)
Postproc #2 [meta_schedule.RewriteUnboundBlock(0x600001c59748)]: 0 failure(s)
Postproc #3 [meta_schedule.RewriteParallelVectorizeUnroll(0x600001c597a8)]: 0 failure(s)
Postproc #4 [meta_schedule.RewriteReductionBlock(0x600001c58e68)]: 0 failure(s)
Postproc #5 [meta_schedule.VerifyGPUCode(0x600001788d28)]: 0 failure(s)
2023-06-19 06:29:06 [INFO] [evolutionary_search.cc:621] Evolve iter #1 done. Summary:
Postproc #0 [meta_schedule.DisallowDynamicLoop(0x600001c599e8)]: 0 failure(s)
Postproc #1 [meta_schedule.RewriteCooperativeFetch(0x600001c597e8)]: 0 failure(s)
Postproc #2 [meta_schedule.RewriteUnboundBlock(0x600001c59748)]: 0 failure(s)
Postproc #3 [meta_schedule.RewriteParallelVectorizeUnroll(0x600001c597a8)]: 0 failure(s)
Postproc #4 [meta_schedule.RewriteReductionBlock(0x600001c58e68)]: 0 failure(s)
Postproc #5 [meta_schedule.VerifyGPUCode(0x600001788d28)]: 0 failure(s)
2023-06-19 06:29:06 [INFO] [evolutionary_search.cc:621] Evolve iter #2 done. Summary:
Postproc #0 [meta_schedule.DisallowDynamicLoop(0x600001c599e8)]: 0 failure(s)
Postproc #1 [meta_schedule.RewriteCooperativeFetch(0x600001c597e8)]: 0 failure(s)
Postproc #2 [meta_schedule.RewriteUnboundBlock(0x600001c59748)]: 0 failure(s)
Postproc #3 [meta_schedule.RewriteParallelVectorizeUnroll(0x600001c597a8)]: 0 failure(s)
Postproc #4 [meta_schedule.RewriteReductionBlock(0x600001c58e68)]: 0 failure(s)
Postproc #5 [meta_schedule.VerifyGPUCode(0x600001788d28)]: 0 failure(s)
2023-06-19 06:29:06 [INFO] [evolutionary_search.cc:621] Evolve iter #3 done. Summary:
Postproc #0 [meta_schedule.DisallowDynamicLoop(0x600001c599e8)]: 0 failure(s)
Postproc #1 [meta_schedule.RewriteCooperativeFetch(0x600001c597e8)]: 0 failure(s)
Postproc #2 [meta_schedule.RewriteUnboundBlock(0x600001c59748)]: 0 failure(s)
Postproc #3 [meta_schedule.RewriteParallelVectorizeUnroll(0x600001c597a8)]: 0 failure(s)
Postproc #4 [meta_schedule.RewriteReductionBlock(0x600001c58e68)]: 0 failure(s)
Postproc #5 [meta_schedule.VerifyGPUCode(0x600001788d28)]: 0 failure(s)
2023-06-19 06:29:07 [INFO] [evolutionary_search.cc:649] Scores of the best 0 candidates:
2023-06-19 06:29:07 [INFO] [evolutionary_search.cc:727] Got 0 candidate(s) with evolutionary search
2023-06-19 06:29:07 [INFO] [evolutionary_search.cc:730] Sending 0 candidates(s) for measurement
2023-06-19 06:37:53 [INFO] [evolutionary_search.cc:713] Generating candidates......
2023-06-19 06:37:53 [INFO] [evolutionary_search.cc:715] Picked top 1 candidate(s) from database
2023-06-19 06:37:54 [INFO] [evolutionary_search.cc:533] Sample-Init-Population summary:
Postproc #0 [meta_schedule.DisallowDynamicLoop(0x600001c599e8)]: 0 failure(s)
Postproc #1 [meta_schedule.RewriteCooperativeFetch(0x600001c597e8)]: 0 failure(s)
Postproc #2 [meta_schedule.RewriteUnboundBlock(0x600001c59748)]: 0 failure(s)
Postproc #3 [meta_schedule.RewriteParallelVectorizeUnroll(0x600001c597a8)]: 0 failure(s)
Postproc #4 [meta_schedule.RewriteReductionBlock(0x600001c58e68)]: 0 failure(s)
Postproc #5 [meta_schedule.VerifyGPUCode(0x600001788d28)]: 0 failure(s)
2023-06-19 06:37:54 [INFO] [evolutionary_search.cc:723] Sampled 511 candidate(s)
2023-06-19 06:37:54 [INFO] [evolutionary_search.cc:621] Evolve iter #0 done. Summary:
Postproc #0 [meta_schedule.DisallowDynamicLoop(0x600001c599e8)]: 0 failure(s)
Postproc #1 [meta_schedule.RewriteCooperativeFetch(0x600001c597e8)]: 0 failure(s)
Postproc #2 [meta_schedule.RewriteUnboundBlock(0x600001c59748)]: 0 failure(s)
Postproc #3 [meta_schedule.RewriteParallelVectorizeUnroll(0x600001c597a8)]: 0 failure(s)
Postproc #4 [meta_schedule.RewriteReductionBlock(0x600001c58e68)]: 0 failure(s)
Postproc #5 [meta_schedule.VerifyGPUCode(0x600001788d28)]: 0 failure(s)
2023-06-19 06:37:54 [INFO] [evolutionary_search.cc:621] Evolve iter #1 done. Summary:
Postproc #0 [meta_schedule.DisallowDynamicLoop(0x600001c599e8)]: 0 failure(s)
Postproc #1 [meta_schedule.RewriteCooperativeFetch(0x600001c597e8)]: 0 failure(s)
Postproc #2 [meta_schedule.RewriteUnboundBlock(0x600001c59748)]: 0 failure(s)
Postproc #3 [meta_schedule.RewriteParallelVectorizeUnroll(0x600001c597a8)]: 0 failure(s)
Postproc #4 [meta_schedule.RewriteReductionBlock(0x600001c58e68)]: 0 failure(s)
Postproc #5 [meta_schedule.VerifyGPUCode(0x600001788d28)]: 0 failure(s)
2023-06-19 06:37:55 [INFO] [evolutionary_search.cc:621] Evolve iter #2 done. Summary:
Postproc #0 [meta_schedule.DisallowDynamicLoop(0x600001c599e8)]: 0 failure(s)
Postproc #1 [meta_schedule.RewriteCooperativeFetch(0x600001c597e8)]: 0 failure(s)
Postproc #2 [meta_schedule.RewriteUnboundBlock(0x600001c59748)]: 0 failure(s)
Postproc #3 [meta_schedule.RewriteParallelVectorizeUnroll(0x600001c597a8)]: 0 failure(s)
Postproc #4 [meta_schedule.RewriteReductionBlock(0x600001c58e68)]: 0 failure(s)
Postproc #5 [meta_schedule.VerifyGPUCode(0x600001788d28)]: 0 failure(s)
2023-06-19 06:37:55 [INFO] [evolutionary_search.cc:621] Evolve iter #3 done. Summary:
Postproc #0 [meta_schedule.DisallowDynamicLoop(0x600001c599e8)]: 0 failure(s)
Postproc #1 [meta_schedule.RewriteCooperativeFetch(0x600001c597e8)]: 0 failure(s)
Postproc #2 [meta_schedule.RewriteUnboundBlock(0x600001c59748)]: 0 failure(s)
Postproc #3 [meta_schedule.RewriteParallelVectorizeUnroll(0x600001c597a8)]: 0 failure(s)
Postproc #4 [meta_schedule.RewriteReductionBlock(0x600001c58e68)]: 0 failure(s)
Postproc #5 [meta_schedule.VerifyGPUCode(0x600001788d28)]: 0 failure(s)
2023-06-19 06:37:55 [INFO] [evolutionary_search.cc:649] Scores of the best 0 candidates:
2023-06-19 06:37:55 [INFO] [evolutionary_search.cc:727] Got 0 candidate(s) with evolutionary search
2023-06-19 06:37:55 [INFO] [evolutionary_search.cc:730] Sending 0 candidates(s) for measurement
2023-06-19 06:45:04 [INFO] [evolutionary_search.cc:713] Generating candidates......
2023-06-19 06:45:04 [INFO] [evolutionary_search.cc:715] Picked top 1 candidate(s) from database
2023-06-19 06:45:04 [INFO] [evolutionary_search.cc:533] Sample-Init-Population summary:
Postproc #0 [meta_schedule.DisallowDynamicLoop(0x600001c599e8)]: 0 failure(s)
Postproc #1 [meta_schedule.RewriteCooperativeFetch(0x600001c597e8)]: 0 failure(s)
Postproc #2 [meta_schedule.RewriteUnboundBlock(0x600001c59748)]: 0 failure(s)
Postproc #3 [meta_schedule.RewriteParallelVectorizeUnroll(0x600001c597a8)]: 0 failure(s)
Postproc #4 [meta_schedule.RewriteReductionBlock(0x600001c58e68)]: 0 failure(s)
Postproc #5 [meta_schedule.VerifyGPUCode(0x600001788d28)]: 0 failure(s)
2023-06-19 06:45:04 [INFO] [evolutionary_search.cc:723] Sampled 511 candidate(s)
2023-06-19 06:45:04 [INFO] [evolutionary_search.cc:621] Evolve iter #0 done. Summary:
Postproc #0 [meta_schedule.DisallowDynamicLoop(0x600001c599e8)]: 0 failure(s)
Postproc #1 [meta_schedule.RewriteCooperativeFetch(0x600001c597e8)]: 0 failure(s)
Postproc #2 [meta_schedule.RewriteUnboundBlock(0x600001c59748)]: 0 failure(s)
Postproc #3 [meta_schedule.RewriteParallelVectorizeUnroll(0x600001c597a8)]: 0 failure(s)
Postproc #4 [meta_schedule.RewriteReductionBlock(0x600001c58e68)]: 0 failure(s)
Postproc #5 [meta_schedule.VerifyGPUCode(0x600001788d28)]: 0 failure(s)
2023-06-19 06:45:05 [INFO] [evolutionary_search.cc:621] Evolve iter #1 done. Summary:
Postproc #0 [meta_schedule.DisallowDynamicLoop(0x600001c599e8)]: 0 failure(s)
Postproc #1 [meta_schedule.RewriteCooperativeFetch(0x600001c597e8)]: 0 failure(s)
Postproc #2 [meta_schedule.RewriteUnboundBlock(0x600001c59748)]: 0 failure(s)
Postproc #3 [meta_schedule.RewriteParallelVectorizeUnroll(0x600001c597a8)]: 0 failure(s)
Postproc #4 [meta_schedule.RewriteReductionBlock(0x600001c58e68)]: 0 failure(s)
Postproc #5 [meta_schedule.VerifyGPUCode(0x600001788d28)]: 0 failure(s)
2023-06-19 06:45:05 [INFO] [evolutionary_search.cc:621] Evolve iter #2 done. Summary:
Postproc #0 [meta_schedule.DisallowDynamicLoop(0x600001c599e8)]: 0 failure(s)
Postproc #1 [meta_schedule.RewriteCooperativeFetch(0x600001c597e8)]: 0 failure(s)
Postproc #2 [meta_schedule.RewriteUnboundBlock(0x600001c59748)]: 0 failure(s)
Postproc #3 [meta_schedule.RewriteParallelVectorizeUnroll(0x600001c597a8)]: 0 failure(s)
Postproc #4 [meta_schedule.RewriteReductionBlock(0x600001c58e68)]: 0 failure(s)
Postproc #5 [meta_schedule.VerifyGPUCode(0x600001788d28)]: 0 failure(s)
2023-06-19 06:45:05 [INFO] [evolutionary_search.cc:621] Evolve iter #3 done. Summary:
Postproc #0 [meta_schedule.DisallowDynamicLoop(0x600001c599e8)]: 0 failure(s)
Postproc #1 [meta_schedule.RewriteCooperativeFetch(0x600001c597e8)]: 0 failure(s)
Postproc #2 [meta_schedule.RewriteUnboundBlock(0x600001c59748)]: 0 failure(s)
Postproc #3 [meta_schedule.RewriteParallelVectorizeUnroll(0x600001c597a8)]: 0 failure(s)
Postproc #4 [meta_schedule.RewriteReductionBlock(0x600001c58e68)]: 0 failure(s)
Postproc #5 [meta_schedule.VerifyGPUCode(0x600001788d28)]: 0 failure(s)
2023-06-19 06:45:06 [INFO] [evolutionary_search.cc:649] Scores of the best 0 candidates:
2023-06-19 06:45:06 [INFO] [evolutionary_search.cc:727] Got 0 candidate(s) with evolutionary search
2023-06-19 06:45:06 [INFO] [evolutionary_search.cc:730] Sending 0 candidates(s) for measurement
2023-06-19 06:48:33 [INFO] [evolutionary_search.cc:713] Generating candidates......
2023-06-19 06:48:33 [INFO] [evolutionary_search.cc:715] Picked top 1 candidate(s) from database
2023-06-19 06:48:33 [INFO] [evolutionary_search.cc:533] Sample-Init-Population summary:
Postproc #0 [meta_schedule.DisallowDynamicLoop(0x600001c599e8)]: 0 failure(s)
Postproc #1 [meta_schedule.RewriteCooperativeFetch(0x600001c597e8)]: 0 failure(s)
Postproc #2 [meta_schedule.RewriteUnboundBlock(0x600001c59748)]: 0 failure(s)
Postproc #3 [meta_schedule.RewriteParallelVectorizeUnroll(0x600001c597a8)]: 0 failure(s)
Postproc #4 [meta_schedule.RewriteReductionBlock(0x600001c58e68)]: 0 failure(s)
Postproc #5 [meta_schedule.VerifyGPUCode(0x600001788d28)]: 0 failure(s)
2023-06-19 06:48:33 [INFO] [evolutionary_search.cc:723] Sampled 511 candidate(s)
2023-06-19 06:48:34 [INFO] [evolutionary_search.cc:621] Evolve iter #0 done. Summary:
Postproc #0 [meta_schedule.DisallowDynamicLoop(0x600001c599e8)]: 0 failure(s)
Postproc #1 [meta_schedule.RewriteCooperativeFetch(0x600001c597e8)]: 0 failure(s)
Postproc #2 [meta_schedule.RewriteUnboundBlock(0x600001c59748)]: 0 failure(s)
Postproc #3 [meta_schedule.RewriteParallelVectorizeUnroll(0x600001c597a8)]: 0 failure(s)
Postproc #4 [meta_schedule.RewriteReductionBlock(0x600001c58e68)]: 0 failure(s)
Postproc #5 [meta_schedule.VerifyGPUCode(0x600001788d28)]: 0 failure(s)
2023-06-19 06:48:34 [INFO] [evolutionary_search.cc:621] Evolve iter #1 done. Summary:
Postproc #0 [meta_schedule.DisallowDynamicLoop(0x600001c599e8)]: 0 failure(s)
Postproc #1 [meta_schedule.RewriteCooperativeFetch(0x600001c597e8)]: 0 failure(s)
Postproc #2 [meta_schedule.RewriteUnboundBlock(0x600001c59748)]: 0 failure(s)
Postproc #3 [meta_schedule.RewriteParallelVectorizeUnroll(0x600001c597a8)]: 0 failure(s)
Postproc #4 [meta_schedule.RewriteReductionBlock(0x600001c58e68)]: 0 failure(s)
Postproc #5 [meta_schedule.VerifyGPUCode(0x600001788d28)]: 0 failure(s)
2023-06-19 06:48:34 [INFO] [evolutionary_search.cc:621] Evolve iter #2 done. Summary:
Postproc #0 [meta_schedule.DisallowDynamicLoop(0x600001c599e8)]: 0 failure(s)
Postproc #1 [meta_schedule.RewriteCooperativeFetch(0x600001c597e8)]: 0 failure(s)
Postproc #2 [meta_schedule.RewriteUnboundBlock(0x600001c59748)]: 0 failure(s)
Postproc #3 [meta_schedule.RewriteParallelVectorizeUnroll(0x600001c597a8)]: 0 failure(s)
Postproc #4 [meta_schedule.RewriteReductionBlock(0x600001c58e68)]: 0 failure(s)
Postproc #5 [meta_schedule.VerifyGPUCode(0x600001788d28)]: 0 failure(s)
2023-06-19 06:48:35 [INFO] [evolutionary_search.cc:621] Evolve iter #3 done. Summary:
Postproc #0 [meta_schedule.DisallowDynamicLoop(0x600001c599e8)]: 0 failure(s)
Postproc #1 [meta_schedule.RewriteCooperativeFetch(0x600001c597e8)]: 0 failure(s)
Postproc #2 [meta_schedule.RewriteUnboundBlock(0x600001c59748)]: 0 failure(s)
Postproc #3 [meta_schedule.RewriteParallelVectorizeUnroll(0x600001c597a8)]: 0 failure(s)
Postproc #4 [meta_schedule.RewriteReductionBlock(0x600001c58e68)]: 0 failure(s)
Postproc #5 [meta_schedule.VerifyGPUCode(0x600001788d28)]: 0 failure(s)
2023-06-19 06:48:35 [INFO] [evolutionary_search.cc:649] Scores of the best 0 candidates:
2023-06-19 06:48:35 [INFO] [evolutionary_search.cc:727] Got 0 candidate(s) with evolutionary search
2023-06-19 06:48:35 [INFO] [evolutionary_search.cc:730] Sending 0 candidates(s) for measurement
