2023-06-19 03:54:11 [INFO] [task_scheduler.cc:160] Initializing Task #13: "tir_max_0"
2023-06-19 03:54:11 [INFO] [task_scheduler.cc:35] 
# from tvm.script import ir as I
# from tvm.script import tir as T

@I.ir_module
class Module:
    @T.prim_func
    def main(A: T.Buffer((T.int64(3), T.int64(716), T.int64(716)), "float32"), max0: T.Buffer((T.int64(3), T.int64(716), T.int64(716)), "float32")):
        T.func_attr({"global_symbol": "main", "op_pattern": 0, "tir.noalias": T.bool(True)})
        # with T.block("root"):
        for c, x, y in T.grid(T.int64(3), T.int64(716), T.int64(716)):
            with T.block("max0"):
                v_c, v_x, v_y = T.axis.remap("SSS", [c, x, y])
                T.reads(A[v_c, v_x, v_y])
                T.writes(max0[v_c, v_x, v_y])
                max0[v_c, v_x, v_y] = T.if_then_else(T.float32(0) < A[v_c, v_x, v_y], A[v_c, v_x, v_y], T.float32(0))
2023-06-19 03:54:11 [INFO] [task_scheduler.cc:164] Total 1 design space(s) generated
2023-06-19 03:54:11 [INFO] [task_scheduler.cc:170] Design space #0:
# from tvm.script import ir as I
# from tvm.script import tir as T

@I.ir_module
class Module:
    @T.prim_func
    def main(A: T.Buffer((T.int64(3), T.int64(716), T.int64(716)), "float32"), max0: T.Buffer((T.int64(3), T.int64(716), T.int64(716)), "float32")):
        T.func_attr({"global_symbol": "main", "op_pattern": 0, "tir.noalias": T.bool(True)})
        # with T.block("root"):
        for c_x_y_fused_1 in T.thread_binding(T.int64(256), thread="blockIdx.x"):
            for c_x_y_fused_2 in T.thread_binding(T.int64(256), thread="threadIdx.x"):
                for c_x_y_fused_0 in range(T.int64(24)):
                    with T.block("max0"):
                        v_c = T.axis.spatial(T.int64(3), (c_x_y_fused_0 * T.int64(65536) + c_x_y_fused_1 * T.int64(256) + c_x_y_fused_2) // T.int64(512656))
                        v_x = T.axis.spatial(T.int64(716), (c_x_y_fused_0 * T.int64(65536) + c_x_y_fused_1 * T.int64(256) + c_x_y_fused_2) % T.int64(512656) // T.int64(716))
                        v_y = T.axis.spatial(T.int64(716), (c_x_y_fused_0 * T.int64(65536) + c_x_y_fused_1 * T.int64(256) + c_x_y_fused_2) % T.int64(716))
                        T.where((c_x_y_fused_0 * T.int64(256) + c_x_y_fused_1) * T.int64(256) + c_x_y_fused_2 < T.int64(1537968))
                        T.reads(A[v_c, v_x, v_y])
                        T.writes(max0[v_c, v_x, v_y])
                        max0[v_c, v_x, v_y] = T.if_then_else(T.float32(0) < A[v_c, v_x, v_y], A[v_c, v_x, v_y], T.float32(0))
b0 = sch.get_block(name="max0", func_name="main")
l1, l2, l3 = sch.get_loops(block=b0)
l4 = sch.fuse(l1, l2, l3, preserve_unit_iters=True)
l5, l6, l7 = sch.split(loop=l4, factors=[None, 256, 256], preserve_unit_iters=True)
sch.reorder(l6, l7, l5)
sch.bind(loop=l6, thread_axis="blockIdx.x")
sch.bind(loop=l7, thread_axis="threadIdx.x")
2023-06-19 03:56:13 [INFO] [evolutionary_search.cc:713] Generating candidates......
2023-06-19 03:56:13 [INFO] [evolutionary_search.cc:715] Picked top 0 candidate(s) from database
2023-06-19 03:56:13 [INFO] [evolutionary_search.cc:533] Sample-Init-Population summary:
Postproc #0 [meta_schedule.DisallowDynamicLoop(0x600001c59348)]: 0 failure(s)
Postproc #1 [meta_schedule.RewriteCooperativeFetch(0x600001c5bd48)]: 0 failure(s)
Postproc #2 [meta_schedule.RewriteUnboundBlock(0x600001c5aba8)]: 0 failure(s)
Postproc #3 [meta_schedule.RewriteParallelVectorizeUnroll(0x600001c5a0c8)]: 0 failure(s)
Postproc #4 [meta_schedule.RewriteReductionBlock(0x600001c58a68)]: 0 failure(s)
Postproc #5 [meta_schedule.VerifyGPUCode(0x600001794a28)]: 0 failure(s)
2023-06-19 03:56:13 [INFO] [evolutionary_search.cc:723] Sampled 512 candidate(s)
2023-06-19 03:56:13 [INFO] [evolutionary_search.cc:621] Evolve iter #0 done. Summary:
Postproc #0 [meta_schedule.DisallowDynamicLoop(0x600001c59348)]: 0 failure(s)
Postproc #1 [meta_schedule.RewriteCooperativeFetch(0x600001c5bd48)]: 0 failure(s)
Postproc #2 [meta_schedule.RewriteUnboundBlock(0x600001c5aba8)]: 0 failure(s)
Postproc #3 [meta_schedule.RewriteParallelVectorizeUnroll(0x600001c5a0c8)]: 0 failure(s)
Postproc #4 [meta_schedule.RewriteReductionBlock(0x600001c58a68)]: 0 failure(s)
Postproc #5 [meta_schedule.VerifyGPUCode(0x600001794a28)]: 0 failure(s)
2023-06-19 03:56:13 [INFO] [evolutionary_search.cc:621] Evolve iter #1 done. Summary:
Postproc #0 [meta_schedule.DisallowDynamicLoop(0x600001c59348)]: 0 failure(s)
Postproc #1 [meta_schedule.RewriteCooperativeFetch(0x600001c5bd48)]: 0 failure(s)
Postproc #2 [meta_schedule.RewriteUnboundBlock(0x600001c5aba8)]: 0 failure(s)
Postproc #3 [meta_schedule.RewriteParallelVectorizeUnroll(0x600001c5a0c8)]: 0 failure(s)
Postproc #4 [meta_schedule.RewriteReductionBlock(0x600001c58a68)]: 0 failure(s)
Postproc #5 [meta_schedule.VerifyGPUCode(0x600001794a28)]: 0 failure(s)
2023-06-19 03:56:13 [INFO] [evolutionary_search.cc:621] Evolve iter #2 done. Summary:
Postproc #0 [meta_schedule.DisallowDynamicLoop(0x600001c59348)]: 0 failure(s)
Postproc #1 [meta_schedule.RewriteCooperativeFetch(0x600001c5bd48)]: 0 failure(s)
Postproc #2 [meta_schedule.RewriteUnboundBlock(0x600001c5aba8)]: 0 failure(s)
Postproc #3 [meta_schedule.RewriteParallelVectorizeUnroll(0x600001c5a0c8)]: 0 failure(s)
Postproc #4 [meta_schedule.RewriteReductionBlock(0x600001c58a68)]: 0 failure(s)
Postproc #5 [meta_schedule.VerifyGPUCode(0x600001794a28)]: 0 failure(s)
2023-06-19 03:56:13 [INFO] [evolutionary_search.cc:621] Evolve iter #3 done. Summary:
Postproc #0 [meta_schedule.DisallowDynamicLoop(0x600001c59348)]: 0 failure(s)
Postproc #1 [meta_schedule.RewriteCooperativeFetch(0x600001c5bd48)]: 0 failure(s)
Postproc #2 [meta_schedule.RewriteUnboundBlock(0x600001c5aba8)]: 0 failure(s)
Postproc #3 [meta_schedule.RewriteParallelVectorizeUnroll(0x600001c5a0c8)]: 0 failure(s)
Postproc #4 [meta_schedule.RewriteReductionBlock(0x600001c58a68)]: 0 failure(s)
Postproc #5 [meta_schedule.VerifyGPUCode(0x600001794a28)]: 0 failure(s)
2023-06-19 03:56:13 [INFO] [evolutionary_search.cc:649] Scores of the best 1 candidates:
[1 : 1]:	0.4848
2023-06-19 03:56:13 [INFO] [evolutionary_search.cc:727] Got 1 candidate(s) with evolutionary search
2023-06-19 03:56:13 [INFO] [evolutionary_search.cc:730] Sending 1 candidates(s) for measurement
2023-06-19 04:04:01 [INFO] [task_scheduler.cc:131] [Task #13: tir_max_0] Trial #1: GFLOPs: 0.0000. Time: 127.0204 us. Best GFLOPs: 0.0000
2023-06-19 07:13:30 [INFO] [evolutionary_search.cc:713] Generating candidates......
2023-06-19 07:13:30 [INFO] [evolutionary_search.cc:715] Picked top 1 candidate(s) from database
2023-06-19 07:13:30 [INFO] [evolutionary_search.cc:533] Sample-Init-Population summary:
Postproc #0 [meta_schedule.DisallowDynamicLoop(0x600001c59348)]: 0 failure(s)
Postproc #1 [meta_schedule.RewriteCooperativeFetch(0x600001c5bd48)]: 0 failure(s)
Postproc #2 [meta_schedule.RewriteUnboundBlock(0x600001c5aba8)]: 0 failure(s)
Postproc #3 [meta_schedule.RewriteParallelVectorizeUnroll(0x600001c5a0c8)]: 0 failure(s)
Postproc #4 [meta_schedule.RewriteReductionBlock(0x600001c58a68)]: 0 failure(s)
Postproc #5 [meta_schedule.VerifyGPUCode(0x600001794a28)]: 0 failure(s)
2023-06-19 07:13:30 [INFO] [evolutionary_search.cc:723] Sampled 511 candidate(s)
2023-06-19 07:13:30 [INFO] [evolutionary_search.cc:621] Evolve iter #0 done. Summary:
Postproc #0 [meta_schedule.DisallowDynamicLoop(0x600001c59348)]: 0 failure(s)
Postproc #1 [meta_schedule.RewriteCooperativeFetch(0x600001c5bd48)]: 0 failure(s)
Postproc #2 [meta_schedule.RewriteUnboundBlock(0x600001c5aba8)]: 0 failure(s)
Postproc #3 [meta_schedule.RewriteParallelVectorizeUnroll(0x600001c5a0c8)]: 0 failure(s)
Postproc #4 [meta_schedule.RewriteReductionBlock(0x600001c58a68)]: 0 failure(s)
Postproc #5 [meta_schedule.VerifyGPUCode(0x600001794a28)]: 0 failure(s)
2023-06-19 07:13:31 [INFO] [evolutionary_search.cc:621] Evolve iter #1 done. Summary:
Postproc #0 [meta_schedule.DisallowDynamicLoop(0x600001c59348)]: 0 failure(s)
Postproc #1 [meta_schedule.RewriteCooperativeFetch(0x600001c5bd48)]: 0 failure(s)
Postproc #2 [meta_schedule.RewriteUnboundBlock(0x600001c5aba8)]: 0 failure(s)
Postproc #3 [meta_schedule.RewriteParallelVectorizeUnroll(0x600001c5a0c8)]: 0 failure(s)
Postproc #4 [meta_schedule.RewriteReductionBlock(0x600001c58a68)]: 0 failure(s)
Postproc #5 [meta_schedule.VerifyGPUCode(0x600001794a28)]: 0 failure(s)
2023-06-19 07:13:31 [INFO] [evolutionary_search.cc:621] Evolve iter #2 done. Summary:
Postproc #0 [meta_schedule.DisallowDynamicLoop(0x600001c59348)]: 0 failure(s)
Postproc #1 [meta_schedule.RewriteCooperativeFetch(0x600001c5bd48)]: 0 failure(s)
Postproc #2 [meta_schedule.RewriteUnboundBlock(0x600001c5aba8)]: 0 failure(s)
Postproc #3 [meta_schedule.RewriteParallelVectorizeUnroll(0x600001c5a0c8)]: 0 failure(s)
Postproc #4 [meta_schedule.RewriteReductionBlock(0x600001c58a68)]: 0 failure(s)
Postproc #5 [meta_schedule.VerifyGPUCode(0x600001794a28)]: 0 failure(s)
2023-06-19 07:13:31 [INFO] [evolutionary_search.cc:621] Evolve iter #3 done. Summary:
Postproc #0 [meta_schedule.DisallowDynamicLoop(0x600001c59348)]: 0 failure(s)
Postproc #1 [meta_schedule.RewriteCooperativeFetch(0x600001c5bd48)]: 0 failure(s)
Postproc #2 [meta_schedule.RewriteUnboundBlock(0x600001c5aba8)]: 0 failure(s)
Postproc #3 [meta_schedule.RewriteParallelVectorizeUnroll(0x600001c5a0c8)]: 0 failure(s)
Postproc #4 [meta_schedule.RewriteReductionBlock(0x600001c58a68)]: 0 failure(s)
Postproc #5 [meta_schedule.VerifyGPUCode(0x600001794a28)]: 0 failure(s)
2023-06-19 07:13:32 [INFO] [evolutionary_search.cc:649] Scores of the best 0 candidates:
2023-06-19 07:13:32 [INFO] [evolutionary_search.cc:727] Got 0 candidate(s) with evolutionary search
2023-06-19 07:13:32 [INFO] [evolutionary_search.cc:730] Sending 0 candidates(s) for measurement
2023-06-19 07:14:47 [INFO] [evolutionary_search.cc:713] Generating candidates......
2023-06-19 07:14:47 [INFO] [evolutionary_search.cc:715] Picked top 1 candidate(s) from database
2023-06-19 07:14:47 [INFO] [evolutionary_search.cc:533] Sample-Init-Population summary:
Postproc #0 [meta_schedule.DisallowDynamicLoop(0x600001c59348)]: 0 failure(s)
Postproc #1 [meta_schedule.RewriteCooperativeFetch(0x600001c5bd48)]: 0 failure(s)
Postproc #2 [meta_schedule.RewriteUnboundBlock(0x600001c5aba8)]: 0 failure(s)
Postproc #3 [meta_schedule.RewriteParallelVectorizeUnroll(0x600001c5a0c8)]: 0 failure(s)
Postproc #4 [meta_schedule.RewriteReductionBlock(0x600001c58a68)]: 0 failure(s)
Postproc #5 [meta_schedule.VerifyGPUCode(0x600001794a28)]: 0 failure(s)
2023-06-19 07:14:47 [INFO] [evolutionary_search.cc:723] Sampled 511 candidate(s)
2023-06-19 07:14:48 [INFO] [evolutionary_search.cc:621] Evolve iter #0 done. Summary:
Postproc #0 [meta_schedule.DisallowDynamicLoop(0x600001c59348)]: 0 failure(s)
Postproc #1 [meta_schedule.RewriteCooperativeFetch(0x600001c5bd48)]: 0 failure(s)
Postproc #2 [meta_schedule.RewriteUnboundBlock(0x600001c5aba8)]: 0 failure(s)
Postproc #3 [meta_schedule.RewriteParallelVectorizeUnroll(0x600001c5a0c8)]: 0 failure(s)
Postproc #4 [meta_schedule.RewriteReductionBlock(0x600001c58a68)]: 0 failure(s)
Postproc #5 [meta_schedule.VerifyGPUCode(0x600001794a28)]: 0 failure(s)
2023-06-19 07:14:48 [INFO] [evolutionary_search.cc:621] Evolve iter #1 done. Summary:
Postproc #0 [meta_schedule.DisallowDynamicLoop(0x600001c59348)]: 0 failure(s)
Postproc #1 [meta_schedule.RewriteCooperativeFetch(0x600001c5bd48)]: 0 failure(s)
Postproc #2 [meta_schedule.RewriteUnboundBlock(0x600001c5aba8)]: 0 failure(s)
Postproc #3 [meta_schedule.RewriteParallelVectorizeUnroll(0x600001c5a0c8)]: 0 failure(s)
Postproc #4 [meta_schedule.RewriteReductionBlock(0x600001c58a68)]: 0 failure(s)
Postproc #5 [meta_schedule.VerifyGPUCode(0x600001794a28)]: 0 failure(s)
2023-06-19 07:14:48 [INFO] [evolutionary_search.cc:621] Evolve iter #2 done. Summary:
Postproc #0 [meta_schedule.DisallowDynamicLoop(0x600001c59348)]: 0 failure(s)
Postproc #1 [meta_schedule.RewriteCooperativeFetch(0x600001c5bd48)]: 0 failure(s)
Postproc #2 [meta_schedule.RewriteUnboundBlock(0x600001c5aba8)]: 0 failure(s)
Postproc #3 [meta_schedule.RewriteParallelVectorizeUnroll(0x600001c5a0c8)]: 0 failure(s)
Postproc #4 [meta_schedule.RewriteReductionBlock(0x600001c58a68)]: 0 failure(s)
Postproc #5 [meta_schedule.VerifyGPUCode(0x600001794a28)]: 0 failure(s)
2023-06-19 07:14:49 [INFO] [evolutionary_search.cc:621] Evolve iter #3 done. Summary:
Postproc #0 [meta_schedule.DisallowDynamicLoop(0x600001c59348)]: 0 failure(s)
Postproc #1 [meta_schedule.RewriteCooperativeFetch(0x600001c5bd48)]: 0 failure(s)
Postproc #2 [meta_schedule.RewriteUnboundBlock(0x600001c5aba8)]: 0 failure(s)
Postproc #3 [meta_schedule.RewriteParallelVectorizeUnroll(0x600001c5a0c8)]: 0 failure(s)
Postproc #4 [meta_schedule.RewriteReductionBlock(0x600001c58a68)]: 0 failure(s)
Postproc #5 [meta_schedule.VerifyGPUCode(0x600001794a28)]: 0 failure(s)
2023-06-19 07:14:49 [INFO] [evolutionary_search.cc:649] Scores of the best 0 candidates:
2023-06-19 07:14:49 [INFO] [evolutionary_search.cc:727] Got 0 candidate(s) with evolutionary search
2023-06-19 07:14:49 [INFO] [evolutionary_search.cc:730] Sending 0 candidates(s) for measurement
2023-06-19 07:17:17 [INFO] [evolutionary_search.cc:713] Generating candidates......
2023-06-19 07:17:17 [INFO] [evolutionary_search.cc:715] Picked top 1 candidate(s) from database
2023-06-19 07:17:17 [INFO] [evolutionary_search.cc:533] Sample-Init-Population summary:
Postproc #0 [meta_schedule.DisallowDynamicLoop(0x600001c59348)]: 0 failure(s)
Postproc #1 [meta_schedule.RewriteCooperativeFetch(0x600001c5bd48)]: 0 failure(s)
Postproc #2 [meta_schedule.RewriteUnboundBlock(0x600001c5aba8)]: 0 failure(s)
Postproc #3 [meta_schedule.RewriteParallelVectorizeUnroll(0x600001c5a0c8)]: 0 failure(s)
Postproc #4 [meta_schedule.RewriteReductionBlock(0x600001c58a68)]: 0 failure(s)
Postproc #5 [meta_schedule.VerifyGPUCode(0x600001794a28)]: 0 failure(s)
2023-06-19 07:17:17 [INFO] [evolutionary_search.cc:723] Sampled 511 candidate(s)
2023-06-19 07:17:17 [INFO] [evolutionary_search.cc:621] Evolve iter #0 done. Summary:
Postproc #0 [meta_schedule.DisallowDynamicLoop(0x600001c59348)]: 0 failure(s)
Postproc #1 [meta_schedule.RewriteCooperativeFetch(0x600001c5bd48)]: 0 failure(s)
Postproc #2 [meta_schedule.RewriteUnboundBlock(0x600001c5aba8)]: 0 failure(s)
Postproc #3 [meta_schedule.RewriteParallelVectorizeUnroll(0x600001c5a0c8)]: 0 failure(s)
Postproc #4 [meta_schedule.RewriteReductionBlock(0x600001c58a68)]: 0 failure(s)
Postproc #5 [meta_schedule.VerifyGPUCode(0x600001794a28)]: 0 failure(s)
2023-06-19 07:17:18 [INFO] [evolutionary_search.cc:621] Evolve iter #1 done. Summary:
Postproc #0 [meta_schedule.DisallowDynamicLoop(0x600001c59348)]: 0 failure(s)
Postproc #1 [meta_schedule.RewriteCooperativeFetch(0x600001c5bd48)]: 0 failure(s)
Postproc #2 [meta_schedule.RewriteUnboundBlock(0x600001c5aba8)]: 0 failure(s)
Postproc #3 [meta_schedule.RewriteParallelVectorizeUnroll(0x600001c5a0c8)]: 0 failure(s)
Postproc #4 [meta_schedule.RewriteReductionBlock(0x600001c58a68)]: 0 failure(s)
Postproc #5 [meta_schedule.VerifyGPUCode(0x600001794a28)]: 0 failure(s)
2023-06-19 07:17:18 [INFO] [evolutionary_search.cc:621] Evolve iter #2 done. Summary:
Postproc #0 [meta_schedule.DisallowDynamicLoop(0x600001c59348)]: 0 failure(s)
Postproc #1 [meta_schedule.RewriteCooperativeFetch(0x600001c5bd48)]: 0 failure(s)
Postproc #2 [meta_schedule.RewriteUnboundBlock(0x600001c5aba8)]: 0 failure(s)
Postproc #3 [meta_schedule.RewriteParallelVectorizeUnroll(0x600001c5a0c8)]: 0 failure(s)
Postproc #4 [meta_schedule.RewriteReductionBlock(0x600001c58a68)]: 0 failure(s)
Postproc #5 [meta_schedule.VerifyGPUCode(0x600001794a28)]: 0 failure(s)
2023-06-19 07:17:18 [INFO] [evolutionary_search.cc:621] Evolve iter #3 done. Summary:
Postproc #0 [meta_schedule.DisallowDynamicLoop(0x600001c59348)]: 0 failure(s)
Postproc #1 [meta_schedule.RewriteCooperativeFetch(0x600001c5bd48)]: 0 failure(s)
Postproc #2 [meta_schedule.RewriteUnboundBlock(0x600001c5aba8)]: 0 failure(s)
Postproc #3 [meta_schedule.RewriteParallelVectorizeUnroll(0x600001c5a0c8)]: 0 failure(s)
Postproc #4 [meta_schedule.RewriteReductionBlock(0x600001c58a68)]: 0 failure(s)
Postproc #5 [meta_schedule.VerifyGPUCode(0x600001794a28)]: 0 failure(s)
2023-06-19 07:17:19 [INFO] [evolutionary_search.cc:649] Scores of the best 0 candidates:
2023-06-19 07:17:19 [INFO] [evolutionary_search.cc:727] Got 0 candidate(s) with evolutionary search
2023-06-19 07:17:19 [INFO] [evolutionary_search.cc:730] Sending 0 candidates(s) for measurement
2023-06-19 07:18:39 [INFO] [evolutionary_search.cc:713] Generating candidates......
2023-06-19 07:18:39 [INFO] [evolutionary_search.cc:715] Picked top 1 candidate(s) from database
2023-06-19 07:18:39 [INFO] [evolutionary_search.cc:533] Sample-Init-Population summary:
Postproc #0 [meta_schedule.DisallowDynamicLoop(0x600001c59348)]: 0 failure(s)
Postproc #1 [meta_schedule.RewriteCooperativeFetch(0x600001c5bd48)]: 0 failure(s)
Postproc #2 [meta_schedule.RewriteUnboundBlock(0x600001c5aba8)]: 0 failure(s)
Postproc #3 [meta_schedule.RewriteParallelVectorizeUnroll(0x600001c5a0c8)]: 0 failure(s)
Postproc #4 [meta_schedule.RewriteReductionBlock(0x600001c58a68)]: 0 failure(s)
Postproc #5 [meta_schedule.VerifyGPUCode(0x600001794a28)]: 0 failure(s)
2023-06-19 07:18:39 [INFO] [evolutionary_search.cc:723] Sampled 511 candidate(s)
2023-06-19 07:18:39 [INFO] [evolutionary_search.cc:621] Evolve iter #0 done. Summary:
Postproc #0 [meta_schedule.DisallowDynamicLoop(0x600001c59348)]: 0 failure(s)
Postproc #1 [meta_schedule.RewriteCooperativeFetch(0x600001c5bd48)]: 0 failure(s)
Postproc #2 [meta_schedule.RewriteUnboundBlock(0x600001c5aba8)]: 0 failure(s)
Postproc #3 [meta_schedule.RewriteParallelVectorizeUnroll(0x600001c5a0c8)]: 0 failure(s)
Postproc #4 [meta_schedule.RewriteReductionBlock(0x600001c58a68)]: 0 failure(s)
Postproc #5 [meta_schedule.VerifyGPUCode(0x600001794a28)]: 0 failure(s)
2023-06-19 07:18:39 [INFO] [evolutionary_search.cc:621] Evolve iter #1 done. Summary:
Postproc #0 [meta_schedule.DisallowDynamicLoop(0x600001c59348)]: 0 failure(s)
Postproc #1 [meta_schedule.RewriteCooperativeFetch(0x600001c5bd48)]: 0 failure(s)
Postproc #2 [meta_schedule.RewriteUnboundBlock(0x600001c5aba8)]: 0 failure(s)
Postproc #3 [meta_schedule.RewriteParallelVectorizeUnroll(0x600001c5a0c8)]: 0 failure(s)
Postproc #4 [meta_schedule.RewriteReductionBlock(0x600001c58a68)]: 0 failure(s)
Postproc #5 [meta_schedule.VerifyGPUCode(0x600001794a28)]: 0 failure(s)
2023-06-19 07:18:40 [INFO] [evolutionary_search.cc:621] Evolve iter #2 done. Summary:
Postproc #0 [meta_schedule.DisallowDynamicLoop(0x600001c59348)]: 0 failure(s)
Postproc #1 [meta_schedule.RewriteCooperativeFetch(0x600001c5bd48)]: 0 failure(s)
Postproc #2 [meta_schedule.RewriteUnboundBlock(0x600001c5aba8)]: 0 failure(s)
Postproc #3 [meta_schedule.RewriteParallelVectorizeUnroll(0x600001c5a0c8)]: 0 failure(s)
Postproc #4 [meta_schedule.RewriteReductionBlock(0x600001c58a68)]: 0 failure(s)
Postproc #5 [meta_schedule.VerifyGPUCode(0x600001794a28)]: 0 failure(s)
2023-06-19 07:18:40 [INFO] [evolutionary_search.cc:621] Evolve iter #3 done. Summary:
Postproc #0 [meta_schedule.DisallowDynamicLoop(0x600001c59348)]: 0 failure(s)
Postproc #1 [meta_schedule.RewriteCooperativeFetch(0x600001c5bd48)]: 0 failure(s)
Postproc #2 [meta_schedule.RewriteUnboundBlock(0x600001c5aba8)]: 0 failure(s)
Postproc #3 [meta_schedule.RewriteParallelVectorizeUnroll(0x600001c5a0c8)]: 0 failure(s)
Postproc #4 [meta_schedule.RewriteReductionBlock(0x600001c58a68)]: 0 failure(s)
Postproc #5 [meta_schedule.VerifyGPUCode(0x600001794a28)]: 0 failure(s)
2023-06-19 07:18:40 [INFO] [evolutionary_search.cc:649] Scores of the best 0 candidates:
2023-06-19 07:18:40 [INFO] [evolutionary_search.cc:727] Got 0 candidate(s) with evolutionary search
2023-06-19 07:18:40 [INFO] [evolutionary_search.cc:730] Sending 0 candidates(s) for measurement
2023-06-19 07:20:02 [INFO] [evolutionary_search.cc:713] Generating candidates......
2023-06-19 07:20:02 [INFO] [evolutionary_search.cc:715] Picked top 1 candidate(s) from database
2023-06-19 07:20:02 [INFO] [evolutionary_search.cc:533] Sample-Init-Population summary:
Postproc #0 [meta_schedule.DisallowDynamicLoop(0x600001c59348)]: 0 failure(s)
Postproc #1 [meta_schedule.RewriteCooperativeFetch(0x600001c5bd48)]: 0 failure(s)
Postproc #2 [meta_schedule.RewriteUnboundBlock(0x600001c5aba8)]: 0 failure(s)
Postproc #3 [meta_schedule.RewriteParallelVectorizeUnroll(0x600001c5a0c8)]: 0 failure(s)
Postproc #4 [meta_schedule.RewriteReductionBlock(0x600001c58a68)]: 0 failure(s)
Postproc #5 [meta_schedule.VerifyGPUCode(0x600001794a28)]: 0 failure(s)
2023-06-19 07:20:02 [INFO] [evolutionary_search.cc:723] Sampled 511 candidate(s)
2023-06-19 07:20:02 [INFO] [evolutionary_search.cc:621] Evolve iter #0 done. Summary:
Postproc #0 [meta_schedule.DisallowDynamicLoop(0x600001c59348)]: 0 failure(s)
Postproc #1 [meta_schedule.RewriteCooperativeFetch(0x600001c5bd48)]: 0 failure(s)
Postproc #2 [meta_schedule.RewriteUnboundBlock(0x600001c5aba8)]: 0 failure(s)
Postproc #3 [meta_schedule.RewriteParallelVectorizeUnroll(0x600001c5a0c8)]: 0 failure(s)
Postproc #4 [meta_schedule.RewriteReductionBlock(0x600001c58a68)]: 0 failure(s)
Postproc #5 [meta_schedule.VerifyGPUCode(0x600001794a28)]: 0 failure(s)
2023-06-19 07:20:03 [INFO] [evolutionary_search.cc:621] Evolve iter #1 done. Summary:
Postproc #0 [meta_schedule.DisallowDynamicLoop(0x600001c59348)]: 0 failure(s)
Postproc #1 [meta_schedule.RewriteCooperativeFetch(0x600001c5bd48)]: 0 failure(s)
Postproc #2 [meta_schedule.RewriteUnboundBlock(0x600001c5aba8)]: 0 failure(s)
Postproc #3 [meta_schedule.RewriteParallelVectorizeUnroll(0x600001c5a0c8)]: 0 failure(s)
Postproc #4 [meta_schedule.RewriteReductionBlock(0x600001c58a68)]: 0 failure(s)
Postproc #5 [meta_schedule.VerifyGPUCode(0x600001794a28)]: 0 failure(s)
2023-06-19 07:20:03 [INFO] [evolutionary_search.cc:621] Evolve iter #2 done. Summary:
Postproc #0 [meta_schedule.DisallowDynamicLoop(0x600001c59348)]: 0 failure(s)
Postproc #1 [meta_schedule.RewriteCooperativeFetch(0x600001c5bd48)]: 0 failure(s)
Postproc #2 [meta_schedule.RewriteUnboundBlock(0x600001c5aba8)]: 0 failure(s)
Postproc #3 [meta_schedule.RewriteParallelVectorizeUnroll(0x600001c5a0c8)]: 0 failure(s)
Postproc #4 [meta_schedule.RewriteReductionBlock(0x600001c58a68)]: 0 failure(s)
Postproc #5 [meta_schedule.VerifyGPUCode(0x600001794a28)]: 0 failure(s)
2023-06-19 07:20:03 [INFO] [evolutionary_search.cc:621] Evolve iter #3 done. Summary:
Postproc #0 [meta_schedule.DisallowDynamicLoop(0x600001c59348)]: 0 failure(s)
Postproc #1 [meta_schedule.RewriteCooperativeFetch(0x600001c5bd48)]: 0 failure(s)
Postproc #2 [meta_schedule.RewriteUnboundBlock(0x600001c5aba8)]: 0 failure(s)
Postproc #3 [meta_schedule.RewriteParallelVectorizeUnroll(0x600001c5a0c8)]: 0 failure(s)
Postproc #4 [meta_schedule.RewriteReductionBlock(0x600001c58a68)]: 0 failure(s)
Postproc #5 [meta_schedule.VerifyGPUCode(0x600001794a28)]: 0 failure(s)
2023-06-19 07:20:04 [INFO] [evolutionary_search.cc:649] Scores of the best 0 candidates:
2023-06-19 07:20:04 [INFO] [evolutionary_search.cc:727] Got 0 candidate(s) with evolutionary search
2023-06-19 07:20:04 [INFO] [evolutionary_search.cc:730] Sending 0 candidates(s) for measurement
