2023-06-19 03:54:11 [INFO] [task_scheduler.cc:160] Initializing Task #21: "concatenate1"
2023-06-19 03:54:11 [INFO] [task_scheduler.cc:35] 
# from tvm.script import ir as I
# from tvm.script import tir as T

@I.ir_module
class Module:
    @T.prim_func
    def main(A: T.Buffer((T.int64(1), T.int64(64), T.int64(179), T.int64(179)), "float32"), B: T.Buffer((T.int64(1), T.int64(32), T.int64(179), T.int64(179)), "float32"), C: T.Buffer((T.int64(1), T.int64(32), T.int64(179), T.int64(179)), "float32"), T_concat: T.Buffer((T.int64(1), T.int64(128), T.int64(179), T.int64(179)), "float32")):
        T.func_attr({"global_symbol": "main", "op_pattern": 2, "tir.noalias": T.bool(True)})
        # with T.block("root"):
        for ax0, ax1, ax2, ax3 in T.grid(T.int64(1), T.int64(128), T.int64(179), T.int64(179)):
            with T.block("T_concat"):
                v_ax0, v_ax1, v_ax2, v_ax3 = T.axis.remap("SSSS", [ax0, ax1, ax2, ax3])
                T.reads(C[v_ax0, v_ax1 - T.int64(96), v_ax2, v_ax3], B[v_ax0, v_ax1 - T.int64(64), v_ax2, v_ax3], A[v_ax0, v_ax1, v_ax2, v_ax3])
                T.writes(T_concat[v_ax0, v_ax1, v_ax2, v_ax3])
                T_concat[v_ax0, v_ax1, v_ax2, v_ax3] = T.if_then_else(T.int64(96) <= v_ax1, C[v_ax0, v_ax1 - T.int64(96), v_ax2, v_ax3], T.if_then_else(T.int64(64) <= v_ax1, B[v_ax0, v_ax1 - T.int64(64), v_ax2, v_ax3], A[v_ax0, v_ax1, v_ax2, v_ax3]))
2023-06-19 03:54:11 [INFO] [task_scheduler.cc:164] Total 1 design space(s) generated
2023-06-19 03:54:11 [INFO] [task_scheduler.cc:170] Design space #0:
# from tvm.script import ir as I
# from tvm.script import tir as T

@I.ir_module
class Module:
    @T.prim_func
    def main(A: T.Buffer((T.int64(1), T.int64(64), T.int64(179), T.int64(179)), "float32"), B: T.Buffer((T.int64(1), T.int64(32), T.int64(179), T.int64(179)), "float32"), C: T.Buffer((T.int64(1), T.int64(32), T.int64(179), T.int64(179)), "float32"), T_concat: T.Buffer((T.int64(1), T.int64(128), T.int64(179), T.int64(179)), "float32")):
        T.func_attr({"global_symbol": "main", "op_pattern": 2, "tir.noalias": T.bool(True)})
        # with T.block("root"):
        for ax0_ax1_ax2_ax3_fused_1 in T.thread_binding(T.int64(256), thread="blockIdx.x"):
            for ax0_ax1_ax2_ax3_fused_2 in T.thread_binding(T.int64(256), thread="threadIdx.x"):
                for ax0_ax1_ax2_ax3_fused_0 in range(T.int64(63)):
                    with T.block("T_concat"):
                        v_ax0 = T.axis.spatial(T.int64(1), T.int64(0))
                        v_ax1 = T.axis.spatial(T.int64(128), (ax0_ax1_ax2_ax3_fused_0 * T.int64(65536) + ax0_ax1_ax2_ax3_fused_1 * T.int64(256) + ax0_ax1_ax2_ax3_fused_2) // T.int64(32041))
                        v_ax2 = T.axis.spatial(T.int64(179), (ax0_ax1_ax2_ax3_fused_0 * T.int64(65536) + ax0_ax1_ax2_ax3_fused_1 * T.int64(256) + ax0_ax1_ax2_ax3_fused_2) % T.int64(32041) // T.int64(179))
                        v_ax3 = T.axis.spatial(T.int64(179), (ax0_ax1_ax2_ax3_fused_0 * T.int64(65536) + ax0_ax1_ax2_ax3_fused_1 * T.int64(256) + ax0_ax1_ax2_ax3_fused_2) % T.int64(179))
                        T.where((ax0_ax1_ax2_ax3_fused_0 * T.int64(256) + ax0_ax1_ax2_ax3_fused_1) * T.int64(256) + ax0_ax1_ax2_ax3_fused_2 < T.int64(4101248))
                        T.reads(C[v_ax0, v_ax1 - T.int64(96), v_ax2, v_ax3], B[v_ax0, v_ax1 - T.int64(64), v_ax2, v_ax3], A[v_ax0, v_ax1, v_ax2, v_ax3])
                        T.writes(T_concat[v_ax0, v_ax1, v_ax2, v_ax3])
                        T_concat[v_ax0, v_ax1, v_ax2, v_ax3] = T.if_then_else(T.int64(96) <= v_ax1, C[v_ax0, v_ax1 - T.int64(96), v_ax2, v_ax3], T.if_then_else(T.int64(64) <= v_ax1, B[v_ax0, v_ax1 - T.int64(64), v_ax2, v_ax3], A[v_ax0, v_ax1, v_ax2, v_ax3]))
b0 = sch.get_block(name="T_concat", func_name="main")
l1, l2, l3, l4 = sch.get_loops(block=b0)
l5 = sch.fuse(l1, l2, l3, l4, preserve_unit_iters=True)
l6, l7, l8 = sch.split(loop=l5, factors=[None, 256, 256], preserve_unit_iters=True)
sch.reorder(l7, l8, l6)
sch.bind(loop=l7, thread_axis="blockIdx.x")
sch.bind(loop=l8, thread_axis="threadIdx.x")
2023-06-19 03:57:13 [INFO] [evolutionary_search.cc:713] Generating candidates......
2023-06-19 03:57:13 [INFO] [evolutionary_search.cc:715] Picked top 0 candidate(s) from database
2023-06-19 03:57:14 [INFO] [evolutionary_search.cc:533] Sample-Init-Population summary:
Postproc #0 [meta_schedule.DisallowDynamicLoop(0x600001c66728)]: 0 failure(s)
Postproc #1 [meta_schedule.RewriteCooperativeFetch(0x600001c66d88)]: 0 failure(s)
Postproc #2 [meta_schedule.RewriteUnboundBlock(0x600001c67ec8)]: 0 failure(s)
Postproc #3 [meta_schedule.RewriteParallelVectorizeUnroll(0x600001c64ea8)]: 0 failure(s)
Postproc #4 [meta_schedule.RewriteReductionBlock(0x600001c66d08)]: 0 failure(s)
Postproc #5 [meta_schedule.VerifyGPUCode(0x600001790428)]: 0 failure(s)
2023-06-19 03:57:14 [INFO] [evolutionary_search.cc:723] Sampled 512 candidate(s)
2023-06-19 03:57:14 [INFO] [evolutionary_search.cc:621] Evolve iter #0 done. Summary:
Postproc #0 [meta_schedule.DisallowDynamicLoop(0x600001c66728)]: 0 failure(s)
Postproc #1 [meta_schedule.RewriteCooperativeFetch(0x600001c66d88)]: 0 failure(s)
Postproc #2 [meta_schedule.RewriteUnboundBlock(0x600001c67ec8)]: 0 failure(s)
Postproc #3 [meta_schedule.RewriteParallelVectorizeUnroll(0x600001c64ea8)]: 0 failure(s)
Postproc #4 [meta_schedule.RewriteReductionBlock(0x600001c66d08)]: 0 failure(s)
Postproc #5 [meta_schedule.VerifyGPUCode(0x600001790428)]: 0 failure(s)
2023-06-19 03:57:14 [INFO] [evolutionary_search.cc:621] Evolve iter #1 done. Summary:
Postproc #0 [meta_schedule.DisallowDynamicLoop(0x600001c66728)]: 0 failure(s)
Postproc #1 [meta_schedule.RewriteCooperativeFetch(0x600001c66d88)]: 0 failure(s)
Postproc #2 [meta_schedule.RewriteUnboundBlock(0x600001c67ec8)]: 0 failure(s)
Postproc #3 [meta_schedule.RewriteParallelVectorizeUnroll(0x600001c64ea8)]: 0 failure(s)
Postproc #4 [meta_schedule.RewriteReductionBlock(0x600001c66d08)]: 0 failure(s)
Postproc #5 [meta_schedule.VerifyGPUCode(0x600001790428)]: 0 failure(s)
2023-06-19 03:57:14 [INFO] [evolutionary_search.cc:621] Evolve iter #2 done. Summary:
Postproc #0 [meta_schedule.DisallowDynamicLoop(0x600001c66728)]: 0 failure(s)
Postproc #1 [meta_schedule.RewriteCooperativeFetch(0x600001c66d88)]: 0 failure(s)
Postproc #2 [meta_schedule.RewriteUnboundBlock(0x600001c67ec8)]: 0 failure(s)
Postproc #3 [meta_schedule.RewriteParallelVectorizeUnroll(0x600001c64ea8)]: 0 failure(s)
Postproc #4 [meta_schedule.RewriteReductionBlock(0x600001c66d08)]: 0 failure(s)
Postproc #5 [meta_schedule.VerifyGPUCode(0x600001790428)]: 0 failure(s)
2023-06-19 03:57:14 [INFO] [evolutionary_search.cc:621] Evolve iter #3 done. Summary:
Postproc #0 [meta_schedule.DisallowDynamicLoop(0x600001c66728)]: 0 failure(s)
Postproc #1 [meta_schedule.RewriteCooperativeFetch(0x600001c66d88)]: 0 failure(s)
Postproc #2 [meta_schedule.RewriteUnboundBlock(0x600001c67ec8)]: 0 failure(s)
Postproc #3 [meta_schedule.RewriteParallelVectorizeUnroll(0x600001c64ea8)]: 0 failure(s)
Postproc #4 [meta_schedule.RewriteReductionBlock(0x600001c66d08)]: 0 failure(s)
Postproc #5 [meta_schedule.VerifyGPUCode(0x600001790428)]: 0 failure(s)
2023-06-19 03:57:14 [INFO] [evolutionary_search.cc:649] Scores of the best 1 candidates:
[1 : 1]:	0.2595
2023-06-19 03:57:14 [INFO] [evolutionary_search.cc:727] Got 1 candidate(s) with evolutionary search
2023-06-19 03:57:14 [INFO] [evolutionary_search.cc:730] Sending 1 candidates(s) for measurement
2023-06-19 04:06:50 [INFO] [task_scheduler.cc:131] [Task #21: concatenate1] Trial #1: GFLOPs: 0.0000. Time: 407.8758 us. Best GFLOPs: 0.0000
2023-06-19 04:57:04 [INFO] [evolutionary_search.cc:713] Generating candidates......
2023-06-19 04:57:04 [INFO] [evolutionary_search.cc:715] Picked top 1 candidate(s) from database
2023-06-19 04:57:05 [INFO] [evolutionary_search.cc:533] Sample-Init-Population summary:
Postproc #0 [meta_schedule.DisallowDynamicLoop(0x600001c66728)]: 0 failure(s)
Postproc #1 [meta_schedule.RewriteCooperativeFetch(0x600001c66d88)]: 0 failure(s)
Postproc #2 [meta_schedule.RewriteUnboundBlock(0x600001c67ec8)]: 0 failure(s)
Postproc #3 [meta_schedule.RewriteParallelVectorizeUnroll(0x600001c64ea8)]: 0 failure(s)
Postproc #4 [meta_schedule.RewriteReductionBlock(0x600001c66d08)]: 0 failure(s)
Postproc #5 [meta_schedule.VerifyGPUCode(0x600001790428)]: 0 failure(s)
2023-06-19 04:57:05 [INFO] [evolutionary_search.cc:723] Sampled 511 candidate(s)
2023-06-19 04:57:06 [INFO] [evolutionary_search.cc:621] Evolve iter #0 done. Summary:
Postproc #0 [meta_schedule.DisallowDynamicLoop(0x600001c66728)]: 0 failure(s)
Postproc #1 [meta_schedule.RewriteCooperativeFetch(0x600001c66d88)]: 0 failure(s)
Postproc #2 [meta_schedule.RewriteUnboundBlock(0x600001c67ec8)]: 0 failure(s)
Postproc #3 [meta_schedule.RewriteParallelVectorizeUnroll(0x600001c64ea8)]: 0 failure(s)
Postproc #4 [meta_schedule.RewriteReductionBlock(0x600001c66d08)]: 0 failure(s)
Postproc #5 [meta_schedule.VerifyGPUCode(0x600001790428)]: 0 failure(s)
2023-06-19 04:57:07 [INFO] [evolutionary_search.cc:621] Evolve iter #1 done. Summary:
Postproc #0 [meta_schedule.DisallowDynamicLoop(0x600001c66728)]: 0 failure(s)
Postproc #1 [meta_schedule.RewriteCooperativeFetch(0x600001c66d88)]: 0 failure(s)
Postproc #2 [meta_schedule.RewriteUnboundBlock(0x600001c67ec8)]: 0 failure(s)
Postproc #3 [meta_schedule.RewriteParallelVectorizeUnroll(0x600001c64ea8)]: 0 failure(s)
Postproc #4 [meta_schedule.RewriteReductionBlock(0x600001c66d08)]: 0 failure(s)
Postproc #5 [meta_schedule.VerifyGPUCode(0x600001790428)]: 0 failure(s)
2023-06-19 04:57:08 [INFO] [evolutionary_search.cc:621] Evolve iter #2 done. Summary:
Postproc #0 [meta_schedule.DisallowDynamicLoop(0x600001c66728)]: 0 failure(s)
Postproc #1 [meta_schedule.RewriteCooperativeFetch(0x600001c66d88)]: 0 failure(s)
Postproc #2 [meta_schedule.RewriteUnboundBlock(0x600001c67ec8)]: 0 failure(s)
Postproc #3 [meta_schedule.RewriteParallelVectorizeUnroll(0x600001c64ea8)]: 0 failure(s)
Postproc #4 [meta_schedule.RewriteReductionBlock(0x600001c66d08)]: 0 failure(s)
Postproc #5 [meta_schedule.VerifyGPUCode(0x600001790428)]: 0 failure(s)
2023-06-19 04:57:09 [INFO] [evolutionary_search.cc:621] Evolve iter #3 done. Summary:
Postproc #0 [meta_schedule.DisallowDynamicLoop(0x600001c66728)]: 0 failure(s)
Postproc #1 [meta_schedule.RewriteCooperativeFetch(0x600001c66d88)]: 0 failure(s)
Postproc #2 [meta_schedule.RewriteUnboundBlock(0x600001c67ec8)]: 0 failure(s)
Postproc #3 [meta_schedule.RewriteParallelVectorizeUnroll(0x600001c64ea8)]: 0 failure(s)
Postproc #4 [meta_schedule.RewriteReductionBlock(0x600001c66d08)]: 0 failure(s)
Postproc #5 [meta_schedule.VerifyGPUCode(0x600001790428)]: 0 failure(s)
2023-06-19 04:57:10 [INFO] [evolutionary_search.cc:649] Scores of the best 0 candidates:
2023-06-19 04:57:10 [INFO] [evolutionary_search.cc:727] Got 0 candidate(s) with evolutionary search
2023-06-19 04:57:10 [INFO] [evolutionary_search.cc:730] Sending 0 candidates(s) for measurement
2023-06-19 05:31:47 [INFO] [evolutionary_search.cc:713] Generating candidates......
2023-06-19 05:31:47 [INFO] [evolutionary_search.cc:715] Picked top 1 candidate(s) from database
2023-06-19 05:31:48 [INFO] [evolutionary_search.cc:533] Sample-Init-Population summary:
Postproc #0 [meta_schedule.DisallowDynamicLoop(0x600001c66728)]: 0 failure(s)
Postproc #1 [meta_schedule.RewriteCooperativeFetch(0x600001c66d88)]: 0 failure(s)
Postproc #2 [meta_schedule.RewriteUnboundBlock(0x600001c67ec8)]: 0 failure(s)
Postproc #3 [meta_schedule.RewriteParallelVectorizeUnroll(0x600001c64ea8)]: 0 failure(s)
Postproc #4 [meta_schedule.RewriteReductionBlock(0x600001c66d08)]: 0 failure(s)
Postproc #5 [meta_schedule.VerifyGPUCode(0x600001790428)]: 0 failure(s)
2023-06-19 05:31:48 [INFO] [evolutionary_search.cc:723] Sampled 511 candidate(s)
2023-06-19 05:31:49 [INFO] [evolutionary_search.cc:621] Evolve iter #0 done. Summary:
Postproc #0 [meta_schedule.DisallowDynamicLoop(0x600001c66728)]: 0 failure(s)
Postproc #1 [meta_schedule.RewriteCooperativeFetch(0x600001c66d88)]: 0 failure(s)
Postproc #2 [meta_schedule.RewriteUnboundBlock(0x600001c67ec8)]: 0 failure(s)
Postproc #3 [meta_schedule.RewriteParallelVectorizeUnroll(0x600001c64ea8)]: 0 failure(s)
Postproc #4 [meta_schedule.RewriteReductionBlock(0x600001c66d08)]: 0 failure(s)
Postproc #5 [meta_schedule.VerifyGPUCode(0x600001790428)]: 0 failure(s)
2023-06-19 05:31:49 [INFO] [evolutionary_search.cc:621] Evolve iter #1 done. Summary:
Postproc #0 [meta_schedule.DisallowDynamicLoop(0x600001c66728)]: 0 failure(s)
Postproc #1 [meta_schedule.RewriteCooperativeFetch(0x600001c66d88)]: 0 failure(s)
Postproc #2 [meta_schedule.RewriteUnboundBlock(0x600001c67ec8)]: 0 failure(s)
Postproc #3 [meta_schedule.RewriteParallelVectorizeUnroll(0x600001c64ea8)]: 0 failure(s)
Postproc #4 [meta_schedule.RewriteReductionBlock(0x600001c66d08)]: 0 failure(s)
Postproc #5 [meta_schedule.VerifyGPUCode(0x600001790428)]: 0 failure(s)
2023-06-19 05:31:50 [INFO] [evolutionary_search.cc:621] Evolve iter #2 done. Summary:
Postproc #0 [meta_schedule.DisallowDynamicLoop(0x600001c66728)]: 0 failure(s)
Postproc #1 [meta_schedule.RewriteCooperativeFetch(0x600001c66d88)]: 0 failure(s)
Postproc #2 [meta_schedule.RewriteUnboundBlock(0x600001c67ec8)]: 0 failure(s)
Postproc #3 [meta_schedule.RewriteParallelVectorizeUnroll(0x600001c64ea8)]: 0 failure(s)
Postproc #4 [meta_schedule.RewriteReductionBlock(0x600001c66d08)]: 0 failure(s)
Postproc #5 [meta_schedule.VerifyGPUCode(0x600001790428)]: 0 failure(s)
2023-06-19 05:31:51 [INFO] [evolutionary_search.cc:621] Evolve iter #3 done. Summary:
Postproc #0 [meta_schedule.DisallowDynamicLoop(0x600001c66728)]: 0 failure(s)
Postproc #1 [meta_schedule.RewriteCooperativeFetch(0x600001c66d88)]: 0 failure(s)
Postproc #2 [meta_schedule.RewriteUnboundBlock(0x600001c67ec8)]: 0 failure(s)
Postproc #3 [meta_schedule.RewriteParallelVectorizeUnroll(0x600001c64ea8)]: 0 failure(s)
Postproc #4 [meta_schedule.RewriteReductionBlock(0x600001c66d08)]: 0 failure(s)
Postproc #5 [meta_schedule.VerifyGPUCode(0x600001790428)]: 0 failure(s)
2023-06-19 05:31:52 [INFO] [evolutionary_search.cc:649] Scores of the best 0 candidates:
2023-06-19 05:31:52 [INFO] [evolutionary_search.cc:727] Got 0 candidate(s) with evolutionary search
2023-06-19 05:31:52 [INFO] [evolutionary_search.cc:730] Sending 0 candidates(s) for measurement
2023-06-19 05:55:34 [INFO] [evolutionary_search.cc:713] Generating candidates......
2023-06-19 05:55:34 [INFO] [evolutionary_search.cc:715] Picked top 1 candidate(s) from database
2023-06-19 05:55:35 [INFO] [evolutionary_search.cc:533] Sample-Init-Population summary:
Postproc #0 [meta_schedule.DisallowDynamicLoop(0x600001c66728)]: 0 failure(s)
Postproc #1 [meta_schedule.RewriteCooperativeFetch(0x600001c66d88)]: 0 failure(s)
Postproc #2 [meta_schedule.RewriteUnboundBlock(0x600001c67ec8)]: 0 failure(s)
Postproc #3 [meta_schedule.RewriteParallelVectorizeUnroll(0x600001c64ea8)]: 0 failure(s)
Postproc #4 [meta_schedule.RewriteReductionBlock(0x600001c66d08)]: 0 failure(s)
Postproc #5 [meta_schedule.VerifyGPUCode(0x600001790428)]: 0 failure(s)
2023-06-19 05:55:35 [INFO] [evolutionary_search.cc:723] Sampled 511 candidate(s)
2023-06-19 05:55:36 [INFO] [evolutionary_search.cc:621] Evolve iter #0 done. Summary:
Postproc #0 [meta_schedule.DisallowDynamicLoop(0x600001c66728)]: 0 failure(s)
Postproc #1 [meta_schedule.RewriteCooperativeFetch(0x600001c66d88)]: 0 failure(s)
Postproc #2 [meta_schedule.RewriteUnboundBlock(0x600001c67ec8)]: 0 failure(s)
Postproc #3 [meta_schedule.RewriteParallelVectorizeUnroll(0x600001c64ea8)]: 0 failure(s)
Postproc #4 [meta_schedule.RewriteReductionBlock(0x600001c66d08)]: 0 failure(s)
Postproc #5 [meta_schedule.VerifyGPUCode(0x600001790428)]: 0 failure(s)
2023-06-19 05:55:37 [INFO] [evolutionary_search.cc:621] Evolve iter #1 done. Summary:
Postproc #0 [meta_schedule.DisallowDynamicLoop(0x600001c66728)]: 0 failure(s)
Postproc #1 [meta_schedule.RewriteCooperativeFetch(0x600001c66d88)]: 0 failure(s)
Postproc #2 [meta_schedule.RewriteUnboundBlock(0x600001c67ec8)]: 0 failure(s)
Postproc #3 [meta_schedule.RewriteParallelVectorizeUnroll(0x600001c64ea8)]: 0 failure(s)
Postproc #4 [meta_schedule.RewriteReductionBlock(0x600001c66d08)]: 0 failure(s)
Postproc #5 [meta_schedule.VerifyGPUCode(0x600001790428)]: 0 failure(s)
2023-06-19 05:55:38 [INFO] [evolutionary_search.cc:621] Evolve iter #2 done. Summary:
Postproc #0 [meta_schedule.DisallowDynamicLoop(0x600001c66728)]: 0 failure(s)
Postproc #1 [meta_schedule.RewriteCooperativeFetch(0x600001c66d88)]: 0 failure(s)
Postproc #2 [meta_schedule.RewriteUnboundBlock(0x600001c67ec8)]: 0 failure(s)
Postproc #3 [meta_schedule.RewriteParallelVectorizeUnroll(0x600001c64ea8)]: 0 failure(s)
Postproc #4 [meta_schedule.RewriteReductionBlock(0x600001c66d08)]: 0 failure(s)
Postproc #5 [meta_schedule.VerifyGPUCode(0x600001790428)]: 0 failure(s)
2023-06-19 05:55:39 [INFO] [evolutionary_search.cc:621] Evolve iter #3 done. Summary:
Postproc #0 [meta_schedule.DisallowDynamicLoop(0x600001c66728)]: 0 failure(s)
Postproc #1 [meta_schedule.RewriteCooperativeFetch(0x600001c66d88)]: 0 failure(s)
Postproc #2 [meta_schedule.RewriteUnboundBlock(0x600001c67ec8)]: 0 failure(s)
Postproc #3 [meta_schedule.RewriteParallelVectorizeUnroll(0x600001c64ea8)]: 0 failure(s)
Postproc #4 [meta_schedule.RewriteReductionBlock(0x600001c66d08)]: 0 failure(s)
Postproc #5 [meta_schedule.VerifyGPUCode(0x600001790428)]: 0 failure(s)
2023-06-19 05:55:40 [INFO] [evolutionary_search.cc:649] Scores of the best 0 candidates:
2023-06-19 05:55:40 [INFO] [evolutionary_search.cc:727] Got 0 candidate(s) with evolutionary search
2023-06-19 05:55:40 [INFO] [evolutionary_search.cc:730] Sending 0 candidates(s) for measurement
2023-06-19 06:00:03 [INFO] [evolutionary_search.cc:713] Generating candidates......
2023-06-19 06:00:03 [INFO] [evolutionary_search.cc:715] Picked top 1 candidate(s) from database
2023-06-19 06:00:04 [INFO] [evolutionary_search.cc:533] Sample-Init-Population summary:
Postproc #0 [meta_schedule.DisallowDynamicLoop(0x600001c66728)]: 0 failure(s)
Postproc #1 [meta_schedule.RewriteCooperativeFetch(0x600001c66d88)]: 0 failure(s)
Postproc #2 [meta_schedule.RewriteUnboundBlock(0x600001c67ec8)]: 0 failure(s)
Postproc #3 [meta_schedule.RewriteParallelVectorizeUnroll(0x600001c64ea8)]: 0 failure(s)
Postproc #4 [meta_schedule.RewriteReductionBlock(0x600001c66d08)]: 0 failure(s)
Postproc #5 [meta_schedule.VerifyGPUCode(0x600001790428)]: 0 failure(s)
2023-06-19 06:00:04 [INFO] [evolutionary_search.cc:723] Sampled 511 candidate(s)
2023-06-19 06:00:04 [INFO] [evolutionary_search.cc:621] Evolve iter #0 done. Summary:
Postproc #0 [meta_schedule.DisallowDynamicLoop(0x600001c66728)]: 0 failure(s)
Postproc #1 [meta_schedule.RewriteCooperativeFetch(0x600001c66d88)]: 0 failure(s)
Postproc #2 [meta_schedule.RewriteUnboundBlock(0x600001c67ec8)]: 0 failure(s)
Postproc #3 [meta_schedule.RewriteParallelVectorizeUnroll(0x600001c64ea8)]: 0 failure(s)
Postproc #4 [meta_schedule.RewriteReductionBlock(0x600001c66d08)]: 0 failure(s)
Postproc #5 [meta_schedule.VerifyGPUCode(0x600001790428)]: 0 failure(s)
2023-06-19 06:00:05 [INFO] [evolutionary_search.cc:621] Evolve iter #1 done. Summary:
Postproc #0 [meta_schedule.DisallowDynamicLoop(0x600001c66728)]: 0 failure(s)
Postproc #1 [meta_schedule.RewriteCooperativeFetch(0x600001c66d88)]: 0 failure(s)
Postproc #2 [meta_schedule.RewriteUnboundBlock(0x600001c67ec8)]: 0 failure(s)
Postproc #3 [meta_schedule.RewriteParallelVectorizeUnroll(0x600001c64ea8)]: 0 failure(s)
Postproc #4 [meta_schedule.RewriteReductionBlock(0x600001c66d08)]: 0 failure(s)
Postproc #5 [meta_schedule.VerifyGPUCode(0x600001790428)]: 0 failure(s)
2023-06-19 06:00:06 [INFO] [evolutionary_search.cc:621] Evolve iter #2 done. Summary:
Postproc #0 [meta_schedule.DisallowDynamicLoop(0x600001c66728)]: 0 failure(s)
Postproc #1 [meta_schedule.RewriteCooperativeFetch(0x600001c66d88)]: 0 failure(s)
Postproc #2 [meta_schedule.RewriteUnboundBlock(0x600001c67ec8)]: 0 failure(s)
Postproc #3 [meta_schedule.RewriteParallelVectorizeUnroll(0x600001c64ea8)]: 0 failure(s)
Postproc #4 [meta_schedule.RewriteReductionBlock(0x600001c66d08)]: 0 failure(s)
Postproc #5 [meta_schedule.VerifyGPUCode(0x600001790428)]: 0 failure(s)
2023-06-19 06:00:07 [INFO] [evolutionary_search.cc:621] Evolve iter #3 done. Summary:
Postproc #0 [meta_schedule.DisallowDynamicLoop(0x600001c66728)]: 0 failure(s)
Postproc #1 [meta_schedule.RewriteCooperativeFetch(0x600001c66d88)]: 0 failure(s)
Postproc #2 [meta_schedule.RewriteUnboundBlock(0x600001c67ec8)]: 0 failure(s)
Postproc #3 [meta_schedule.RewriteParallelVectorizeUnroll(0x600001c64ea8)]: 0 failure(s)
Postproc #4 [meta_schedule.RewriteReductionBlock(0x600001c66d08)]: 0 failure(s)
Postproc #5 [meta_schedule.VerifyGPUCode(0x600001790428)]: 0 failure(s)
2023-06-19 06:00:08 [INFO] [evolutionary_search.cc:649] Scores of the best 0 candidates:
2023-06-19 06:00:08 [INFO] [evolutionary_search.cc:727] Got 0 candidate(s) with evolutionary search
2023-06-19 06:00:08 [INFO] [evolutionary_search.cc:730] Sending 0 candidates(s) for measurement
2023-06-19 06:06:06 [INFO] [evolutionary_search.cc:713] Generating candidates......
2023-06-19 06:06:06 [INFO] [evolutionary_search.cc:715] Picked top 1 candidate(s) from database
2023-06-19 06:06:07 [INFO] [evolutionary_search.cc:533] Sample-Init-Population summary:
Postproc #0 [meta_schedule.DisallowDynamicLoop(0x600001c66728)]: 0 failure(s)
Postproc #1 [meta_schedule.RewriteCooperativeFetch(0x600001c66d88)]: 0 failure(s)
Postproc #2 [meta_schedule.RewriteUnboundBlock(0x600001c67ec8)]: 0 failure(s)
Postproc #3 [meta_schedule.RewriteParallelVectorizeUnroll(0x600001c64ea8)]: 0 failure(s)
Postproc #4 [meta_schedule.RewriteReductionBlock(0x600001c66d08)]: 0 failure(s)
Postproc #5 [meta_schedule.VerifyGPUCode(0x600001790428)]: 0 failure(s)
2023-06-19 06:06:07 [INFO] [evolutionary_search.cc:723] Sampled 511 candidate(s)
2023-06-19 06:06:08 [INFO] [evolutionary_search.cc:621] Evolve iter #0 done. Summary:
Postproc #0 [meta_schedule.DisallowDynamicLoop(0x600001c66728)]: 0 failure(s)
Postproc #1 [meta_schedule.RewriteCooperativeFetch(0x600001c66d88)]: 0 failure(s)
Postproc #2 [meta_schedule.RewriteUnboundBlock(0x600001c67ec8)]: 0 failure(s)
Postproc #3 [meta_schedule.RewriteParallelVectorizeUnroll(0x600001c64ea8)]: 0 failure(s)
Postproc #4 [meta_schedule.RewriteReductionBlock(0x600001c66d08)]: 0 failure(s)
Postproc #5 [meta_schedule.VerifyGPUCode(0x600001790428)]: 0 failure(s)
2023-06-19 06:06:09 [INFO] [evolutionary_search.cc:621] Evolve iter #1 done. Summary:
Postproc #0 [meta_schedule.DisallowDynamicLoop(0x600001c66728)]: 0 failure(s)
Postproc #1 [meta_schedule.RewriteCooperativeFetch(0x600001c66d88)]: 0 failure(s)
Postproc #2 [meta_schedule.RewriteUnboundBlock(0x600001c67ec8)]: 0 failure(s)
Postproc #3 [meta_schedule.RewriteParallelVectorizeUnroll(0x600001c64ea8)]: 0 failure(s)
Postproc #4 [meta_schedule.RewriteReductionBlock(0x600001c66d08)]: 0 failure(s)
Postproc #5 [meta_schedule.VerifyGPUCode(0x600001790428)]: 0 failure(s)
2023-06-19 06:06:10 [INFO] [evolutionary_search.cc:621] Evolve iter #2 done. Summary:
Postproc #0 [meta_schedule.DisallowDynamicLoop(0x600001c66728)]: 0 failure(s)
Postproc #1 [meta_schedule.RewriteCooperativeFetch(0x600001c66d88)]: 0 failure(s)
Postproc #2 [meta_schedule.RewriteUnboundBlock(0x600001c67ec8)]: 0 failure(s)
Postproc #3 [meta_schedule.RewriteParallelVectorizeUnroll(0x600001c64ea8)]: 0 failure(s)
Postproc #4 [meta_schedule.RewriteReductionBlock(0x600001c66d08)]: 0 failure(s)
Postproc #5 [meta_schedule.VerifyGPUCode(0x600001790428)]: 0 failure(s)
2023-06-19 06:06:11 [INFO] [evolutionary_search.cc:621] Evolve iter #3 done. Summary:
Postproc #0 [meta_schedule.DisallowDynamicLoop(0x600001c66728)]: 0 failure(s)
Postproc #1 [meta_schedule.RewriteCooperativeFetch(0x600001c66d88)]: 0 failure(s)
Postproc #2 [meta_schedule.RewriteUnboundBlock(0x600001c67ec8)]: 0 failure(s)
Postproc #3 [meta_schedule.RewriteParallelVectorizeUnroll(0x600001c64ea8)]: 0 failure(s)
Postproc #4 [meta_schedule.RewriteReductionBlock(0x600001c66d08)]: 0 failure(s)
Postproc #5 [meta_schedule.VerifyGPUCode(0x600001790428)]: 0 failure(s)
2023-06-19 06:06:12 [INFO] [evolutionary_search.cc:649] Scores of the best 0 candidates:
2023-06-19 06:06:12 [INFO] [evolutionary_search.cc:727] Got 0 candidate(s) with evolutionary search
2023-06-19 06:06:12 [INFO] [evolutionary_search.cc:730] Sending 0 candidates(s) for measurement
